[2022-12-14T10:40:34.676+0000] {taskinstance.py:1087} INFO - Dependencies all met for <TaskInstance: bus_pos_etl.etl_bus_loc scheduled__2022-12-13T00:00:00+00:00 [queued]>
[2022-12-14T10:40:34.693+0000] {taskinstance.py:1087} INFO - Dependencies all met for <TaskInstance: bus_pos_etl.etl_bus_loc scheduled__2022-12-13T00:00:00+00:00 [queued]>
[2022-12-14T10:40:34.694+0000] {taskinstance.py:1283} INFO - 
--------------------------------------------------------------------------------
[2022-12-14T10:40:34.694+0000] {taskinstance.py:1284} INFO - Starting attempt 1 of 1
[2022-12-14T10:40:34.694+0000] {taskinstance.py:1285} INFO - 
--------------------------------------------------------------------------------
[2022-12-14T10:40:34.716+0000] {taskinstance.py:1304} INFO - Executing <Task(BashOperator): etl_bus_loc> on 2022-12-13 00:00:00+00:00
[2022-12-14T10:40:34.729+0000] {standard_task_runner.py:55} INFO - Started process 307 to run task
[2022-12-14T10:40:34.745+0000] {standard_task_runner.py:82} INFO - Running: ['***', 'tasks', 'run', 'bus_pos_etl', 'etl_bus_loc', 'scheduled__2022-12-13T00:00:00+00:00', '--job-id', '50', '--raw', '--subdir', 'DAGS_FOLDER/dag_etl_bus_loc.py', '--cfg-path', '/tmp/tmpt3d8_6t0']
[2022-12-14T10:40:34.765+0000] {standard_task_runner.py:83} INFO - Job 50: Subtask etl_bus_loc
[2022-12-14T10:40:34.947+0000] {task_command.py:389} INFO - Running <TaskInstance: bus_pos_etl.etl_bus_loc scheduled__2022-12-13T00:00:00+00:00 [running]> on host 1f859f359fd5
[2022-12-14T10:40:35.136+0000] {taskinstance.py:1513} INFO - Exporting the following env vars:
AIRFLOW_CTX_DAG_OWNER=noe
AIRFLOW_CTX_DAG_ID=bus_pos_etl
AIRFLOW_CTX_TASK_ID=etl_bus_loc
AIRFLOW_CTX_EXECUTION_DATE=2022-12-13T00:00:00+00:00
AIRFLOW_CTX_TRY_NUMBER=1
AIRFLOW_CTX_DAG_RUN_ID=scheduled__2022-12-13T00:00:00+00:00
[2022-12-14T10:40:35.139+0000] {subprocess.py:63} INFO - Tmp dir root location: 
 /tmp
[2022-12-14T10:40:35.142+0000] {subprocess.py:75} INFO - Running command: ['/bin/bash', '-c', 'python /opt/***/dags/etl/etl.py']
[2022-12-14T10:40:35.204+0000] {subprocess.py:86} INFO - Output:
[2022-12-14T10:40:40.064+0000] {subprocess.py:93} INFO - bus_pos.csv création du blob en cours
[2022-12-14T10:40:40.065+0000] {subprocess.py:93} INFO - blob créé
[2022-12-14T10:40:40.065+0000] {subprocess.py:93} INFO - upload du csv vers le blob en cours
[2022-12-14T10:40:40.239+0000] {subprocess.py:97} INFO - Command exited with return code 0
[2022-12-14T10:40:40.277+0000] {taskinstance.py:1327} INFO - Marking task as SUCCESS. dag_id=bus_pos_etl, task_id=etl_bus_loc, execution_date=20221213T000000, start_date=20221214T104034, end_date=20221214T104040
[2022-12-14T10:40:40.535+0000] {local_task_job.py:159} INFO - Task exited with return code 0
[2022-12-14T10:40:40.563+0000] {taskinstance.py:2582} INFO - 1 downstream tasks scheduled from follow-on schedule check
