[2022-12-15T08:59:48.207+0000] {taskinstance.py:1087} INFO - Dependencies all met for <TaskInstance: train_pred_etl.etl_train_pred scheduled__2022-12-14T00:00:00+00:00 [queued]>
[2022-12-15T08:59:48.241+0000] {taskinstance.py:1087} INFO - Dependencies all met for <TaskInstance: train_pred_etl.etl_train_pred scheduled__2022-12-14T00:00:00+00:00 [queued]>
[2022-12-15T08:59:48.242+0000] {taskinstance.py:1283} INFO - 
--------------------------------------------------------------------------------
[2022-12-15T08:59:48.242+0000] {taskinstance.py:1284} INFO - Starting attempt 1 of 1
[2022-12-15T08:59:48.242+0000] {taskinstance.py:1285} INFO - 
--------------------------------------------------------------------------------
[2022-12-15T08:59:48.312+0000] {taskinstance.py:1304} INFO - Executing <Task(BashOperator): etl_train_pred> on 2022-12-14 00:00:00+00:00
[2022-12-15T08:59:48.367+0000] {standard_task_runner.py:55} INFO - Started process 12378 to run task
[2022-12-15T08:59:48.378+0000] {standard_task_runner.py:82} INFO - Running: ['***', 'tasks', 'run', 'train_pred_etl', 'etl_train_pred', 'scheduled__2022-12-14T00:00:00+00:00', '--job-id', '93', '--raw', '--subdir', 'DAGS_FOLDER/dag_etl_train_pred.py', '--cfg-path', '/tmp/tmpdjlkrwp_']
[2022-12-15T08:59:48.381+0000] {standard_task_runner.py:83} INFO - Job 93: Subtask etl_train_pred
[2022-12-15T08:59:48.999+0000] {task_command.py:389} INFO - Running <TaskInstance: train_pred_etl.etl_train_pred scheduled__2022-12-14T00:00:00+00:00 [running]> on host 1f859f359fd5
[2022-12-15T08:59:49.411+0000] {taskinstance.py:1513} INFO - Exporting the following env vars:
AIRFLOW_CTX_DAG_OWNER=noe
AIRFLOW_CTX_DAG_ID=train_pred_etl
AIRFLOW_CTX_TASK_ID=etl_train_pred
AIRFLOW_CTX_EXECUTION_DATE=2022-12-14T00:00:00+00:00
AIRFLOW_CTX_TRY_NUMBER=1
AIRFLOW_CTX_DAG_RUN_ID=scheduled__2022-12-14T00:00:00+00:00
[2022-12-15T08:59:49.439+0000] {subprocess.py:63} INFO - Tmp dir root location: 
 /tmp
[2022-12-15T08:59:49.455+0000] {subprocess.py:75} INFO - Running command: ['/bin/bash', '-c', 'python /opt/***/dags/etl/etl_train_pred.py']
[2022-12-15T08:59:49.522+0000] {subprocess.py:86} INFO - Output:
[2022-12-15T08:59:57.370+0000] {subprocess.py:93} INFO - train_pred.csv création du blob en cours
[2022-12-15T08:59:57.396+0000] {subprocess.py:93} INFO - blob créé
[2022-12-15T08:59:57.397+0000] {subprocess.py:93} INFO - upload du csv vers le blob en cours
[2022-12-15T08:59:59.866+0000] {subprocess.py:97} INFO - Command exited with return code 0
[2022-12-15T09:00:00.883+0000] {taskinstance.py:1327} INFO - Marking task as SUCCESS. dag_id=train_pred_etl, task_id=etl_train_pred, execution_date=20221214T000000, start_date=20221215T085948, end_date=20221215T090000
[2022-12-15T09:00:01.115+0000] {local_task_job.py:159} INFO - Task exited with return code 0
[2022-12-15T09:00:01.292+0000] {taskinstance.py:2582} INFO - 1 downstream tasks scheduled from follow-on schedule check
