[2022-12-14T12:03:36.216+0000] {taskinstance.py:1087} INFO - Dependencies all met for <TaskInstance: train_pred_etl.load_to_bq manual__2022-12-14T12:03:21.057047+00:00 [queued]>
[2022-12-14T12:03:36.230+0000] {taskinstance.py:1087} INFO - Dependencies all met for <TaskInstance: train_pred_etl.load_to_bq manual__2022-12-14T12:03:21.057047+00:00 [queued]>
[2022-12-14T12:03:36.230+0000] {taskinstance.py:1283} INFO - 
--------------------------------------------------------------------------------
[2022-12-14T12:03:36.230+0000] {taskinstance.py:1284} INFO - Starting attempt 1 of 1
[2022-12-14T12:03:36.230+0000] {taskinstance.py:1285} INFO - 
--------------------------------------------------------------------------------
[2022-12-14T12:03:36.248+0000] {taskinstance.py:1304} INFO - Executing <Task(GCSToBigQueryOperator): load_to_bq> on 2022-12-14 12:03:21.057047+00:00
[2022-12-14T12:03:36.261+0000] {standard_task_runner.py:55} INFO - Started process 6719 to run task
[2022-12-14T12:03:36.264+0000] {standard_task_runner.py:82} INFO - Running: ['***', 'tasks', 'run', 'train_pred_etl', 'load_to_bq', 'manual__2022-12-14T12:03:21.057047+00:00', '--job-id', '64', '--raw', '--subdir', 'DAGS_FOLDER/dag_etl_train_pred.py', '--cfg-path', '/tmp/tmp0bior1jj']
[2022-12-14T12:03:36.266+0000] {standard_task_runner.py:83} INFO - Job 64: Subtask load_to_bq
[2022-12-14T12:03:36.346+0000] {task_command.py:389} INFO - Running <TaskInstance: train_pred_etl.load_to_bq manual__2022-12-14T12:03:21.057047+00:00 [running]> on host 1f859f359fd5
[2022-12-14T12:03:36.434+0000] {taskinstance.py:1513} INFO - Exporting the following env vars:
AIRFLOW_CTX_DAG_OWNER=noe
AIRFLOW_CTX_DAG_ID=train_pred_etl
AIRFLOW_CTX_TASK_ID=load_to_bq
AIRFLOW_CTX_EXECUTION_DATE=2022-12-14T12:03:21.057047+00:00
AIRFLOW_CTX_TRY_NUMBER=1
AIRFLOW_CTX_DAG_RUN_ID=manual__2022-12-14T12:03:21.057047+00:00
[2022-12-14T12:03:36.448+0000] {base.py:73} INFO - Using connection ID 'google_cloud_default' for task execution.
[2022-12-14T12:03:36.461+0000] {base.py:73} INFO - Using connection ID 'google_cloud_default' for task execution.
[2022-12-14T12:03:36.462+0000] {gcs_to_bigquery.py:367} INFO - Using existing BigQuery table for storing data...
[2022-12-14T12:03:36.475+0000] {base.py:73} INFO - Using connection ID 'google_cloud_default' for task execution.
[2022-12-14T12:03:37.643+0000] {gcs_to_bigquery.py:397} INFO - Executing: {'load': {'autodetect': True, 'createDisposition': 'CREATE_IF_NEEDED', 'destinationTable': {'projectId': 'midyear-cursor-371415', 'datasetId': 'train_dataset', 'tableId': 'staging__train_pred'}, 'destinationTableProperties': {'description': None, 'labels': None}, 'sourceFormat': 'CSV', 'skipLeadingRows': 1, 'sourceUris': ['gs://etl-***-train-pred-bucket/train_pred.csv'], 'writeDisposition': 'WRITE_TRUNCATE', 'ignoreUnknownValues': False, 'allowQuotedNewlines': False, 'encoding': 'UTF-8'}}
[2022-12-14T12:03:37.643+0000] {bigquery.py:1539} INFO - Inserting job ***_train_pred_etl_load_to_bq_2022_12_14T12_03_21_057047_00_00_e278cb28b2e02fb8990c0e2468d4812b
[2022-12-14T12:03:43.604+0000] {base.py:73} INFO - Using connection ID 'google_cloud_default' for task execution.
[2022-12-14T12:03:43.723+0000] {taskinstance.py:1327} INFO - Marking task as SUCCESS. dag_id=train_pred_etl, task_id=load_to_bq, execution_date=20221214T120321, start_date=20221214T120336, end_date=20221214T120343
[2022-12-14T12:03:43.751+0000] {local_task_job.py:159} INFO - Task exited with return code 0
[2022-12-14T12:03:43.777+0000] {taskinstance.py:2582} INFO - 0 downstream tasks scheduled from follow-on schedule check
