[2022-12-13T16:31:34.306+0000] {taskinstance.py:1087} INFO - Dependencies all met for <TaskInstance: bus_pos_etl.etl_bus_loc manual__2022-12-13T16:31:30.700268+00:00 [queued]>
[2022-12-13T16:31:34.321+0000] {taskinstance.py:1087} INFO - Dependencies all met for <TaskInstance: bus_pos_etl.etl_bus_loc manual__2022-12-13T16:31:30.700268+00:00 [queued]>
[2022-12-13T16:31:34.322+0000] {taskinstance.py:1283} INFO - 
--------------------------------------------------------------------------------
[2022-12-13T16:31:34.322+0000] {taskinstance.py:1284} INFO - Starting attempt 1 of 1
[2022-12-13T16:31:34.322+0000] {taskinstance.py:1285} INFO - 
--------------------------------------------------------------------------------
[2022-12-13T16:31:34.338+0000] {taskinstance.py:1304} INFO - Executing <Task(BashOperator): etl_bus_loc> on 2022-12-13 16:31:30.700268+00:00
[2022-12-13T16:31:34.345+0000] {standard_task_runner.py:55} INFO - Started process 1070 to run task
[2022-12-13T16:31:34.366+0000] {standard_task_runner.py:82} INFO - Running: ['***', 'tasks', 'run', 'bus_pos_etl', 'etl_bus_loc', 'manual__2022-12-13T16:31:30.700268+00:00', '--job-id', '18', '--raw', '--subdir', 'DAGS_FOLDER/test_noe_bash.py', '--cfg-path', '/tmp/tmp098ou4bh']
[2022-12-13T16:31:34.377+0000] {standard_task_runner.py:83} INFO - Job 18: Subtask etl_bus_loc
[2022-12-13T16:31:34.692+0000] {task_command.py:389} INFO - Running <TaskInstance: bus_pos_etl.etl_bus_loc manual__2022-12-13T16:31:30.700268+00:00 [running]> on host ff6f332d28b5
[2022-12-13T16:31:34.830+0000] {taskinstance.py:1513} INFO - Exporting the following env vars:
AIRFLOW_CTX_DAG_OWNER=noe
AIRFLOW_CTX_DAG_ID=bus_pos_etl
AIRFLOW_CTX_TASK_ID=etl_bus_loc
AIRFLOW_CTX_EXECUTION_DATE=2022-12-13T16:31:30.700268+00:00
AIRFLOW_CTX_TRY_NUMBER=1
AIRFLOW_CTX_DAG_RUN_ID=manual__2022-12-13T16:31:30.700268+00:00
[2022-12-13T16:31:34.833+0000] {subprocess.py:63} INFO - Tmp dir root location: 
 /tmp
[2022-12-13T16:31:34.833+0000] {subprocess.py:75} INFO - Running command: ['/bin/bash', '-c', 'python /opt/***/dags/etl/etl.py']
[2022-12-13T16:31:34.849+0000] {subprocess.py:86} INFO - Output:
[2022-12-13T16:31:37.926+0000] {subprocess.py:93} INFO - bus_pos.csv création du blob en cours
[2022-12-13T16:31:37.927+0000] {subprocess.py:93} INFO - blob créé
[2022-12-13T16:31:37.927+0000] {subprocess.py:93} INFO - upload du csv vers le blob en cours
[2022-12-13T16:31:38.087+0000] {subprocess.py:97} INFO - Command exited with return code 0
[2022-12-13T16:31:38.118+0000] {taskinstance.py:1327} INFO - Marking task as SUCCESS. dag_id=bus_pos_etl, task_id=etl_bus_loc, execution_date=20221213T163130, start_date=20221213T163134, end_date=20221213T163138
[2022-12-13T16:31:38.145+0000] {local_task_job.py:159} INFO - Task exited with return code 0
[2022-12-13T16:31:38.173+0000] {taskinstance.py:2582} INFO - 1 downstream tasks scheduled from follow-on schedule check
