[2022-12-14T10:59:02.383+0000] {taskinstance.py:1087} INFO - Dependencies all met for <TaskInstance: bus_pos_etl.etl_bus_loc manual__2022-12-14T10:58:55.727364+00:00 [queued]>
[2022-12-14T10:59:02.404+0000] {taskinstance.py:1087} INFO - Dependencies all met for <TaskInstance: bus_pos_etl.etl_bus_loc manual__2022-12-14T10:58:55.727364+00:00 [queued]>
[2022-12-14T10:59:02.405+0000] {taskinstance.py:1283} INFO - 
--------------------------------------------------------------------------------
[2022-12-14T10:59:02.405+0000] {taskinstance.py:1284} INFO - Starting attempt 1 of 1
[2022-12-14T10:59:02.405+0000] {taskinstance.py:1285} INFO - 
--------------------------------------------------------------------------------
[2022-12-14T10:59:02.433+0000] {taskinstance.py:1304} INFO - Executing <Task(BashOperator): etl_bus_loc> on 2022-12-14 10:58:55.727364+00:00
[2022-12-14T10:59:02.466+0000] {standard_task_runner.py:55} INFO - Started process 8624 to run task
[2022-12-14T10:59:02.539+0000] {standard_task_runner.py:82} INFO - Running: ['***', 'tasks', 'run', 'bus_pos_etl', 'etl_bus_loc', 'manual__2022-12-14T10:58:55.727364+00:00', '--job-id', '52', '--raw', '--subdir', 'DAGS_FOLDER/dag_etl_bus_loc.py', '--cfg-path', '/tmp/tmpzfzr03_f']
[2022-12-14T10:59:02.559+0000] {standard_task_runner.py:83} INFO - Job 52: Subtask etl_bus_loc
[2022-12-14T10:59:03.159+0000] {task_command.py:389} INFO - Running <TaskInstance: bus_pos_etl.etl_bus_loc manual__2022-12-14T10:58:55.727364+00:00 [running]> on host 1f859f359fd5
[2022-12-14T10:59:03.757+0000] {taskinstance.py:1513} INFO - Exporting the following env vars:
AIRFLOW_CTX_DAG_OWNER=noe
AIRFLOW_CTX_DAG_ID=bus_pos_etl
AIRFLOW_CTX_TASK_ID=etl_bus_loc
AIRFLOW_CTX_EXECUTION_DATE=2022-12-14T10:58:55.727364+00:00
AIRFLOW_CTX_TRY_NUMBER=1
AIRFLOW_CTX_DAG_RUN_ID=manual__2022-12-14T10:58:55.727364+00:00
[2022-12-14T10:59:03.784+0000] {subprocess.py:63} INFO - Tmp dir root location: 
 /tmp
[2022-12-14T10:59:03.793+0000] {subprocess.py:75} INFO - Running command: ['/bin/bash', '-c', 'python /opt/***/dags/etl/etl.py']
[2022-12-14T10:59:03.850+0000] {subprocess.py:86} INFO - Output:
[2022-12-14T10:59:10.838+0000] {subprocess.py:93} INFO - bus_pos.csv création du blob en cours
[2022-12-14T10:59:10.840+0000] {subprocess.py:93} INFO - blob créé
[2022-12-14T10:59:10.840+0000] {subprocess.py:93} INFO - upload du csv vers le blob en cours
[2022-12-14T10:59:11.036+0000] {subprocess.py:97} INFO - Command exited with return code 0
[2022-12-14T10:59:11.098+0000] {taskinstance.py:1327} INFO - Marking task as SUCCESS. dag_id=bus_pos_etl, task_id=etl_bus_loc, execution_date=20221214T105855, start_date=20221214T105902, end_date=20221214T105911
[2022-12-14T10:59:11.142+0000] {local_task_job.py:159} INFO - Task exited with return code 0
[2022-12-14T10:59:11.171+0000] {taskinstance.py:2582} INFO - 1 downstream tasks scheduled from follow-on schedule check
