[2022-12-13T17:15:32.352+0000] {taskinstance.py:1087} INFO - Dependencies all met for <TaskInstance: incident_etl.load_to_bq manual__2022-12-13T17:15:25.119326+00:00 [queued]>
[2022-12-13T17:15:32.363+0000] {taskinstance.py:1087} INFO - Dependencies all met for <TaskInstance: incident_etl.load_to_bq manual__2022-12-13T17:15:25.119326+00:00 [queued]>
[2022-12-13T17:15:32.363+0000] {taskinstance.py:1283} INFO - 
--------------------------------------------------------------------------------
[2022-12-13T17:15:32.363+0000] {taskinstance.py:1284} INFO - Starting attempt 1 of 1
[2022-12-13T17:15:32.363+0000] {taskinstance.py:1285} INFO - 
--------------------------------------------------------------------------------
[2022-12-13T17:15:32.379+0000] {taskinstance.py:1304} INFO - Executing <Task(GCSToBigQueryOperator): load_to_bq> on 2022-12-13 17:15:25.119326+00:00
[2022-12-13T17:15:32.389+0000] {standard_task_runner.py:55} INFO - Started process 3295 to run task
[2022-12-13T17:15:32.392+0000] {standard_task_runner.py:82} INFO - Running: ['***', 'tasks', 'run', 'incident_etl', 'load_to_bq', 'manual__2022-12-13T17:15:25.119326+00:00', '--job-id', '46', '--raw', '--subdir', 'DAGS_FOLDER/dag_etl_incident.py', '--cfg-path', '/tmp/tmpr3saxic7']
[2022-12-13T17:15:32.394+0000] {standard_task_runner.py:83} INFO - Job 46: Subtask load_to_bq
[2022-12-13T17:15:32.468+0000] {task_command.py:389} INFO - Running <TaskInstance: incident_etl.load_to_bq manual__2022-12-13T17:15:25.119326+00:00 [running]> on host ff6f332d28b5
[2022-12-13T17:15:32.553+0000] {taskinstance.py:1513} INFO - Exporting the following env vars:
AIRFLOW_CTX_DAG_OWNER=noe
AIRFLOW_CTX_DAG_ID=incident_etl
AIRFLOW_CTX_TASK_ID=load_to_bq
AIRFLOW_CTX_EXECUTION_DATE=2022-12-13T17:15:25.119326+00:00
AIRFLOW_CTX_TRY_NUMBER=1
AIRFLOW_CTX_DAG_RUN_ID=manual__2022-12-13T17:15:25.119326+00:00
[2022-12-13T17:15:32.564+0000] {base.py:73} INFO - Using connection ID 'google_cloud_default' for task execution.
[2022-12-13T17:15:32.575+0000] {base.py:73} INFO - Using connection ID 'google_cloud_default' for task execution.
[2022-12-13T17:15:32.576+0000] {gcs_to_bigquery.py:367} INFO - Using existing BigQuery table for storing data...
[2022-12-13T17:15:32.587+0000] {base.py:73} INFO - Using connection ID 'google_cloud_default' for task execution.
[2022-12-13T17:15:32.831+0000] {gcs_to_bigquery.py:397} INFO - Executing: {'load': {'autodetect': True, 'createDisposition': 'CREATE_IF_NEEDED', 'destinationTable': {'projectId': 'midyear-cursor-371415', 'datasetId': 'bus_dataset', 'tableId': 'staging__incident'}, 'destinationTableProperties': {'description': None, 'labels': None}, 'sourceFormat': 'CSV', 'skipLeadingRows': 1, 'sourceUris': ['gs://etl-***-incident-bucket/bus_incident.csv'], 'writeDisposition': 'WRITE_APPEND', 'ignoreUnknownValues': False, 'allowQuotedNewlines': False, 'encoding': 'UTF-8'}}
[2022-12-13T17:15:32.833+0000] {bigquery.py:1539} INFO - Inserting job ***_incident_etl_load_to_bq_2022_12_13T17_15_25_119326_00_00_e814cb24cdd07272977b1dd1dab29c37
[2022-12-13T17:15:37.380+0000] {base.py:73} INFO - Using connection ID 'google_cloud_default' for task execution.
[2022-12-13T17:15:37.392+0000] {taskinstance.py:1327} INFO - Marking task as SUCCESS. dag_id=incident_etl, task_id=load_to_bq, execution_date=20221213T171525, start_date=20221213T171532, end_date=20221213T171537
[2022-12-13T17:15:37.440+0000] {local_task_job.py:159} INFO - Task exited with return code 0
[2022-12-13T17:15:37.458+0000] {taskinstance.py:2582} INFO - 0 downstream tasks scheduled from follow-on schedule check
