[2022-12-13T16:39:44.706+0000] {taskinstance.py:1087} INFO - Dependencies all met for <TaskInstance: bus_pos_etl.load_to_bq manual__2022-12-13T16:39:36.499207+00:00 [queued]>
[2022-12-13T16:39:44.716+0000] {taskinstance.py:1087} INFO - Dependencies all met for <TaskInstance: bus_pos_etl.load_to_bq manual__2022-12-13T16:39:36.499207+00:00 [queued]>
[2022-12-13T16:39:44.716+0000] {taskinstance.py:1283} INFO - 
--------------------------------------------------------------------------------
[2022-12-13T16:39:44.717+0000] {taskinstance.py:1284} INFO - Starting attempt 1 of 1
[2022-12-13T16:39:44.717+0000] {taskinstance.py:1285} INFO - 
--------------------------------------------------------------------------------
[2022-12-13T16:39:44.732+0000] {taskinstance.py:1304} INFO - Executing <Task(GCSToBigQueryOperator): load_to_bq> on 2022-12-13 16:39:36.499207+00:00
[2022-12-13T16:39:44.739+0000] {standard_task_runner.py:55} INFO - Started process 1488 to run task
[2022-12-13T16:39:44.742+0000] {standard_task_runner.py:82} INFO - Running: ['***', 'tasks', 'run', 'bus_pos_etl', 'load_to_bq', 'manual__2022-12-13T16:39:36.499207+00:00', '--job-id', '23', '--raw', '--subdir', 'DAGS_FOLDER/test_noe_bash.py', '--cfg-path', '/tmp/tmpw122_en6']
[2022-12-13T16:39:44.744+0000] {standard_task_runner.py:83} INFO - Job 23: Subtask load_to_bq
[2022-12-13T16:39:44.805+0000] {task_command.py:389} INFO - Running <TaskInstance: bus_pos_etl.load_to_bq manual__2022-12-13T16:39:36.499207+00:00 [running]> on host ff6f332d28b5
[2022-12-13T16:39:44.884+0000] {taskinstance.py:1513} INFO - Exporting the following env vars:
AIRFLOW_CTX_DAG_OWNER=noe
AIRFLOW_CTX_DAG_ID=bus_pos_etl
AIRFLOW_CTX_TASK_ID=load_to_bq
AIRFLOW_CTX_EXECUTION_DATE=2022-12-13T16:39:36.499207+00:00
AIRFLOW_CTX_TRY_NUMBER=1
AIRFLOW_CTX_DAG_RUN_ID=manual__2022-12-13T16:39:36.499207+00:00
[2022-12-13T16:39:44.894+0000] {base.py:73} INFO - Using connection ID 'google_cloud_default' for task execution.
[2022-12-13T16:39:44.906+0000] {base.py:73} INFO - Using connection ID 'google_cloud_default' for task execution.
[2022-12-13T16:39:44.907+0000] {gcs_to_bigquery.py:367} INFO - Using existing BigQuery table for storing data...
[2022-12-13T16:39:44.922+0000] {base.py:73} INFO - Using connection ID 'google_cloud_default' for task execution.
[2022-12-13T16:39:45.276+0000] {gcs_to_bigquery.py:397} INFO - Executing: {'load': {'autodetect': True, 'createDisposition': 'CREATE_IF_NEEDED', 'destinationTable': {'projectId': 'midyear-cursor-371415', 'datasetId': 'bus_dataset', 'tableId': 'bus_loc'}, 'destinationTableProperties': {'description': None, 'labels': None}, 'sourceFormat': 'CSV', 'skipLeadingRows': 1, 'sourceUris': ['gs://etl-***-bus-bucket/bus_pos.csv'], 'writeDisposition': 'WRITE_EMPTY', 'ignoreUnknownValues': False, 'allowQuotedNewlines': False, 'encoding': 'UTF-8'}}
[2022-12-13T16:39:45.276+0000] {bigquery.py:1539} INFO - Inserting job ***_bus_pos_etl_load_to_bq_2022_12_13T16_39_36_499207_00_00_582ed1c25be613006dcce7fe2c4b692b
[2022-12-13T16:39:50.656+0000] {base.py:73} INFO - Using connection ID 'google_cloud_default' for task execution.
[2022-12-13T16:39:50.670+0000] {taskinstance.py:1327} INFO - Marking task as SUCCESS. dag_id=bus_pos_etl, task_id=load_to_bq, execution_date=20221213T163936, start_date=20221213T163944, end_date=20221213T163950
[2022-12-13T16:39:50.705+0000] {local_task_job.py:159} INFO - Task exited with return code 0
[2022-12-13T16:39:50.725+0000] {taskinstance.py:2582} INFO - 0 downstream tasks scheduled from follow-on schedule check
