[2022-12-14T14:38:10.347+0000] {taskinstance.py:1087} INFO - Dependencies all met for <TaskInstance: incident_etl.load_to_bq manual__2022-12-14T14:37:55.629224+00:00 [queued]>
[2022-12-14T14:38:10.360+0000] {taskinstance.py:1087} INFO - Dependencies all met for <TaskInstance: incident_etl.load_to_bq manual__2022-12-14T14:37:55.629224+00:00 [queued]>
[2022-12-14T14:38:10.361+0000] {taskinstance.py:1283} INFO - 
--------------------------------------------------------------------------------
[2022-12-14T14:38:10.361+0000] {taskinstance.py:1284} INFO - Starting attempt 1 of 1
[2022-12-14T14:38:10.361+0000] {taskinstance.py:1285} INFO - 
--------------------------------------------------------------------------------
[2022-12-14T14:38:10.380+0000] {taskinstance.py:1304} INFO - Executing <Task(GCSToBigQueryOperator): load_to_bq> on 2022-12-14 14:37:55.629224+00:00
[2022-12-14T14:38:10.397+0000] {standard_task_runner.py:55} INFO - Started process 12844 to run task
[2022-12-14T14:38:10.402+0000] {standard_task_runner.py:82} INFO - Running: ['***', 'tasks', 'run', 'incident_etl', 'load_to_bq', 'manual__2022-12-14T14:37:55.629224+00:00', '--job-id', '68', '--raw', '--subdir', 'DAGS_FOLDER/dag_etl_incident.py', '--cfg-path', '/tmp/tmphc3lmtl3']
[2022-12-14T14:38:10.405+0000] {standard_task_runner.py:83} INFO - Job 68: Subtask load_to_bq
[2022-12-14T14:38:10.484+0000] {task_command.py:389} INFO - Running <TaskInstance: incident_etl.load_to_bq manual__2022-12-14T14:37:55.629224+00:00 [running]> on host 1f859f359fd5
[2022-12-14T14:38:10.568+0000] {taskinstance.py:1513} INFO - Exporting the following env vars:
AIRFLOW_CTX_DAG_OWNER=noe
AIRFLOW_CTX_DAG_ID=incident_etl
AIRFLOW_CTX_TASK_ID=load_to_bq
AIRFLOW_CTX_EXECUTION_DATE=2022-12-14T14:37:55.629224+00:00
AIRFLOW_CTX_TRY_NUMBER=1
AIRFLOW_CTX_DAG_RUN_ID=manual__2022-12-14T14:37:55.629224+00:00
[2022-12-14T14:38:10.583+0000] {base.py:73} INFO - Using connection ID 'google_cloud_default' for task execution.
[2022-12-14T14:38:10.596+0000] {base.py:73} INFO - Using connection ID 'google_cloud_default' for task execution.
[2022-12-14T14:38:10.597+0000] {gcs_to_bigquery.py:367} INFO - Using existing BigQuery table for storing data...
[2022-12-14T14:38:10.612+0000] {base.py:73} INFO - Using connection ID 'google_cloud_default' for task execution.
[2022-12-14T14:38:11.932+0000] {gcs_to_bigquery.py:397} INFO - Executing: {'load': {'autodetect': True, 'createDisposition': 'CREATE_IF_NEEDED', 'destinationTable': {'projectId': 'midyear-cursor-371415', 'datasetId': 'bus_dataset', 'tableId': 'staging__incident'}, 'destinationTableProperties': {'description': None, 'labels': None}, 'sourceFormat': 'CSV', 'skipLeadingRows': 1, 'sourceUris': ['gs://etl-***-incident-bucket/bus_incident.csv'], 'writeDisposition': 'WRITE_TRUNCATE', 'ignoreUnknownValues': False, 'allowQuotedNewlines': False, 'encoding': 'UTF-8'}}
[2022-12-14T14:38:11.936+0000] {bigquery.py:1539} INFO - Inserting job ***_incident_etl_load_to_bq_2022_12_14T14_37_55_629224_00_00_6857f00c1402df94059fa432462076d8
[2022-12-14T14:38:17.808+0000] {base.py:73} INFO - Using connection ID 'google_cloud_default' for task execution.
[2022-12-14T14:38:17.822+0000] {taskinstance.py:1327} INFO - Marking task as SUCCESS. dag_id=incident_etl, task_id=load_to_bq, execution_date=20221214T143755, start_date=20221214T143810, end_date=20221214T143817
[2022-12-14T14:38:18.630+0000] {local_task_job.py:159} INFO - Task exited with return code 0
[2022-12-14T14:38:18.688+0000] {taskinstance.py:2582} INFO - 0 downstream tasks scheduled from follow-on schedule check
