[2022-12-14T12:03:31.913+0000] {taskinstance.py:1087} INFO - Dependencies all met for <TaskInstance: train_pos_etl.load_to_bq manual__2022-12-14T12:03:13.973359+00:00 [queued]>
[2022-12-14T12:03:31.938+0000] {taskinstance.py:1087} INFO - Dependencies all met for <TaskInstance: train_pos_etl.load_to_bq manual__2022-12-14T12:03:13.973359+00:00 [queued]>
[2022-12-14T12:03:31.938+0000] {taskinstance.py:1283} INFO - 
--------------------------------------------------------------------------------
[2022-12-14T12:03:31.939+0000] {taskinstance.py:1284} INFO - Starting attempt 1 of 1
[2022-12-14T12:03:31.939+0000] {taskinstance.py:1285} INFO - 
--------------------------------------------------------------------------------
[2022-12-14T12:03:31.964+0000] {taskinstance.py:1304} INFO - Executing <Task(GCSToBigQueryOperator): load_to_bq> on 2022-12-14 12:03:13.973359+00:00
[2022-12-14T12:03:32.017+0000] {standard_task_runner.py:55} INFO - Started process 6604 to run task
[2022-12-14T12:03:32.071+0000] {standard_task_runner.py:82} INFO - Running: ['***', 'tasks', 'run', 'train_pos_etl', 'load_to_bq', 'manual__2022-12-14T12:03:13.973359+00:00', '--job-id', '63', '--raw', '--subdir', 'DAGS_FOLDER/dag_etl_train_pos.py', '--cfg-path', '/tmp/tmphnyqfovp']
[2022-12-14T12:03:32.076+0000] {standard_task_runner.py:83} INFO - Job 63: Subtask load_to_bq
[2022-12-14T12:03:32.189+0000] {task_command.py:389} INFO - Running <TaskInstance: train_pos_etl.load_to_bq manual__2022-12-14T12:03:13.973359+00:00 [running]> on host 1f859f359fd5
[2022-12-14T12:03:32.298+0000] {taskinstance.py:1513} INFO - Exporting the following env vars:
AIRFLOW_CTX_DAG_OWNER=noe
AIRFLOW_CTX_DAG_ID=train_pos_etl
AIRFLOW_CTX_TASK_ID=load_to_bq
AIRFLOW_CTX_EXECUTION_DATE=2022-12-14T12:03:13.973359+00:00
AIRFLOW_CTX_TRY_NUMBER=1
AIRFLOW_CTX_DAG_RUN_ID=manual__2022-12-14T12:03:13.973359+00:00
[2022-12-14T12:03:32.314+0000] {base.py:73} INFO - Using connection ID 'google_cloud_default' for task execution.
[2022-12-14T12:03:32.329+0000] {base.py:73} INFO - Using connection ID 'google_cloud_default' for task execution.
[2022-12-14T12:03:32.330+0000] {gcs_to_bigquery.py:367} INFO - Using existing BigQuery table for storing data...
[2022-12-14T12:03:32.352+0000] {base.py:73} INFO - Using connection ID 'google_cloud_default' for task execution.
[2022-12-14T12:03:34.482+0000] {gcs_to_bigquery.py:397} INFO - Executing: {'load': {'autodetect': True, 'createDisposition': 'CREATE_IF_NEEDED', 'destinationTable': {'projectId': 'midyear-cursor-371415', 'datasetId': 'train_dataset', 'tableId': 'staging__train_pos'}, 'destinationTableProperties': {'description': None, 'labels': None}, 'sourceFormat': 'CSV', 'skipLeadingRows': 1, 'sourceUris': ['gs://etl-***-train-pos-bucket/train_pos.csv'], 'writeDisposition': 'WRITE_APPEND', 'ignoreUnknownValues': False, 'allowQuotedNewlines': False, 'encoding': 'UTF-8'}}
[2022-12-14T12:03:34.483+0000] {bigquery.py:1539} INFO - Inserting job ***_train_pos_etl_load_to_bq_2022_12_14T12_03_13_973359_00_00_3d26c3e896127a8078e0555c5bbb6428
[2022-12-14T12:03:41.864+0000] {base.py:73} INFO - Using connection ID 'google_cloud_default' for task execution.
[2022-12-14T12:03:41.878+0000] {taskinstance.py:1327} INFO - Marking task as SUCCESS. dag_id=train_pos_etl, task_id=load_to_bq, execution_date=20221214T120313, start_date=20221214T120331, end_date=20221214T120341
[2022-12-14T12:03:41.921+0000] {local_task_job.py:159} INFO - Task exited with return code 0
[2022-12-14T12:03:41.939+0000] {taskinstance.py:2582} INFO - 0 downstream tasks scheduled from follow-on schedule check
