[2022-12-14T14:38:10.396+0000] {taskinstance.py:1087} INFO - Dependencies all met for <TaskInstance: train_pred_etl.etl_train_pred manual__2022-12-14T14:38:07.384148+00:00 [queued]>
[2022-12-14T14:38:10.414+0000] {taskinstance.py:1087} INFO - Dependencies all met for <TaskInstance: train_pred_etl.etl_train_pred manual__2022-12-14T14:38:07.384148+00:00 [queued]>
[2022-12-14T14:38:10.414+0000] {taskinstance.py:1283} INFO - 
--------------------------------------------------------------------------------
[2022-12-14T14:38:10.414+0000] {taskinstance.py:1284} INFO - Starting attempt 1 of 1
[2022-12-14T14:38:10.414+0000] {taskinstance.py:1285} INFO - 
--------------------------------------------------------------------------------
[2022-12-14T14:38:10.435+0000] {taskinstance.py:1304} INFO - Executing <Task(BashOperator): etl_train_pred> on 2022-12-14 14:38:07.384148+00:00
[2022-12-14T14:38:10.447+0000] {standard_task_runner.py:55} INFO - Started process 12845 to run task
[2022-12-14T14:38:10.450+0000] {standard_task_runner.py:82} INFO - Running: ['***', 'tasks', 'run', 'train_pred_etl', 'etl_train_pred', 'manual__2022-12-14T14:38:07.384148+00:00', '--job-id', '69', '--raw', '--subdir', 'DAGS_FOLDER/dag_etl_train_pred.py', '--cfg-path', '/tmp/tmpprh7bvjj']
[2022-12-14T14:38:10.452+0000] {standard_task_runner.py:83} INFO - Job 69: Subtask etl_train_pred
[2022-12-14T14:38:10.523+0000] {task_command.py:389} INFO - Running <TaskInstance: train_pred_etl.etl_train_pred manual__2022-12-14T14:38:07.384148+00:00 [running]> on host 1f859f359fd5
[2022-12-14T14:38:10.604+0000] {taskinstance.py:1513} INFO - Exporting the following env vars:
AIRFLOW_CTX_DAG_OWNER=noe
AIRFLOW_CTX_DAG_ID=train_pred_etl
AIRFLOW_CTX_TASK_ID=etl_train_pred
AIRFLOW_CTX_EXECUTION_DATE=2022-12-14T14:38:07.384148+00:00
AIRFLOW_CTX_TRY_NUMBER=1
AIRFLOW_CTX_DAG_RUN_ID=manual__2022-12-14T14:38:07.384148+00:00
[2022-12-14T14:38:10.607+0000] {subprocess.py:63} INFO - Tmp dir root location: 
 /tmp
[2022-12-14T14:38:10.608+0000] {subprocess.py:75} INFO - Running command: ['/bin/bash', '-c', 'python /opt/***/dags/etl/etl_train_pred.py']
[2022-12-14T14:38:10.634+0000] {subprocess.py:86} INFO - Output:
[2022-12-14T14:38:14.764+0000] {subprocess.py:93} INFO - train_pred.csv création du blob en cours
[2022-12-14T14:38:14.766+0000] {subprocess.py:93} INFO - blob créé
[2022-12-14T14:38:14.767+0000] {subprocess.py:93} INFO - upload du csv vers le blob en cours
[2022-12-14T14:38:15.029+0000] {subprocess.py:97} INFO - Command exited with return code 0
[2022-12-14T14:38:15.065+0000] {taskinstance.py:1327} INFO - Marking task as SUCCESS. dag_id=train_pred_etl, task_id=etl_train_pred, execution_date=20221214T143807, start_date=20221214T143810, end_date=20221214T143815
[2022-12-14T14:38:15.586+0000] {local_task_job.py:159} INFO - Task exited with return code 0
[2022-12-14T14:38:15.616+0000] {taskinstance.py:2582} INFO - 1 downstream tasks scheduled from follow-on schedule check
