[2022-12-14T15:50:35.952+0000] {taskinstance.py:1087} INFO - Dependencies all met for <TaskInstance: bus_pos_etl.etl_bus_loc manual__2022-12-14T15:50:24.869386+00:00 [queued]>
[2022-12-14T15:50:35.964+0000] {taskinstance.py:1087} INFO - Dependencies all met for <TaskInstance: bus_pos_etl.etl_bus_loc manual__2022-12-14T15:50:24.869386+00:00 [queued]>
[2022-12-14T15:50:35.965+0000] {taskinstance.py:1283} INFO - 
--------------------------------------------------------------------------------
[2022-12-14T15:50:35.965+0000] {taskinstance.py:1284} INFO - Starting attempt 1 of 1
[2022-12-14T15:50:35.965+0000] {taskinstance.py:1285} INFO - 
--------------------------------------------------------------------------------
[2022-12-14T15:50:35.981+0000] {taskinstance.py:1304} INFO - Executing <Task(BashOperator): etl_bus_loc> on 2022-12-14 15:50:24.869386+00:00
[2022-12-14T15:50:35.993+0000] {standard_task_runner.py:55} INFO - Started process 12643 to run task
[2022-12-14T15:50:35.997+0000] {standard_task_runner.py:82} INFO - Running: ['***', 'tasks', 'run', 'bus_pos_etl', 'etl_bus_loc', 'manual__2022-12-14T15:50:24.869386+00:00', '--job-id', '83', '--raw', '--subdir', 'DAGS_FOLDER/dag_etl_bus_loc.py', '--cfg-path', '/tmp/tmpb42dycm8']
[2022-12-14T15:50:35.998+0000] {standard_task_runner.py:83} INFO - Job 83: Subtask etl_bus_loc
[2022-12-14T15:50:36.088+0000] {task_command.py:389} INFO - Running <TaskInstance: bus_pos_etl.etl_bus_loc manual__2022-12-14T15:50:24.869386+00:00 [running]> on host 1f859f359fd5
[2022-12-14T15:50:36.187+0000] {taskinstance.py:1513} INFO - Exporting the following env vars:
AIRFLOW_CTX_DAG_OWNER=noe
AIRFLOW_CTX_DAG_ID=bus_pos_etl
AIRFLOW_CTX_TASK_ID=etl_bus_loc
AIRFLOW_CTX_EXECUTION_DATE=2022-12-14T15:50:24.869386+00:00
AIRFLOW_CTX_TRY_NUMBER=1
AIRFLOW_CTX_DAG_RUN_ID=manual__2022-12-14T15:50:24.869386+00:00
[2022-12-14T15:50:36.191+0000] {subprocess.py:63} INFO - Tmp dir root location: 
 /tmp
[2022-12-14T15:50:36.192+0000] {subprocess.py:75} INFO - Running command: ['/bin/bash', '-c', 'python /opt/***/dags/etl/etl.py']
[2022-12-14T15:50:36.210+0000] {subprocess.py:86} INFO - Output:
[2022-12-14T15:50:48.808+0000] {subprocess.py:93} INFO - bus_pos.csv création du blob en cours
[2022-12-14T15:50:48.811+0000] {subprocess.py:93} INFO - blob créé
[2022-12-14T15:50:48.812+0000] {subprocess.py:93} INFO - upload du csv vers le blob en cours
[2022-12-14T15:50:49.257+0000] {subprocess.py:97} INFO - Command exited with return code 0
[2022-12-14T15:50:49.532+0000] {taskinstance.py:1327} INFO - Marking task as SUCCESS. dag_id=bus_pos_etl, task_id=etl_bus_loc, execution_date=20221214T155024, start_date=20221214T155035, end_date=20221214T155049
[2022-12-14T15:50:49.645+0000] {local_task_job.py:159} INFO - Task exited with return code 0
[2022-12-14T15:50:49.737+0000] {taskinstance.py:2582} INFO - 1 downstream tasks scheduled from follow-on schedule check
