[2022-12-13T17:07:35.126+0000] {taskinstance.py:1087} INFO - Dependencies all met for <TaskInstance: bus_pos_etl.load_to_bq manual__2022-12-13T17:07:27.553317+00:00 [queued]>
[2022-12-13T17:07:35.143+0000] {taskinstance.py:1087} INFO - Dependencies all met for <TaskInstance: bus_pos_etl.load_to_bq manual__2022-12-13T17:07:27.553317+00:00 [queued]>
[2022-12-13T17:07:35.143+0000] {taskinstance.py:1283} INFO - 
--------------------------------------------------------------------------------
[2022-12-13T17:07:35.143+0000] {taskinstance.py:1284} INFO - Starting attempt 1 of 1
[2022-12-13T17:07:35.144+0000] {taskinstance.py:1285} INFO - 
--------------------------------------------------------------------------------
[2022-12-13T17:07:35.162+0000] {taskinstance.py:1304} INFO - Executing <Task(GCSToBigQueryOperator): load_to_bq> on 2022-12-13 17:07:27.553317+00:00
[2022-12-13T17:07:35.172+0000] {standard_task_runner.py:55} INFO - Started process 2817 to run task
[2022-12-13T17:07:35.177+0000] {standard_task_runner.py:82} INFO - Running: ['***', 'tasks', 'run', 'bus_pos_etl', 'load_to_bq', 'manual__2022-12-13T17:07:27.553317+00:00', '--job-id', '35', '--raw', '--subdir', 'DAGS_FOLDER/dag_etl_bus_loc.py', '--cfg-path', '/tmp/tmpuz6j85dq']
[2022-12-13T17:07:35.178+0000] {standard_task_runner.py:83} INFO - Job 35: Subtask load_to_bq
[2022-12-13T17:07:35.276+0000] {task_command.py:389} INFO - Running <TaskInstance: bus_pos_etl.load_to_bq manual__2022-12-13T17:07:27.553317+00:00 [running]> on host ff6f332d28b5
[2022-12-13T17:07:35.401+0000] {taskinstance.py:1513} INFO - Exporting the following env vars:
AIRFLOW_CTX_DAG_OWNER=noe
AIRFLOW_CTX_DAG_ID=bus_pos_etl
AIRFLOW_CTX_TASK_ID=load_to_bq
AIRFLOW_CTX_EXECUTION_DATE=2022-12-13T17:07:27.553317+00:00
AIRFLOW_CTX_TRY_NUMBER=1
AIRFLOW_CTX_DAG_RUN_ID=manual__2022-12-13T17:07:27.553317+00:00
[2022-12-13T17:07:35.423+0000] {base.py:73} INFO - Using connection ID 'google_cloud_default' for task execution.
[2022-12-13T17:07:35.444+0000] {base.py:73} INFO - Using connection ID 'google_cloud_default' for task execution.
[2022-12-13T17:07:35.446+0000] {gcs_to_bigquery.py:367} INFO - Using existing BigQuery table for storing data...
[2022-12-13T17:07:35.464+0000] {base.py:73} INFO - Using connection ID 'google_cloud_default' for task execution.
[2022-12-13T17:07:35.788+0000] {gcs_to_bigquery.py:397} INFO - Executing: {'load': {'autodetect': True, 'createDisposition': 'CREATE_IF_NEEDED', 'destinationTable': {'projectId': 'midyear-cursor-371415', 'datasetId': 'bus_dataset', 'tableId': 'staging__bus_loc'}, 'destinationTableProperties': {'description': None, 'labels': None}, 'sourceFormat': 'CSV', 'skipLeadingRows': 1, 'sourceUris': ['gs://etl-***-bus-bucket/bus_pos.csv'], 'writeDisposition': 'WRITE_EMPTY', 'ignoreUnknownValues': False, 'allowQuotedNewlines': False, 'encoding': 'UTF-8'}}
[2022-12-13T17:07:35.792+0000] {bigquery.py:1539} INFO - Inserting job ***_bus_pos_etl_load_to_bq_2022_12_13T17_07_27_553317_00_00_bb6974f494291ffe70078c5c3523ebf6
[2022-12-13T17:07:41.863+0000] {base.py:73} INFO - Using connection ID 'google_cloud_default' for task execution.
[2022-12-13T17:07:41.879+0000] {taskinstance.py:1327} INFO - Marking task as SUCCESS. dag_id=bus_pos_etl, task_id=load_to_bq, execution_date=20221213T170727, start_date=20221213T170735, end_date=20221213T170741
[2022-12-13T17:07:41.956+0000] {local_task_job.py:159} INFO - Task exited with return code 0
[2022-12-13T17:07:41.984+0000] {taskinstance.py:2582} INFO - 0 downstream tasks scheduled from follow-on schedule check
