[2022-12-13T16:44:54.562+0000] {processor.py:153} INFO - Started process (PID=4405) to work on /opt/airflow/dags/dag_etl_incident.py
[2022-12-13T16:44:54.563+0000] {processor.py:743} INFO - Processing file /opt/airflow/dags/dag_etl_incident.py for tasks to queue
[2022-12-13T16:44:54.564+0000] {logging_mixin.py:137} INFO - [2022-12-13T16:44:54.564+0000] {dagbag.py:538} INFO - Filling up the DagBag from /opt/airflow/dags/dag_etl_incident.py
[2022-12-13T16:44:55.245+0000] {processor.py:753} INFO - DAG(s) dict_keys(['incident_etl']) retrieved from /opt/airflow/dags/dag_etl_incident.py
[2022-12-13T16:44:55.521+0000] {logging_mixin.py:137} INFO - [2022-12-13T16:44:55.521+0000] {manager.py:504} INFO - Created Permission View: can read on DAG:incident_etl
[2022-12-13T16:44:55.538+0000] {logging_mixin.py:137} INFO - [2022-12-13T16:44:55.538+0000] {manager.py:504} INFO - Created Permission View: can delete on DAG:incident_etl
[2022-12-13T16:44:55.553+0000] {logging_mixin.py:137} INFO - [2022-12-13T16:44:55.553+0000] {manager.py:504} INFO - Created Permission View: can edit on DAG:incident_etl
[2022-12-13T16:44:55.554+0000] {logging_mixin.py:137} INFO - [2022-12-13T16:44:55.554+0000] {dag.py:2676} INFO - Sync 1 DAGs
[2022-12-13T16:44:55.573+0000] {logging_mixin.py:137} INFO - [2022-12-13T16:44:55.572+0000] {dag.py:2697} INFO - Creating ORM DAG for incident_etl
[2022-12-13T16:44:55.589+0000] {logging_mixin.py:137} INFO - [2022-12-13T16:44:55.588+0000] {dag.py:3427} INFO - Setting next_dagrun for incident_etl to 2022-12-12T00:00:00+00:00, run_after=2022-12-13T00:00:00+00:00
[2022-12-13T16:44:55.625+0000] {processor.py:175} INFO - Processing /opt/airflow/dags/dag_etl_incident.py took 1.067 seconds
[2022-12-13T16:45:26.287+0000] {processor.py:153} INFO - Started process (PID=4470) to work on /opt/airflow/dags/dag_etl_incident.py
[2022-12-13T16:45:26.289+0000] {processor.py:743} INFO - Processing file /opt/airflow/dags/dag_etl_incident.py for tasks to queue
[2022-12-13T16:45:26.290+0000] {logging_mixin.py:137} INFO - [2022-12-13T16:45:26.289+0000] {dagbag.py:538} INFO - Filling up the DagBag from /opt/airflow/dags/dag_etl_incident.py
[2022-12-13T16:45:26.998+0000] {processor.py:753} INFO - DAG(s) dict_keys(['incident_etl']) retrieved from /opt/airflow/dags/dag_etl_incident.py
[2022-12-13T16:45:27.030+0000] {logging_mixin.py:137} INFO - [2022-12-13T16:45:27.029+0000] {dag.py:2676} INFO - Sync 1 DAGs
[2022-12-13T16:45:27.063+0000] {logging_mixin.py:137} INFO - [2022-12-13T16:45:27.062+0000] {dag.py:3427} INFO - Setting next_dagrun for incident_etl to 2022-12-12T00:00:00+00:00, run_after=2022-12-13T00:00:00+00:00
[2022-12-13T16:45:27.094+0000] {processor.py:175} INFO - Processing /opt/airflow/dags/dag_etl_incident.py took 0.810 seconds
[2022-12-13T16:45:57.888+0000] {processor.py:153} INFO - Started process (PID=4542) to work on /opt/airflow/dags/dag_etl_incident.py
[2022-12-13T16:45:57.890+0000] {processor.py:743} INFO - Processing file /opt/airflow/dags/dag_etl_incident.py for tasks to queue
[2022-12-13T16:45:57.891+0000] {logging_mixin.py:137} INFO - [2022-12-13T16:45:57.891+0000] {dagbag.py:538} INFO - Filling up the DagBag from /opt/airflow/dags/dag_etl_incident.py
[2022-12-13T16:45:58.588+0000] {processor.py:753} INFO - DAG(s) dict_keys(['incident_etl']) retrieved from /opt/airflow/dags/dag_etl_incident.py
[2022-12-13T16:45:58.613+0000] {logging_mixin.py:137} INFO - [2022-12-13T16:45:58.612+0000] {dag.py:2676} INFO - Sync 1 DAGs
[2022-12-13T16:45:58.639+0000] {logging_mixin.py:137} INFO - [2022-12-13T16:45:58.639+0000] {dag.py:3427} INFO - Setting next_dagrun for incident_etl to 2022-12-13T00:00:00+00:00, run_after=2022-12-14T00:00:00+00:00
[2022-12-13T16:45:58.661+0000] {processor.py:175} INFO - Processing /opt/airflow/dags/dag_etl_incident.py took 0.777 seconds
[2022-12-13T16:46:28.849+0000] {processor.py:153} INFO - Started process (PID=4607) to work on /opt/airflow/dags/dag_etl_incident.py
[2022-12-13T16:46:28.850+0000] {processor.py:743} INFO - Processing file /opt/airflow/dags/dag_etl_incident.py for tasks to queue
[2022-12-13T16:46:28.851+0000] {logging_mixin.py:137} INFO - [2022-12-13T16:46:28.850+0000] {dagbag.py:538} INFO - Filling up the DagBag from /opt/airflow/dags/dag_etl_incident.py
[2022-12-13T16:46:29.635+0000] {processor.py:753} INFO - DAG(s) dict_keys(['incident_etl']) retrieved from /opt/airflow/dags/dag_etl_incident.py
[2022-12-13T16:46:29.660+0000] {logging_mixin.py:137} INFO - [2022-12-13T16:46:29.660+0000] {dag.py:2676} INFO - Sync 1 DAGs
[2022-12-13T16:46:29.694+0000] {logging_mixin.py:137} INFO - [2022-12-13T16:46:29.693+0000] {dag.py:3427} INFO - Setting next_dagrun for incident_etl to 2022-12-13T00:00:00+00:00, run_after=2022-12-14T00:00:00+00:00
[2022-12-13T16:46:29.725+0000] {processor.py:175} INFO - Processing /opt/airflow/dags/dag_etl_incident.py took 0.880 seconds
[2022-12-13T16:47:00.634+0000] {processor.py:153} INFO - Started process (PID=4672) to work on /opt/airflow/dags/dag_etl_incident.py
[2022-12-13T16:47:00.636+0000] {processor.py:743} INFO - Processing file /opt/airflow/dags/dag_etl_incident.py for tasks to queue
[2022-12-13T16:47:00.637+0000] {logging_mixin.py:137} INFO - [2022-12-13T16:47:00.637+0000] {dagbag.py:538} INFO - Filling up the DagBag from /opt/airflow/dags/dag_etl_incident.py
[2022-12-13T16:47:01.344+0000] {processor.py:753} INFO - DAG(s) dict_keys(['incident_etl']) retrieved from /opt/airflow/dags/dag_etl_incident.py
[2022-12-13T16:47:01.391+0000] {logging_mixin.py:137} INFO - [2022-12-13T16:47:01.390+0000] {dag.py:2676} INFO - Sync 1 DAGs
[2022-12-13T16:47:01.433+0000] {logging_mixin.py:137} INFO - [2022-12-13T16:47:01.433+0000] {dag.py:3427} INFO - Setting next_dagrun for incident_etl to 2022-12-13T00:00:00+00:00, run_after=2022-12-14T00:00:00+00:00
[2022-12-13T16:47:01.459+0000] {processor.py:175} INFO - Processing /opt/airflow/dags/dag_etl_incident.py took 0.830 seconds
[2022-12-13T16:47:32.157+0000] {processor.py:153} INFO - Started process (PID=4737) to work on /opt/airflow/dags/dag_etl_incident.py
[2022-12-13T16:47:32.159+0000] {processor.py:743} INFO - Processing file /opt/airflow/dags/dag_etl_incident.py for tasks to queue
[2022-12-13T16:47:32.161+0000] {logging_mixin.py:137} INFO - [2022-12-13T16:47:32.160+0000] {dagbag.py:538} INFO - Filling up the DagBag from /opt/airflow/dags/dag_etl_incident.py
[2022-12-13T16:47:32.841+0000] {processor.py:753} INFO - DAG(s) dict_keys(['incident_etl']) retrieved from /opt/airflow/dags/dag_etl_incident.py
[2022-12-13T16:47:32.865+0000] {logging_mixin.py:137} INFO - [2022-12-13T16:47:32.865+0000] {dag.py:2676} INFO - Sync 1 DAGs
[2022-12-13T16:47:32.894+0000] {logging_mixin.py:137} INFO - [2022-12-13T16:47:32.894+0000] {dag.py:3427} INFO - Setting next_dagrun for incident_etl to 2022-12-13T00:00:00+00:00, run_after=2022-12-14T00:00:00+00:00
[2022-12-13T16:47:32.917+0000] {processor.py:175} INFO - Processing /opt/airflow/dags/dag_etl_incident.py took 0.764 seconds
[2022-12-13T16:48:03.664+0000] {processor.py:153} INFO - Started process (PID=4802) to work on /opt/airflow/dags/dag_etl_incident.py
[2022-12-13T16:48:03.667+0000] {processor.py:743} INFO - Processing file /opt/airflow/dags/dag_etl_incident.py for tasks to queue
[2022-12-13T16:48:03.669+0000] {logging_mixin.py:137} INFO - [2022-12-13T16:48:03.669+0000] {dagbag.py:538} INFO - Filling up the DagBag from /opt/airflow/dags/dag_etl_incident.py
[2022-12-13T16:48:17.928+0000] {processor.py:753} INFO - DAG(s) dict_keys(['incident_etl']) retrieved from /opt/airflow/dags/dag_etl_incident.py
[2022-12-13T16:48:18.357+0000] {logging_mixin.py:137} INFO - [2022-12-13T16:48:18.356+0000] {dag.py:2676} INFO - Sync 1 DAGs
[2022-12-13T16:48:18.433+0000] {logging_mixin.py:137} INFO - [2022-12-13T16:48:18.433+0000] {dag.py:3427} INFO - Setting next_dagrun for incident_etl to 2022-12-13T00:00:00+00:00, run_after=2022-12-14T00:00:00+00:00
[2022-12-13T16:48:18.512+0000] {processor.py:175} INFO - Processing /opt/airflow/dags/dag_etl_incident.py took 14.857 seconds
[2022-12-13T16:48:48.956+0000] {processor.py:153} INFO - Started process (PID=4874) to work on /opt/airflow/dags/dag_etl_incident.py
[2022-12-13T16:48:48.957+0000] {processor.py:743} INFO - Processing file /opt/airflow/dags/dag_etl_incident.py for tasks to queue
[2022-12-13T16:48:48.959+0000] {logging_mixin.py:137} INFO - [2022-12-13T16:48:48.958+0000] {dagbag.py:538} INFO - Filling up the DagBag from /opt/airflow/dags/dag_etl_incident.py
[2022-12-13T16:48:51.934+0000] {processor.py:753} INFO - DAG(s) dict_keys(['incident_etl']) retrieved from /opt/airflow/dags/dag_etl_incident.py
[2022-12-13T16:48:51.978+0000] {logging_mixin.py:137} INFO - [2022-12-13T16:48:51.978+0000] {dag.py:2676} INFO - Sync 1 DAGs
[2022-12-13T16:48:52.014+0000] {logging_mixin.py:137} INFO - [2022-12-13T16:48:52.014+0000] {dag.py:3427} INFO - Setting next_dagrun for incident_etl to 2022-12-13T00:00:00+00:00, run_after=2022-12-14T00:00:00+00:00
[2022-12-13T16:48:52.045+0000] {processor.py:175} INFO - Processing /opt/airflow/dags/dag_etl_incident.py took 3.093 seconds
[2022-12-13T16:49:22.180+0000] {processor.py:153} INFO - Started process (PID=4946) to work on /opt/airflow/dags/dag_etl_incident.py
[2022-12-13T16:49:22.181+0000] {processor.py:743} INFO - Processing file /opt/airflow/dags/dag_etl_incident.py for tasks to queue
[2022-12-13T16:49:22.181+0000] {logging_mixin.py:137} INFO - [2022-12-13T16:49:22.181+0000] {dagbag.py:538} INFO - Filling up the DagBag from /opt/airflow/dags/dag_etl_incident.py
[2022-12-13T16:49:22.850+0000] {processor.py:753} INFO - DAG(s) dict_keys(['incident_etl']) retrieved from /opt/airflow/dags/dag_etl_incident.py
[2022-12-13T16:49:22.875+0000] {logging_mixin.py:137} INFO - [2022-12-13T16:49:22.874+0000] {dag.py:2676} INFO - Sync 1 DAGs
[2022-12-13T16:49:22.903+0000] {logging_mixin.py:137} INFO - [2022-12-13T16:49:22.903+0000] {dag.py:3427} INFO - Setting next_dagrun for incident_etl to 2022-12-13T00:00:00+00:00, run_after=2022-12-14T00:00:00+00:00
[2022-12-13T16:49:22.938+0000] {processor.py:175} INFO - Processing /opt/airflow/dags/dag_etl_incident.py took 0.761 seconds
[2022-12-13T16:49:53.317+0000] {processor.py:153} INFO - Started process (PID=5011) to work on /opt/airflow/dags/dag_etl_incident.py
[2022-12-13T16:49:53.332+0000] {processor.py:743} INFO - Processing file /opt/airflow/dags/dag_etl_incident.py for tasks to queue
[2022-12-13T16:49:53.334+0000] {logging_mixin.py:137} INFO - [2022-12-13T16:49:53.333+0000] {dagbag.py:538} INFO - Filling up the DagBag from /opt/airflow/dags/dag_etl_incident.py
[2022-12-13T16:49:54.086+0000] {processor.py:753} INFO - DAG(s) dict_keys(['incident_etl']) retrieved from /opt/airflow/dags/dag_etl_incident.py
[2022-12-13T16:49:54.112+0000] {logging_mixin.py:137} INFO - [2022-12-13T16:49:54.112+0000] {dag.py:2676} INFO - Sync 1 DAGs
[2022-12-13T16:49:54.147+0000] {logging_mixin.py:137} INFO - [2022-12-13T16:49:54.147+0000] {dag.py:3427} INFO - Setting next_dagrun for incident_etl to 2022-12-13T00:00:00+00:00, run_after=2022-12-14T00:00:00+00:00
[2022-12-13T16:49:54.175+0000] {processor.py:175} INFO - Processing /opt/airflow/dags/dag_etl_incident.py took 0.861 seconds
[2022-12-13T16:50:24.726+0000] {processor.py:153} INFO - Started process (PID=5076) to work on /opt/airflow/dags/dag_etl_incident.py
[2022-12-13T16:50:24.727+0000] {processor.py:743} INFO - Processing file /opt/airflow/dags/dag_etl_incident.py for tasks to queue
[2022-12-13T16:50:24.728+0000] {logging_mixin.py:137} INFO - [2022-12-13T16:50:24.728+0000] {dagbag.py:538} INFO - Filling up the DagBag from /opt/airflow/dags/dag_etl_incident.py
[2022-12-13T16:50:25.555+0000] {processor.py:753} INFO - DAG(s) dict_keys(['incident_etl']) retrieved from /opt/airflow/dags/dag_etl_incident.py
[2022-12-13T16:50:25.591+0000] {logging_mixin.py:137} INFO - [2022-12-13T16:50:25.590+0000] {dag.py:2676} INFO - Sync 1 DAGs
[2022-12-13T16:50:25.626+0000] {logging_mixin.py:137} INFO - [2022-12-13T16:50:25.626+0000] {dag.py:3427} INFO - Setting next_dagrun for incident_etl to 2022-12-13T00:00:00+00:00, run_after=2022-12-14T00:00:00+00:00
[2022-12-13T16:50:25.743+0000] {processor.py:175} INFO - Processing /opt/airflow/dags/dag_etl_incident.py took 1.020 seconds
[2022-12-13T16:50:56.182+0000] {processor.py:153} INFO - Started process (PID=5141) to work on /opt/airflow/dags/dag_etl_incident.py
[2022-12-13T16:50:56.186+0000] {processor.py:743} INFO - Processing file /opt/airflow/dags/dag_etl_incident.py for tasks to queue
[2022-12-13T16:50:56.187+0000] {logging_mixin.py:137} INFO - [2022-12-13T16:50:56.187+0000] {dagbag.py:538} INFO - Filling up the DagBag from /opt/airflow/dags/dag_etl_incident.py
[2022-12-13T16:50:57.003+0000] {processor.py:753} INFO - DAG(s) dict_keys(['incident_etl']) retrieved from /opt/airflow/dags/dag_etl_incident.py
[2022-12-13T16:50:57.040+0000] {logging_mixin.py:137} INFO - [2022-12-13T16:50:57.039+0000] {dag.py:2676} INFO - Sync 1 DAGs
[2022-12-13T16:50:57.106+0000] {logging_mixin.py:137} INFO - [2022-12-13T16:50:57.106+0000] {dag.py:3427} INFO - Setting next_dagrun for incident_etl to 2022-12-13T00:00:00+00:00, run_after=2022-12-14T00:00:00+00:00
[2022-12-13T16:50:57.140+0000] {processor.py:175} INFO - Processing /opt/airflow/dags/dag_etl_incident.py took 0.964 seconds
[2022-12-13T16:51:27.426+0000] {processor.py:153} INFO - Started process (PID=5206) to work on /opt/airflow/dags/dag_etl_incident.py
[2022-12-13T16:51:27.437+0000] {processor.py:743} INFO - Processing file /opt/airflow/dags/dag_etl_incident.py for tasks to queue
[2022-12-13T16:51:27.440+0000] {logging_mixin.py:137} INFO - [2022-12-13T16:51:27.440+0000] {dagbag.py:538} INFO - Filling up the DagBag from /opt/airflow/dags/dag_etl_incident.py
[2022-12-13T16:51:28.275+0000] {processor.py:753} INFO - DAG(s) dict_keys(['incident_etl']) retrieved from /opt/airflow/dags/dag_etl_incident.py
[2022-12-13T16:51:28.313+0000] {logging_mixin.py:137} INFO - [2022-12-13T16:51:28.312+0000] {dag.py:2676} INFO - Sync 1 DAGs
[2022-12-13T16:51:28.343+0000] {logging_mixin.py:137} INFO - [2022-12-13T16:51:28.343+0000] {dag.py:3427} INFO - Setting next_dagrun for incident_etl to 2022-12-13T00:00:00+00:00, run_after=2022-12-14T00:00:00+00:00
[2022-12-13T16:51:28.380+0000] {processor.py:175} INFO - Processing /opt/airflow/dags/dag_etl_incident.py took 0.957 seconds
[2022-12-13T16:51:59.202+0000] {processor.py:153} INFO - Started process (PID=5272) to work on /opt/airflow/dags/dag_etl_incident.py
[2022-12-13T16:51:59.203+0000] {processor.py:743} INFO - Processing file /opt/airflow/dags/dag_etl_incident.py for tasks to queue
[2022-12-13T16:51:59.204+0000] {logging_mixin.py:137} INFO - [2022-12-13T16:51:59.203+0000] {dagbag.py:538} INFO - Filling up the DagBag from /opt/airflow/dags/dag_etl_incident.py
[2022-12-13T16:52:00.338+0000] {processor.py:753} INFO - DAG(s) dict_keys(['incident_etl']) retrieved from /opt/airflow/dags/dag_etl_incident.py
[2022-12-13T16:52:00.379+0000] {logging_mixin.py:137} INFO - [2022-12-13T16:52:00.378+0000] {dag.py:2676} INFO - Sync 1 DAGs
[2022-12-13T16:52:00.419+0000] {logging_mixin.py:137} INFO - [2022-12-13T16:52:00.419+0000] {dag.py:3427} INFO - Setting next_dagrun for incident_etl to 2022-12-13T00:00:00+00:00, run_after=2022-12-14T00:00:00+00:00
[2022-12-13T16:52:00.576+0000] {processor.py:175} INFO - Processing /opt/airflow/dags/dag_etl_incident.py took 1.378 seconds
[2022-12-13T16:52:31.245+0000] {processor.py:153} INFO - Started process (PID=5337) to work on /opt/airflow/dags/dag_etl_incident.py
[2022-12-13T16:52:31.247+0000] {processor.py:743} INFO - Processing file /opt/airflow/dags/dag_etl_incident.py for tasks to queue
[2022-12-13T16:52:31.248+0000] {logging_mixin.py:137} INFO - [2022-12-13T16:52:31.248+0000] {dagbag.py:538} INFO - Filling up the DagBag from /opt/airflow/dags/dag_etl_incident.py
[2022-12-13T16:52:31.956+0000] {processor.py:753} INFO - DAG(s) dict_keys(['incident_etl']) retrieved from /opt/airflow/dags/dag_etl_incident.py
[2022-12-13T16:52:31.981+0000] {logging_mixin.py:137} INFO - [2022-12-13T16:52:31.980+0000] {dag.py:2676} INFO - Sync 1 DAGs
[2022-12-13T16:52:32.009+0000] {logging_mixin.py:137} INFO - [2022-12-13T16:52:32.009+0000] {dag.py:3427} INFO - Setting next_dagrun for incident_etl to 2022-12-13T00:00:00+00:00, run_after=2022-12-14T00:00:00+00:00
[2022-12-13T16:52:32.033+0000] {processor.py:175} INFO - Processing /opt/airflow/dags/dag_etl_incident.py took 0.792 seconds
[2022-12-13T16:53:02.073+0000] {processor.py:153} INFO - Started process (PID=5402) to work on /opt/airflow/dags/dag_etl_incident.py
[2022-12-13T16:53:02.075+0000] {processor.py:743} INFO - Processing file /opt/airflow/dags/dag_etl_incident.py for tasks to queue
[2022-12-13T16:53:02.077+0000] {logging_mixin.py:137} INFO - [2022-12-13T16:53:02.077+0000] {dagbag.py:538} INFO - Filling up the DagBag from /opt/airflow/dags/dag_etl_incident.py
[2022-12-13T16:53:02.935+0000] {processor.py:753} INFO - DAG(s) dict_keys(['incident_etl']) retrieved from /opt/airflow/dags/dag_etl_incident.py
[2022-12-13T16:53:02.964+0000] {logging_mixin.py:137} INFO - [2022-12-13T16:53:02.963+0000] {dag.py:2676} INFO - Sync 1 DAGs
[2022-12-13T16:53:02.996+0000] {logging_mixin.py:137} INFO - [2022-12-13T16:53:02.996+0000] {dag.py:3427} INFO - Setting next_dagrun for incident_etl to 2022-12-13T00:00:00+00:00, run_after=2022-12-14T00:00:00+00:00
[2022-12-13T16:53:03.021+0000] {processor.py:175} INFO - Processing /opt/airflow/dags/dag_etl_incident.py took 0.956 seconds
[2022-12-13T16:53:33.714+0000] {processor.py:153} INFO - Started process (PID=5467) to work on /opt/airflow/dags/dag_etl_incident.py
[2022-12-13T16:53:33.716+0000] {processor.py:743} INFO - Processing file /opt/airflow/dags/dag_etl_incident.py for tasks to queue
[2022-12-13T16:53:33.717+0000] {logging_mixin.py:137} INFO - [2022-12-13T16:53:33.717+0000] {dagbag.py:538} INFO - Filling up the DagBag from /opt/airflow/dags/dag_etl_incident.py
[2022-12-13T16:53:35.244+0000] {processor.py:753} INFO - DAG(s) dict_keys(['incident_etl']) retrieved from /opt/airflow/dags/dag_etl_incident.py
[2022-12-13T16:53:36.362+0000] {logging_mixin.py:137} INFO - [2022-12-13T16:53:36.361+0000] {dag.py:2676} INFO - Sync 1 DAGs
[2022-12-13T16:53:36.416+0000] {logging_mixin.py:137} INFO - [2022-12-13T16:53:36.416+0000] {dag.py:3427} INFO - Setting next_dagrun for incident_etl to 2022-12-13T00:00:00+00:00, run_after=2022-12-14T00:00:00+00:00
[2022-12-13T16:53:36.452+0000] {processor.py:175} INFO - Processing /opt/airflow/dags/dag_etl_incident.py took 2.741 seconds
[2022-12-13T16:54:07.153+0000] {processor.py:153} INFO - Started process (PID=5540) to work on /opt/airflow/dags/dag_etl_incident.py
[2022-12-13T16:54:07.156+0000] {processor.py:743} INFO - Processing file /opt/airflow/dags/dag_etl_incident.py for tasks to queue
[2022-12-13T16:54:07.157+0000] {logging_mixin.py:137} INFO - [2022-12-13T16:54:07.157+0000] {dagbag.py:538} INFO - Filling up the DagBag from /opt/airflow/dags/dag_etl_incident.py
[2022-12-13T16:54:07.979+0000] {processor.py:753} INFO - DAG(s) dict_keys(['incident_etl']) retrieved from /opt/airflow/dags/dag_etl_incident.py
[2022-12-13T16:54:08.011+0000] {logging_mixin.py:137} INFO - [2022-12-13T16:54:08.010+0000] {dag.py:2676} INFO - Sync 1 DAGs
[2022-12-13T16:54:08.043+0000] {logging_mixin.py:137} INFO - [2022-12-13T16:54:08.043+0000] {dag.py:3427} INFO - Setting next_dagrun for incident_etl to 2022-12-13T00:00:00+00:00, run_after=2022-12-14T00:00:00+00:00
[2022-12-13T16:54:08.075+0000] {processor.py:175} INFO - Processing /opt/airflow/dags/dag_etl_incident.py took 0.926 seconds
[2022-12-13T16:54:39.102+0000] {processor.py:153} INFO - Started process (PID=5605) to work on /opt/airflow/dags/dag_etl_incident.py
[2022-12-13T16:54:39.137+0000] {processor.py:743} INFO - Processing file /opt/airflow/dags/dag_etl_incident.py for tasks to queue
[2022-12-13T16:54:39.139+0000] {logging_mixin.py:137} INFO - [2022-12-13T16:54:39.138+0000] {dagbag.py:538} INFO - Filling up the DagBag from /opt/airflow/dags/dag_etl_incident.py
[2022-12-13T16:54:39.884+0000] {processor.py:753} INFO - DAG(s) dict_keys(['incident_etl']) retrieved from /opt/airflow/dags/dag_etl_incident.py
[2022-12-13T16:54:39.915+0000] {logging_mixin.py:137} INFO - [2022-12-13T16:54:39.914+0000] {dag.py:2676} INFO - Sync 1 DAGs
[2022-12-13T16:54:39.959+0000] {logging_mixin.py:137} INFO - [2022-12-13T16:54:39.958+0000] {dag.py:3427} INFO - Setting next_dagrun for incident_etl to 2022-12-13T00:00:00+00:00, run_after=2022-12-14T00:00:00+00:00
[2022-12-13T16:54:39.993+0000] {processor.py:175} INFO - Processing /opt/airflow/dags/dag_etl_incident.py took 0.894 seconds
[2022-12-13T16:55:10.695+0000] {processor.py:153} INFO - Started process (PID=5670) to work on /opt/airflow/dags/dag_etl_incident.py
[2022-12-13T16:55:10.696+0000] {processor.py:743} INFO - Processing file /opt/airflow/dags/dag_etl_incident.py for tasks to queue
[2022-12-13T16:55:10.698+0000] {logging_mixin.py:137} INFO - [2022-12-13T16:55:10.697+0000] {dagbag.py:538} INFO - Filling up the DagBag from /opt/airflow/dags/dag_etl_incident.py
[2022-12-13T16:55:11.399+0000] {processor.py:753} INFO - DAG(s) dict_keys(['incident_etl']) retrieved from /opt/airflow/dags/dag_etl_incident.py
[2022-12-13T16:55:11.428+0000] {logging_mixin.py:137} INFO - [2022-12-13T16:55:11.428+0000] {dag.py:2676} INFO - Sync 1 DAGs
[2022-12-13T16:55:11.468+0000] {logging_mixin.py:137} INFO - [2022-12-13T16:55:11.467+0000] {dag.py:3427} INFO - Setting next_dagrun for incident_etl to 2022-12-13T00:00:00+00:00, run_after=2022-12-14T00:00:00+00:00
[2022-12-13T16:55:11.498+0000] {processor.py:175} INFO - Processing /opt/airflow/dags/dag_etl_incident.py took 0.806 seconds
[2022-12-13T16:55:42.048+0000] {processor.py:153} INFO - Started process (PID=5735) to work on /opt/airflow/dags/dag_etl_incident.py
[2022-12-13T16:55:42.049+0000] {processor.py:743} INFO - Processing file /opt/airflow/dags/dag_etl_incident.py for tasks to queue
[2022-12-13T16:55:42.050+0000] {logging_mixin.py:137} INFO - [2022-12-13T16:55:42.050+0000] {dagbag.py:538} INFO - Filling up the DagBag from /opt/airflow/dags/dag_etl_incident.py
[2022-12-13T16:55:42.956+0000] {processor.py:753} INFO - DAG(s) dict_keys(['incident_etl']) retrieved from /opt/airflow/dags/dag_etl_incident.py
[2022-12-13T16:55:42.996+0000] {logging_mixin.py:137} INFO - [2022-12-13T16:55:42.995+0000] {dag.py:2676} INFO - Sync 1 DAGs
[2022-12-13T16:55:43.032+0000] {logging_mixin.py:137} INFO - [2022-12-13T16:55:43.032+0000] {dag.py:3427} INFO - Setting next_dagrun for incident_etl to 2022-12-13T00:00:00+00:00, run_after=2022-12-14T00:00:00+00:00
[2022-12-13T16:55:43.064+0000] {processor.py:175} INFO - Processing /opt/airflow/dags/dag_etl_incident.py took 1.019 seconds
[2022-12-13T16:56:13.231+0000] {processor.py:153} INFO - Started process (PID=5800) to work on /opt/airflow/dags/dag_etl_incident.py
[2022-12-13T16:56:13.234+0000] {processor.py:743} INFO - Processing file /opt/airflow/dags/dag_etl_incident.py for tasks to queue
[2022-12-13T16:56:13.238+0000] {logging_mixin.py:137} INFO - [2022-12-13T16:56:13.237+0000] {dagbag.py:538} INFO - Filling up the DagBag from /opt/airflow/dags/dag_etl_incident.py
[2022-12-13T16:56:13.982+0000] {processor.py:753} INFO - DAG(s) dict_keys(['incident_etl']) retrieved from /opt/airflow/dags/dag_etl_incident.py
[2022-12-13T16:56:14.016+0000] {logging_mixin.py:137} INFO - [2022-12-13T16:56:14.016+0000] {dag.py:2676} INFO - Sync 1 DAGs
[2022-12-13T16:56:14.049+0000] {logging_mixin.py:137} INFO - [2022-12-13T16:56:14.049+0000] {dag.py:3427} INFO - Setting next_dagrun for incident_etl to 2022-12-13T00:00:00+00:00, run_after=2022-12-14T00:00:00+00:00
[2022-12-13T16:56:14.073+0000] {processor.py:175} INFO - Processing /opt/airflow/dags/dag_etl_incident.py took 0.854 seconds
[2022-12-13T16:56:45.049+0000] {processor.py:153} INFO - Started process (PID=5865) to work on /opt/airflow/dags/dag_etl_incident.py
[2022-12-13T16:56:45.061+0000] {processor.py:743} INFO - Processing file /opt/airflow/dags/dag_etl_incident.py for tasks to queue
[2022-12-13T16:56:45.063+0000] {logging_mixin.py:137} INFO - [2022-12-13T16:56:45.062+0000] {dagbag.py:538} INFO - Filling up the DagBag from /opt/airflow/dags/dag_etl_incident.py
[2022-12-13T16:56:45.928+0000] {processor.py:753} INFO - DAG(s) dict_keys(['incident_etl']) retrieved from /opt/airflow/dags/dag_etl_incident.py
[2022-12-13T16:56:45.970+0000] {logging_mixin.py:137} INFO - [2022-12-13T16:56:45.969+0000] {dag.py:2676} INFO - Sync 1 DAGs
[2022-12-13T16:56:46.002+0000] {logging_mixin.py:137} INFO - [2022-12-13T16:56:46.002+0000] {dag.py:3427} INFO - Setting next_dagrun for incident_etl to 2022-12-13T00:00:00+00:00, run_after=2022-12-14T00:00:00+00:00
[2022-12-13T16:56:46.036+0000] {processor.py:175} INFO - Processing /opt/airflow/dags/dag_etl_incident.py took 0.990 seconds
[2022-12-13T16:57:17.021+0000] {processor.py:153} INFO - Started process (PID=5930) to work on /opt/airflow/dags/dag_etl_incident.py
[2022-12-13T16:57:17.023+0000] {processor.py:743} INFO - Processing file /opt/airflow/dags/dag_etl_incident.py for tasks to queue
[2022-12-13T16:57:17.025+0000] {logging_mixin.py:137} INFO - [2022-12-13T16:57:17.025+0000] {dagbag.py:538} INFO - Filling up the DagBag from /opt/airflow/dags/dag_etl_incident.py
[2022-12-13T16:57:18.015+0000] {processor.py:753} INFO - DAG(s) dict_keys(['incident_etl']) retrieved from /opt/airflow/dags/dag_etl_incident.py
[2022-12-13T16:57:18.064+0000] {logging_mixin.py:137} INFO - [2022-12-13T16:57:18.063+0000] {dag.py:2676} INFO - Sync 1 DAGs
[2022-12-13T16:57:18.106+0000] {logging_mixin.py:137} INFO - [2022-12-13T16:57:18.106+0000] {dag.py:3427} INFO - Setting next_dagrun for incident_etl to 2022-12-13T00:00:00+00:00, run_after=2022-12-14T00:00:00+00:00
[2022-12-13T16:57:18.157+0000] {processor.py:175} INFO - Processing /opt/airflow/dags/dag_etl_incident.py took 1.140 seconds
[2022-12-13T16:57:48.490+0000] {processor.py:153} INFO - Started process (PID=5995) to work on /opt/airflow/dags/dag_etl_incident.py
[2022-12-13T16:57:48.491+0000] {processor.py:743} INFO - Processing file /opt/airflow/dags/dag_etl_incident.py for tasks to queue
[2022-12-13T16:57:48.492+0000] {logging_mixin.py:137} INFO - [2022-12-13T16:57:48.492+0000] {dagbag.py:538} INFO - Filling up the DagBag from /opt/airflow/dags/dag_etl_incident.py
[2022-12-13T16:57:49.440+0000] {processor.py:753} INFO - DAG(s) dict_keys(['incident_etl']) retrieved from /opt/airflow/dags/dag_etl_incident.py
[2022-12-13T16:57:49.479+0000] {logging_mixin.py:137} INFO - [2022-12-13T16:57:49.478+0000] {dag.py:2676} INFO - Sync 1 DAGs
[2022-12-13T16:57:49.522+0000] {logging_mixin.py:137} INFO - [2022-12-13T16:57:49.522+0000] {dag.py:3427} INFO - Setting next_dagrun for incident_etl to 2022-12-13T00:00:00+00:00, run_after=2022-12-14T00:00:00+00:00
[2022-12-13T16:57:49.555+0000] {processor.py:175} INFO - Processing /opt/airflow/dags/dag_etl_incident.py took 1.068 seconds
[2022-12-13T16:58:20.564+0000] {processor.py:153} INFO - Started process (PID=6060) to work on /opt/airflow/dags/dag_etl_incident.py
[2022-12-13T16:58:20.567+0000] {processor.py:743} INFO - Processing file /opt/airflow/dags/dag_etl_incident.py for tasks to queue
[2022-12-13T16:58:20.568+0000] {logging_mixin.py:137} INFO - [2022-12-13T16:58:20.568+0000] {dagbag.py:538} INFO - Filling up the DagBag from /opt/airflow/dags/dag_etl_incident.py
[2022-12-13T16:58:21.789+0000] {processor.py:753} INFO - DAG(s) dict_keys(['incident_etl']) retrieved from /opt/airflow/dags/dag_etl_incident.py
[2022-12-13T16:58:21.826+0000] {logging_mixin.py:137} INFO - [2022-12-13T16:58:21.826+0000] {dag.py:2676} INFO - Sync 1 DAGs
[2022-12-13T16:58:21.859+0000] {logging_mixin.py:137} INFO - [2022-12-13T16:58:21.859+0000] {dag.py:3427} INFO - Setting next_dagrun for incident_etl to 2022-12-13T00:00:00+00:00, run_after=2022-12-14T00:00:00+00:00
[2022-12-13T16:58:21.894+0000] {processor.py:175} INFO - Processing /opt/airflow/dags/dag_etl_incident.py took 1.335 seconds
[2022-12-13T16:58:52.897+0000] {processor.py:153} INFO - Started process (PID=6132) to work on /opt/airflow/dags/dag_etl_incident.py
[2022-12-13T16:58:52.901+0000] {processor.py:743} INFO - Processing file /opt/airflow/dags/dag_etl_incident.py for tasks to queue
[2022-12-13T16:58:52.902+0000] {logging_mixin.py:137} INFO - [2022-12-13T16:58:52.901+0000] {dagbag.py:538} INFO - Filling up the DagBag from /opt/airflow/dags/dag_etl_incident.py
[2022-12-13T16:58:53.555+0000] {processor.py:753} INFO - DAG(s) dict_keys(['incident_etl']) retrieved from /opt/airflow/dags/dag_etl_incident.py
[2022-12-13T16:58:53.582+0000] {logging_mixin.py:137} INFO - [2022-12-13T16:58:53.581+0000] {dag.py:2676} INFO - Sync 1 DAGs
[2022-12-13T16:58:53.613+0000] {logging_mixin.py:137} INFO - [2022-12-13T16:58:53.612+0000] {dag.py:3427} INFO - Setting next_dagrun for incident_etl to 2022-12-13T00:00:00+00:00, run_after=2022-12-14T00:00:00+00:00
[2022-12-13T16:58:53.639+0000] {processor.py:175} INFO - Processing /opt/airflow/dags/dag_etl_incident.py took 0.745 seconds
[2022-12-13T16:59:24.370+0000] {processor.py:153} INFO - Started process (PID=6198) to work on /opt/airflow/dags/dag_etl_incident.py
[2022-12-13T16:59:24.372+0000] {processor.py:743} INFO - Processing file /opt/airflow/dags/dag_etl_incident.py for tasks to queue
[2022-12-13T16:59:24.373+0000] {logging_mixin.py:137} INFO - [2022-12-13T16:59:24.373+0000] {dagbag.py:538} INFO - Filling up the DagBag from /opt/airflow/dags/dag_etl_incident.py
[2022-12-13T16:59:25.086+0000] {processor.py:753} INFO - DAG(s) dict_keys(['incident_etl']) retrieved from /opt/airflow/dags/dag_etl_incident.py
[2022-12-13T16:59:25.141+0000] {logging_mixin.py:137} INFO - [2022-12-13T16:59:25.140+0000] {dag.py:2676} INFO - Sync 1 DAGs
[2022-12-13T16:59:25.174+0000] {logging_mixin.py:137} INFO - [2022-12-13T16:59:25.173+0000] {dag.py:3427} INFO - Setting next_dagrun for incident_etl to 2022-12-13T00:00:00+00:00, run_after=2022-12-14T00:00:00+00:00
[2022-12-13T16:59:25.196+0000] {processor.py:175} INFO - Processing /opt/airflow/dags/dag_etl_incident.py took 0.831 seconds
[2022-12-13T16:59:55.251+0000] {processor.py:153} INFO - Started process (PID=6265) to work on /opt/airflow/dags/dag_etl_incident.py
[2022-12-13T16:59:55.254+0000] {processor.py:743} INFO - Processing file /opt/airflow/dags/dag_etl_incident.py for tasks to queue
[2022-12-13T16:59:55.256+0000] {logging_mixin.py:137} INFO - [2022-12-13T16:59:55.255+0000] {dagbag.py:538} INFO - Filling up the DagBag from /opt/airflow/dags/dag_etl_incident.py
[2022-12-13T16:59:56.212+0000] {processor.py:753} INFO - DAG(s) dict_keys(['incident_etl']) retrieved from /opt/airflow/dags/dag_etl_incident.py
[2022-12-13T16:59:56.244+0000] {logging_mixin.py:137} INFO - [2022-12-13T16:59:56.243+0000] {dag.py:2676} INFO - Sync 1 DAGs
[2022-12-13T16:59:56.274+0000] {logging_mixin.py:137} INFO - [2022-12-13T16:59:56.273+0000] {dag.py:3427} INFO - Setting next_dagrun for incident_etl to 2022-12-13T00:00:00+00:00, run_after=2022-12-14T00:00:00+00:00
[2022-12-13T16:59:56.302+0000] {processor.py:175} INFO - Processing /opt/airflow/dags/dag_etl_incident.py took 1.057 seconds
[2022-12-13T17:00:26.789+0000] {processor.py:153} INFO - Started process (PID=6332) to work on /opt/airflow/dags/dag_etl_incident.py
[2022-12-13T17:00:26.791+0000] {processor.py:743} INFO - Processing file /opt/airflow/dags/dag_etl_incident.py for tasks to queue
[2022-12-13T17:00:26.792+0000] {logging_mixin.py:137} INFO - [2022-12-13T17:00:26.791+0000] {dagbag.py:538} INFO - Filling up the DagBag from /opt/airflow/dags/dag_etl_incident.py
[2022-12-13T17:00:27.546+0000] {processor.py:753} INFO - DAG(s) dict_keys(['incident_etl']) retrieved from /opt/airflow/dags/dag_etl_incident.py
[2022-12-13T17:00:27.572+0000] {logging_mixin.py:137} INFO - [2022-12-13T17:00:27.571+0000] {dag.py:2676} INFO - Sync 1 DAGs
[2022-12-13T17:00:27.596+0000] {logging_mixin.py:137} INFO - [2022-12-13T17:00:27.596+0000] {dag.py:3427} INFO - Setting next_dagrun for incident_etl to 2022-12-13T00:00:00+00:00, run_after=2022-12-14T00:00:00+00:00
[2022-12-13T17:00:27.633+0000] {processor.py:175} INFO - Processing /opt/airflow/dags/dag_etl_incident.py took 0.848 seconds
[2022-12-13T17:00:57.857+0000] {processor.py:153} INFO - Started process (PID=6399) to work on /opt/airflow/dags/dag_etl_incident.py
[2022-12-13T17:00:57.858+0000] {processor.py:743} INFO - Processing file /opt/airflow/dags/dag_etl_incident.py for tasks to queue
[2022-12-13T17:00:57.859+0000] {logging_mixin.py:137} INFO - [2022-12-13T17:00:57.859+0000] {dagbag.py:538} INFO - Filling up the DagBag from /opt/airflow/dags/dag_etl_incident.py
[2022-12-13T17:00:58.493+0000] {processor.py:753} INFO - DAG(s) dict_keys(['incident_etl']) retrieved from /opt/airflow/dags/dag_etl_incident.py
[2022-12-13T17:00:58.518+0000] {logging_mixin.py:137} INFO - [2022-12-13T17:00:58.517+0000] {dag.py:2676} INFO - Sync 1 DAGs
[2022-12-13T17:00:58.548+0000] {logging_mixin.py:137} INFO - [2022-12-13T17:00:58.547+0000] {dag.py:3427} INFO - Setting next_dagrun for incident_etl to 2022-12-13T00:00:00+00:00, run_after=2022-12-14T00:00:00+00:00
[2022-12-13T17:00:58.574+0000] {processor.py:175} INFO - Processing /opt/airflow/dags/dag_etl_incident.py took 0.721 seconds
[2022-12-13T17:01:29.233+0000] {processor.py:153} INFO - Started process (PID=6468) to work on /opt/airflow/dags/dag_etl_incident.py
[2022-12-13T17:01:29.234+0000] {processor.py:743} INFO - Processing file /opt/airflow/dags/dag_etl_incident.py for tasks to queue
[2022-12-13T17:01:29.235+0000] {logging_mixin.py:137} INFO - [2022-12-13T17:01:29.235+0000] {dagbag.py:538} INFO - Filling up the DagBag from /opt/airflow/dags/dag_etl_incident.py
[2022-12-13T17:01:29.911+0000] {processor.py:753} INFO - DAG(s) dict_keys(['incident_etl']) retrieved from /opt/airflow/dags/dag_etl_incident.py
[2022-12-13T17:01:29.937+0000] {logging_mixin.py:137} INFO - [2022-12-13T17:01:29.936+0000] {dag.py:2676} INFO - Sync 1 DAGs
[2022-12-13T17:01:29.966+0000] {logging_mixin.py:137} INFO - [2022-12-13T17:01:29.965+0000] {dag.py:3427} INFO - Setting next_dagrun for incident_etl to 2022-12-13T00:00:00+00:00, run_after=2022-12-14T00:00:00+00:00
[2022-12-13T17:01:29.990+0000] {processor.py:175} INFO - Processing /opt/airflow/dags/dag_etl_incident.py took 0.760 seconds
[2022-12-13T17:02:00.160+0000] {processor.py:153} INFO - Started process (PID=6537) to work on /opt/airflow/dags/dag_etl_incident.py
[2022-12-13T17:02:00.160+0000] {processor.py:743} INFO - Processing file /opt/airflow/dags/dag_etl_incident.py for tasks to queue
[2022-12-13T17:02:00.161+0000] {logging_mixin.py:137} INFO - [2022-12-13T17:02:00.161+0000] {dagbag.py:538} INFO - Filling up the DagBag from /opt/airflow/dags/dag_etl_incident.py
[2022-12-13T17:02:00.770+0000] {processor.py:753} INFO - DAG(s) dict_keys(['incident_etl']) retrieved from /opt/airflow/dags/dag_etl_incident.py
[2022-12-13T17:02:00.795+0000] {logging_mixin.py:137} INFO - [2022-12-13T17:02:00.794+0000] {dag.py:2676} INFO - Sync 1 DAGs
[2022-12-13T17:02:00.823+0000] {logging_mixin.py:137} INFO - [2022-12-13T17:02:00.823+0000] {dag.py:3427} INFO - Setting next_dagrun for incident_etl to 2022-12-13T00:00:00+00:00, run_after=2022-12-14T00:00:00+00:00
[2022-12-13T17:02:00.848+0000] {processor.py:175} INFO - Processing /opt/airflow/dags/dag_etl_incident.py took 0.691 seconds
[2022-12-13T17:02:31.266+0000] {processor.py:153} INFO - Started process (PID=6604) to work on /opt/airflow/dags/dag_etl_incident.py
[2022-12-13T17:02:31.268+0000] {processor.py:743} INFO - Processing file /opt/airflow/dags/dag_etl_incident.py for tasks to queue
[2022-12-13T17:02:31.269+0000] {logging_mixin.py:137} INFO - [2022-12-13T17:02:31.268+0000] {dagbag.py:538} INFO - Filling up the DagBag from /opt/airflow/dags/dag_etl_incident.py
[2022-12-13T17:02:31.884+0000] {processor.py:753} INFO - DAG(s) dict_keys(['incident_etl']) retrieved from /opt/airflow/dags/dag_etl_incident.py
[2022-12-13T17:02:31.908+0000] {logging_mixin.py:137} INFO - [2022-12-13T17:02:31.907+0000] {dag.py:2676} INFO - Sync 1 DAGs
[2022-12-13T17:02:31.937+0000] {logging_mixin.py:137} INFO - [2022-12-13T17:02:31.937+0000] {dag.py:3427} INFO - Setting next_dagrun for incident_etl to 2022-12-13T00:00:00+00:00, run_after=2022-12-14T00:00:00+00:00
[2022-12-13T17:02:31.967+0000] {processor.py:175} INFO - Processing /opt/airflow/dags/dag_etl_incident.py took 0.704 seconds
[2022-12-13T17:03:02.133+0000] {processor.py:153} INFO - Started process (PID=6673) to work on /opt/airflow/dags/dag_etl_incident.py
[2022-12-13T17:03:02.135+0000] {processor.py:743} INFO - Processing file /opt/airflow/dags/dag_etl_incident.py for tasks to queue
[2022-12-13T17:03:02.137+0000] {logging_mixin.py:137} INFO - [2022-12-13T17:03:02.136+0000] {dagbag.py:538} INFO - Filling up the DagBag from /opt/airflow/dags/dag_etl_incident.py
[2022-12-13T17:03:02.959+0000] {processor.py:753} INFO - DAG(s) dict_keys(['incident_etl']) retrieved from /opt/airflow/dags/dag_etl_incident.py
[2022-12-13T17:03:02.990+0000] {logging_mixin.py:137} INFO - [2022-12-13T17:03:02.989+0000] {dag.py:2676} INFO - Sync 1 DAGs
[2022-12-13T17:03:03.028+0000] {logging_mixin.py:137} INFO - [2022-12-13T17:03:03.028+0000] {dag.py:3427} INFO - Setting next_dagrun for incident_etl to 2022-12-13T00:00:00+00:00, run_after=2022-12-14T00:00:00+00:00
[2022-12-13T17:03:03.061+0000] {processor.py:175} INFO - Processing /opt/airflow/dags/dag_etl_incident.py took 0.934 seconds
[2022-12-13T17:03:33.272+0000] {processor.py:153} INFO - Started process (PID=6742) to work on /opt/airflow/dags/dag_etl_incident.py
[2022-12-13T17:03:33.273+0000] {processor.py:743} INFO - Processing file /opt/airflow/dags/dag_etl_incident.py for tasks to queue
[2022-12-13T17:03:33.274+0000] {logging_mixin.py:137} INFO - [2022-12-13T17:03:33.274+0000] {dagbag.py:538} INFO - Filling up the DagBag from /opt/airflow/dags/dag_etl_incident.py
[2022-12-13T17:03:33.920+0000] {processor.py:753} INFO - DAG(s) dict_keys(['incident_etl']) retrieved from /opt/airflow/dags/dag_etl_incident.py
[2022-12-13T17:03:33.943+0000] {logging_mixin.py:137} INFO - [2022-12-13T17:03:33.943+0000] {dag.py:2676} INFO - Sync 1 DAGs
[2022-12-13T17:03:33.968+0000] {logging_mixin.py:137} INFO - [2022-12-13T17:03:33.968+0000] {dag.py:3427} INFO - Setting next_dagrun for incident_etl to 2022-12-13T00:00:00+00:00, run_after=2022-12-14T00:00:00+00:00
[2022-12-13T17:03:33.990+0000] {processor.py:175} INFO - Processing /opt/airflow/dags/dag_etl_incident.py took 0.721 seconds
[2022-12-13T17:04:04.058+0000] {processor.py:153} INFO - Started process (PID=6811) to work on /opt/airflow/dags/dag_etl_incident.py
[2022-12-13T17:04:04.059+0000] {processor.py:743} INFO - Processing file /opt/airflow/dags/dag_etl_incident.py for tasks to queue
[2022-12-13T17:04:04.061+0000] {logging_mixin.py:137} INFO - [2022-12-13T17:04:04.060+0000] {dagbag.py:538} INFO - Filling up the DagBag from /opt/airflow/dags/dag_etl_incident.py
[2022-12-13T17:04:04.763+0000] {processor.py:753} INFO - DAG(s) dict_keys(['incident_etl']) retrieved from /opt/airflow/dags/dag_etl_incident.py
[2022-12-13T17:04:04.793+0000] {logging_mixin.py:137} INFO - [2022-12-13T17:04:04.792+0000] {dag.py:2676} INFO - Sync 1 DAGs
[2022-12-13T17:04:04.822+0000] {logging_mixin.py:137} INFO - [2022-12-13T17:04:04.822+0000] {dag.py:3427} INFO - Setting next_dagrun for incident_etl to 2022-12-13T00:00:00+00:00, run_after=2022-12-14T00:00:00+00:00
[2022-12-13T17:04:04.850+0000] {processor.py:175} INFO - Processing /opt/airflow/dags/dag_etl_incident.py took 0.796 seconds
[2022-12-13T17:04:30.106+0000] {processor.py:153} INFO - Started process (PID=6866) to work on /opt/airflow/dags/dag_etl_incident.py
[2022-12-13T17:04:30.108+0000] {processor.py:743} INFO - Processing file /opt/airflow/dags/dag_etl_incident.py for tasks to queue
[2022-12-13T17:04:30.109+0000] {logging_mixin.py:137} INFO - [2022-12-13T17:04:30.109+0000] {dagbag.py:538} INFO - Filling up the DagBag from /opt/airflow/dags/dag_etl_incident.py
[2022-12-13T17:04:30.800+0000] {processor.py:753} INFO - DAG(s) dict_keys(['incident_etl']) retrieved from /opt/airflow/dags/dag_etl_incident.py
[2022-12-13T17:04:30.870+0000] {logging_mixin.py:137} INFO - [2022-12-13T17:04:30.869+0000] {dag.py:2676} INFO - Sync 1 DAGs
[2022-12-13T17:04:30.905+0000] {logging_mixin.py:137} INFO - [2022-12-13T17:04:30.905+0000] {dag.py:3427} INFO - Setting next_dagrun for incident_etl to 2022-12-13T00:00:00+00:00, run_after=2022-12-14T00:00:00+00:00
[2022-12-13T17:04:30.935+0000] {processor.py:175} INFO - Processing /opt/airflow/dags/dag_etl_incident.py took 0.832 seconds
[2022-12-13T17:05:01.092+0000] {processor.py:153} INFO - Started process (PID=6937) to work on /opt/airflow/dags/dag_etl_incident.py
[2022-12-13T17:05:01.096+0000] {processor.py:743} INFO - Processing file /opt/airflow/dags/dag_etl_incident.py for tasks to queue
[2022-12-13T17:05:01.099+0000] {logging_mixin.py:137} INFO - [2022-12-13T17:05:01.098+0000] {dagbag.py:538} INFO - Filling up the DagBag from /opt/airflow/dags/dag_etl_incident.py
[2022-12-13T17:05:01.809+0000] {processor.py:753} INFO - DAG(s) dict_keys(['incident_etl']) retrieved from /opt/airflow/dags/dag_etl_incident.py
[2022-12-13T17:05:01.832+0000] {logging_mixin.py:137} INFO - [2022-12-13T17:05:01.832+0000] {dag.py:2676} INFO - Sync 1 DAGs
[2022-12-13T17:05:01.859+0000] {logging_mixin.py:137} INFO - [2022-12-13T17:05:01.859+0000] {dag.py:3427} INFO - Setting next_dagrun for incident_etl to 2022-12-13T00:00:00+00:00, run_after=2022-12-14T00:00:00+00:00
[2022-12-13T17:05:01.880+0000] {processor.py:175} INFO - Processing /opt/airflow/dags/dag_etl_incident.py took 0.798 seconds
[2022-12-13T17:05:32.574+0000] {processor.py:153} INFO - Started process (PID=7005) to work on /opt/airflow/dags/dag_etl_incident.py
[2022-12-13T17:05:32.575+0000] {processor.py:743} INFO - Processing file /opt/airflow/dags/dag_etl_incident.py for tasks to queue
[2022-12-13T17:05:32.576+0000] {logging_mixin.py:137} INFO - [2022-12-13T17:05:32.576+0000] {dagbag.py:538} INFO - Filling up the DagBag from /opt/airflow/dags/dag_etl_incident.py
[2022-12-13T17:05:33.159+0000] {processor.py:753} INFO - DAG(s) dict_keys(['incident_etl']) retrieved from /opt/airflow/dags/dag_etl_incident.py
[2022-12-13T17:05:33.185+0000] {logging_mixin.py:137} INFO - [2022-12-13T17:05:33.185+0000] {dag.py:2676} INFO - Sync 1 DAGs
[2022-12-13T17:05:33.212+0000] {logging_mixin.py:137} INFO - [2022-12-13T17:05:33.212+0000] {dag.py:3427} INFO - Setting next_dagrun for incident_etl to 2022-12-13T00:00:00+00:00, run_after=2022-12-14T00:00:00+00:00
[2022-12-13T17:05:33.238+0000] {processor.py:175} INFO - Processing /opt/airflow/dags/dag_etl_incident.py took 0.667 seconds
[2022-12-13T17:05:54.156+0000] {processor.py:153} INFO - Started process (PID=7063) to work on /opt/airflow/dags/dag_etl_incident.py
[2022-12-13T17:05:54.165+0000] {processor.py:743} INFO - Processing file /opt/airflow/dags/dag_etl_incident.py for tasks to queue
[2022-12-13T17:05:54.188+0000] {logging_mixin.py:137} INFO - [2022-12-13T17:05:54.188+0000] {dagbag.py:538} INFO - Filling up the DagBag from /opt/airflow/dags/dag_etl_incident.py
[2022-12-13T17:05:57.322+0000] {processor.py:753} INFO - DAG(s) dict_keys(['incident_etl']) retrieved from /opt/airflow/dags/dag_etl_incident.py
[2022-12-13T17:05:57.414+0000] {logging_mixin.py:137} INFO - [2022-12-13T17:05:57.414+0000] {dag.py:2676} INFO - Sync 1 DAGs
[2022-12-13T17:05:57.447+0000] {logging_mixin.py:137} INFO - [2022-12-13T17:05:57.447+0000] {dag.py:3427} INFO - Setting next_dagrun for incident_etl to 2022-12-13T00:00:00+00:00, run_after=2022-12-14T00:00:00+00:00
[2022-12-13T17:05:57.484+0000] {processor.py:175} INFO - Processing /opt/airflow/dags/dag_etl_incident.py took 3.350 seconds
[2022-12-13T17:06:28.283+0000] {processor.py:153} INFO - Started process (PID=7137) to work on /opt/airflow/dags/dag_etl_incident.py
[2022-12-13T17:06:28.285+0000] {processor.py:743} INFO - Processing file /opt/airflow/dags/dag_etl_incident.py for tasks to queue
[2022-12-13T17:06:28.287+0000] {logging_mixin.py:137} INFO - [2022-12-13T17:06:28.286+0000] {dagbag.py:538} INFO - Filling up the DagBag from /opt/airflow/dags/dag_etl_incident.py
[2022-12-13T17:06:28.948+0000] {processor.py:753} INFO - DAG(s) dict_keys(['incident_etl']) retrieved from /opt/airflow/dags/dag_etl_incident.py
[2022-12-13T17:06:28.976+0000] {logging_mixin.py:137} INFO - [2022-12-13T17:06:28.975+0000] {dag.py:2676} INFO - Sync 1 DAGs
[2022-12-13T17:06:29.016+0000] {logging_mixin.py:137} INFO - [2022-12-13T17:06:29.016+0000] {dag.py:3427} INFO - Setting next_dagrun for incident_etl to 2022-12-13T00:00:00+00:00, run_after=2022-12-14T00:00:00+00:00
[2022-12-13T17:06:29.046+0000] {processor.py:175} INFO - Processing /opt/airflow/dags/dag_etl_incident.py took 0.766 seconds
[2022-12-13T17:06:59.810+0000] {processor.py:153} INFO - Started process (PID=7204) to work on /opt/airflow/dags/dag_etl_incident.py
[2022-12-13T17:06:59.811+0000] {processor.py:743} INFO - Processing file /opt/airflow/dags/dag_etl_incident.py for tasks to queue
[2022-12-13T17:06:59.812+0000] {logging_mixin.py:137} INFO - [2022-12-13T17:06:59.812+0000] {dagbag.py:538} INFO - Filling up the DagBag from /opt/airflow/dags/dag_etl_incident.py
[2022-12-13T17:07:00.456+0000] {processor.py:753} INFO - DAG(s) dict_keys(['incident_etl']) retrieved from /opt/airflow/dags/dag_etl_incident.py
[2022-12-13T17:07:00.479+0000] {logging_mixin.py:137} INFO - [2022-12-13T17:07:00.478+0000] {dag.py:2676} INFO - Sync 1 DAGs
[2022-12-13T17:07:00.506+0000] {logging_mixin.py:137} INFO - [2022-12-13T17:07:00.505+0000] {dag.py:3427} INFO - Setting next_dagrun for incident_etl to 2022-12-13T00:00:00+00:00, run_after=2022-12-14T00:00:00+00:00
[2022-12-13T17:07:00.533+0000] {processor.py:175} INFO - Processing /opt/airflow/dags/dag_etl_incident.py took 0.725 seconds
[2022-12-13T17:07:18.373+0000] {processor.py:153} INFO - Started process (PID=7259) to work on /opt/airflow/dags/dag_etl_incident.py
[2022-12-13T17:07:18.375+0000] {processor.py:743} INFO - Processing file /opt/airflow/dags/dag_etl_incident.py for tasks to queue
[2022-12-13T17:07:18.376+0000] {logging_mixin.py:137} INFO - [2022-12-13T17:07:18.376+0000] {dagbag.py:538} INFO - Filling up the DagBag from /opt/airflow/dags/dag_etl_incident.py
[2022-12-13T17:07:18.984+0000] {processor.py:753} INFO - DAG(s) dict_keys(['incident_etl']) retrieved from /opt/airflow/dags/dag_etl_incident.py
[2022-12-13T17:07:19.073+0000] {logging_mixin.py:137} INFO - [2022-12-13T17:07:19.072+0000] {dag.py:2676} INFO - Sync 1 DAGs
[2022-12-13T17:07:19.110+0000] {logging_mixin.py:137} INFO - [2022-12-13T17:07:19.109+0000] {dag.py:3427} INFO - Setting next_dagrun for incident_etl to 2022-12-13T00:00:00+00:00, run_after=2022-12-14T00:00:00+00:00
[2022-12-13T17:07:19.142+0000] {processor.py:175} INFO - Processing /opt/airflow/dags/dag_etl_incident.py took 0.772 seconds
[2022-12-13T17:07:49.267+0000] {processor.py:153} INFO - Started process (PID=7326) to work on /opt/airflow/dags/dag_etl_incident.py
[2022-12-13T17:07:49.268+0000] {processor.py:743} INFO - Processing file /opt/airflow/dags/dag_etl_incident.py for tasks to queue
[2022-12-13T17:07:49.269+0000] {logging_mixin.py:137} INFO - [2022-12-13T17:07:49.268+0000] {dagbag.py:538} INFO - Filling up the DagBag from /opt/airflow/dags/dag_etl_incident.py
[2022-12-13T17:07:49.978+0000] {processor.py:753} INFO - DAG(s) dict_keys(['incident_etl']) retrieved from /opt/airflow/dags/dag_etl_incident.py
[2022-12-13T17:07:50.006+0000] {logging_mixin.py:137} INFO - [2022-12-13T17:07:50.006+0000] {dag.py:2676} INFO - Sync 1 DAGs
[2022-12-13T17:07:50.033+0000] {logging_mixin.py:137} INFO - [2022-12-13T17:07:50.032+0000] {dag.py:3427} INFO - Setting next_dagrun for incident_etl to 2022-12-13T00:00:00+00:00, run_after=2022-12-14T00:00:00+00:00
[2022-12-13T17:07:50.057+0000] {processor.py:175} INFO - Processing /opt/airflow/dags/dag_etl_incident.py took 0.794 seconds
[2022-12-13T17:08:00.152+0000] {processor.py:153} INFO - Started process (PID=7342) to work on /opt/airflow/dags/dag_etl_incident.py
[2022-12-13T17:08:00.153+0000] {processor.py:743} INFO - Processing file /opt/airflow/dags/dag_etl_incident.py for tasks to queue
[2022-12-13T17:08:00.154+0000] {logging_mixin.py:137} INFO - [2022-12-13T17:08:00.154+0000] {dagbag.py:538} INFO - Filling up the DagBag from /opt/airflow/dags/dag_etl_incident.py
[2022-12-13T17:08:00.903+0000] {processor.py:753} INFO - DAG(s) dict_keys(['incident_etl']) retrieved from /opt/airflow/dags/dag_etl_incident.py
[2022-12-13T17:08:00.926+0000] {logging_mixin.py:137} INFO - [2022-12-13T17:08:00.925+0000] {dag.py:2676} INFO - Sync 1 DAGs
[2022-12-13T17:08:00.954+0000] {logging_mixin.py:137} INFO - [2022-12-13T17:08:00.954+0000] {dag.py:3427} INFO - Setting next_dagrun for incident_etl to 2022-12-13T00:00:00+00:00, run_after=2022-12-14T00:00:00+00:00
[2022-12-13T17:08:00.980+0000] {processor.py:175} INFO - Processing /opt/airflow/dags/dag_etl_incident.py took 0.833 seconds
[2022-12-13T17:08:31.178+0000] {processor.py:153} INFO - Started process (PID=7412) to work on /opt/airflow/dags/dag_etl_incident.py
[2022-12-13T17:08:31.179+0000] {processor.py:743} INFO - Processing file /opt/airflow/dags/dag_etl_incident.py for tasks to queue
[2022-12-13T17:08:31.181+0000] {logging_mixin.py:137} INFO - [2022-12-13T17:08:31.180+0000] {dagbag.py:538} INFO - Filling up the DagBag from /opt/airflow/dags/dag_etl_incident.py
[2022-12-13T17:08:31.918+0000] {processor.py:753} INFO - DAG(s) dict_keys(['incident_etl']) retrieved from /opt/airflow/dags/dag_etl_incident.py
[2022-12-13T17:08:31.949+0000] {logging_mixin.py:137} INFO - [2022-12-13T17:08:31.949+0000] {dag.py:2676} INFO - Sync 1 DAGs
[2022-12-13T17:08:31.977+0000] {logging_mixin.py:137} INFO - [2022-12-13T17:08:31.977+0000] {dag.py:3427} INFO - Setting next_dagrun for incident_etl to 2022-12-13T00:00:00+00:00, run_after=2022-12-14T00:00:00+00:00
[2022-12-13T17:08:32.011+0000] {processor.py:175} INFO - Processing /opt/airflow/dags/dag_etl_incident.py took 0.836 seconds
[2022-12-13T17:09:02.215+0000] {processor.py:153} INFO - Started process (PID=7479) to work on /opt/airflow/dags/dag_etl_incident.py
[2022-12-13T17:09:02.216+0000] {processor.py:743} INFO - Processing file /opt/airflow/dags/dag_etl_incident.py for tasks to queue
[2022-12-13T17:09:02.216+0000] {logging_mixin.py:137} INFO - [2022-12-13T17:09:02.216+0000] {dagbag.py:538} INFO - Filling up the DagBag from /opt/airflow/dags/dag_etl_incident.py
[2022-12-13T17:09:02.788+0000] {processor.py:753} INFO - DAG(s) dict_keys(['incident_etl']) retrieved from /opt/airflow/dags/dag_etl_incident.py
[2022-12-13T17:09:02.815+0000] {logging_mixin.py:137} INFO - [2022-12-13T17:09:02.815+0000] {dag.py:2676} INFO - Sync 1 DAGs
[2022-12-13T17:09:02.846+0000] {logging_mixin.py:137} INFO - [2022-12-13T17:09:02.846+0000] {dag.py:3427} INFO - Setting next_dagrun for incident_etl to 2022-12-13T00:00:00+00:00, run_after=2022-12-14T00:00:00+00:00
[2022-12-13T17:09:02.878+0000] {processor.py:175} INFO - Processing /opt/airflow/dags/dag_etl_incident.py took 0.667 seconds
[2022-12-13T17:09:28.388+0000] {processor.py:153} INFO - Started process (PID=7539) to work on /opt/airflow/dags/dag_etl_incident.py
[2022-12-13T17:09:28.389+0000] {processor.py:743} INFO - Processing file /opt/airflow/dags/dag_etl_incident.py for tasks to queue
[2022-12-13T17:09:28.390+0000] {logging_mixin.py:137} INFO - [2022-12-13T17:09:28.390+0000] {dagbag.py:538} INFO - Filling up the DagBag from /opt/airflow/dags/dag_etl_incident.py
[2022-12-13T17:09:28.950+0000] {processor.py:753} INFO - DAG(s) dict_keys(['incident_etl']) retrieved from /opt/airflow/dags/dag_etl_incident.py
[2022-12-13T17:09:29.066+0000] {logging_mixin.py:137} INFO - [2022-12-13T17:09:29.065+0000] {dag.py:2676} INFO - Sync 1 DAGs
[2022-12-13T17:09:29.091+0000] {logging_mixin.py:137} INFO - [2022-12-13T17:09:29.090+0000] {dag.py:3427} INFO - Setting next_dagrun for incident_etl to 2022-12-13T00:00:00+00:00, run_after=2022-12-14T00:00:00+00:00
[2022-12-13T17:09:29.118+0000] {processor.py:175} INFO - Processing /opt/airflow/dags/dag_etl_incident.py took 0.732 seconds
[2022-12-13T17:09:59.799+0000] {processor.py:153} INFO - Started process (PID=7606) to work on /opt/airflow/dags/dag_etl_incident.py
[2022-12-13T17:09:59.812+0000] {processor.py:743} INFO - Processing file /opt/airflow/dags/dag_etl_incident.py for tasks to queue
[2022-12-13T17:09:59.813+0000] {logging_mixin.py:137} INFO - [2022-12-13T17:09:59.813+0000] {dagbag.py:538} INFO - Filling up the DagBag from /opt/airflow/dags/dag_etl_incident.py
[2022-12-13T17:10:00.419+0000] {processor.py:753} INFO - DAG(s) dict_keys(['incident_etl']) retrieved from /opt/airflow/dags/dag_etl_incident.py
[2022-12-13T17:10:00.442+0000] {logging_mixin.py:137} INFO - [2022-12-13T17:10:00.442+0000] {dag.py:2676} INFO - Sync 1 DAGs
[2022-12-13T17:10:00.467+0000] {logging_mixin.py:137} INFO - [2022-12-13T17:10:00.467+0000] {dag.py:3427} INFO - Setting next_dagrun for incident_etl to 2022-12-13T00:00:00+00:00, run_after=2022-12-14T00:00:00+00:00
[2022-12-13T17:10:00.491+0000] {processor.py:175} INFO - Processing /opt/airflow/dags/dag_etl_incident.py took 0.695 seconds
[2022-12-13T17:10:30.701+0000] {processor.py:153} INFO - Started process (PID=7674) to work on /opt/airflow/dags/dag_etl_incident.py
[2022-12-13T17:10:30.702+0000] {processor.py:743} INFO - Processing file /opt/airflow/dags/dag_etl_incident.py for tasks to queue
[2022-12-13T17:10:30.703+0000] {logging_mixin.py:137} INFO - [2022-12-13T17:10:30.702+0000] {dagbag.py:538} INFO - Filling up the DagBag from /opt/airflow/dags/dag_etl_incident.py
[2022-12-13T17:10:31.344+0000] {processor.py:753} INFO - DAG(s) dict_keys(['incident_etl']) retrieved from /opt/airflow/dags/dag_etl_incident.py
[2022-12-13T17:10:31.368+0000] {logging_mixin.py:137} INFO - [2022-12-13T17:10:31.368+0000] {dag.py:2676} INFO - Sync 1 DAGs
[2022-12-13T17:10:31.397+0000] {logging_mixin.py:137} INFO - [2022-12-13T17:10:31.397+0000] {dag.py:3427} INFO - Setting next_dagrun for incident_etl to 2022-12-13T00:00:00+00:00, run_after=2022-12-14T00:00:00+00:00
[2022-12-13T17:10:31.421+0000] {processor.py:175} INFO - Processing /opt/airflow/dags/dag_etl_incident.py took 0.723 seconds
[2022-12-13T17:11:02.214+0000] {processor.py:153} INFO - Started process (PID=7742) to work on /opt/airflow/dags/dag_etl_incident.py
[2022-12-13T17:11:02.216+0000] {processor.py:743} INFO - Processing file /opt/airflow/dags/dag_etl_incident.py for tasks to queue
[2022-12-13T17:11:02.217+0000] {logging_mixin.py:137} INFO - [2022-12-13T17:11:02.217+0000] {dagbag.py:538} INFO - Filling up the DagBag from /opt/airflow/dags/dag_etl_incident.py
[2022-12-13T17:11:02.802+0000] {processor.py:753} INFO - DAG(s) dict_keys(['incident_etl']) retrieved from /opt/airflow/dags/dag_etl_incident.py
[2022-12-13T17:11:02.826+0000] {logging_mixin.py:137} INFO - [2022-12-13T17:11:02.826+0000] {dag.py:2676} INFO - Sync 1 DAGs
[2022-12-13T17:11:02.854+0000] {logging_mixin.py:137} INFO - [2022-12-13T17:11:02.854+0000] {dag.py:3427} INFO - Setting next_dagrun for incident_etl to 2022-12-13T00:00:00+00:00, run_after=2022-12-14T00:00:00+00:00
[2022-12-13T17:11:02.880+0000] {processor.py:175} INFO - Processing /opt/airflow/dags/dag_etl_incident.py took 0.668 seconds
[2022-12-13T17:11:33.333+0000] {processor.py:153} INFO - Started process (PID=7816) to work on /opt/airflow/dags/dag_etl_incident.py
[2022-12-13T17:11:33.333+0000] {processor.py:743} INFO - Processing file /opt/airflow/dags/dag_etl_incident.py for tasks to queue
[2022-12-13T17:11:33.334+0000] {logging_mixin.py:137} INFO - [2022-12-13T17:11:33.334+0000] {dagbag.py:538} INFO - Filling up the DagBag from /opt/airflow/dags/dag_etl_incident.py
[2022-12-13T17:11:33.888+0000] {processor.py:753} INFO - DAG(s) dict_keys(['incident_etl']) retrieved from /opt/airflow/dags/dag_etl_incident.py
[2022-12-13T17:11:33.912+0000] {logging_mixin.py:137} INFO - [2022-12-13T17:11:33.912+0000] {dag.py:2676} INFO - Sync 1 DAGs
[2022-12-13T17:11:33.936+0000] {logging_mixin.py:137} INFO - [2022-12-13T17:11:33.936+0000] {dag.py:3427} INFO - Setting next_dagrun for incident_etl to 2022-12-13T00:00:00+00:00, run_after=2022-12-14T00:00:00+00:00
[2022-12-13T17:11:33.969+0000] {processor.py:175} INFO - Processing /opt/airflow/dags/dag_etl_incident.py took 0.639 seconds
[2022-12-13T17:12:04.458+0000] {processor.py:153} INFO - Started process (PID=7883) to work on /opt/airflow/dags/dag_etl_incident.py
[2022-12-13T17:12:04.460+0000] {processor.py:743} INFO - Processing file /opt/airflow/dags/dag_etl_incident.py for tasks to queue
[2022-12-13T17:12:04.461+0000] {logging_mixin.py:137} INFO - [2022-12-13T17:12:04.461+0000] {dagbag.py:538} INFO - Filling up the DagBag from /opt/airflow/dags/dag_etl_incident.py
[2022-12-13T17:12:05.048+0000] {processor.py:753} INFO - DAG(s) dict_keys(['incident_etl']) retrieved from /opt/airflow/dags/dag_etl_incident.py
[2022-12-13T17:12:05.071+0000] {logging_mixin.py:137} INFO - [2022-12-13T17:12:05.070+0000] {dag.py:2676} INFO - Sync 1 DAGs
[2022-12-13T17:12:05.097+0000] {logging_mixin.py:137} INFO - [2022-12-13T17:12:05.097+0000] {dag.py:3427} INFO - Setting next_dagrun for incident_etl to 2022-12-13T00:00:00+00:00, run_after=2022-12-14T00:00:00+00:00
[2022-12-13T17:12:05.120+0000] {processor.py:175} INFO - Processing /opt/airflow/dags/dag_etl_incident.py took 0.665 seconds
[2022-12-13T17:12:35.502+0000] {processor.py:153} INFO - Started process (PID=7951) to work on /opt/airflow/dags/dag_etl_incident.py
[2022-12-13T17:12:35.504+0000] {processor.py:743} INFO - Processing file /opt/airflow/dags/dag_etl_incident.py for tasks to queue
[2022-12-13T17:12:35.505+0000] {logging_mixin.py:137} INFO - [2022-12-13T17:12:35.505+0000] {dagbag.py:538} INFO - Filling up the DagBag from /opt/airflow/dags/dag_etl_incident.py
[2022-12-13T17:12:36.108+0000] {processor.py:753} INFO - DAG(s) dict_keys(['incident_etl']) retrieved from /opt/airflow/dags/dag_etl_incident.py
[2022-12-13T17:12:36.131+0000] {logging_mixin.py:137} INFO - [2022-12-13T17:12:36.130+0000] {dag.py:2676} INFO - Sync 1 DAGs
[2022-12-13T17:12:36.157+0000] {logging_mixin.py:137} INFO - [2022-12-13T17:12:36.157+0000] {dag.py:3427} INFO - Setting next_dagrun for incident_etl to 2022-12-13T00:00:00+00:00, run_after=2022-12-14T00:00:00+00:00
[2022-12-13T17:12:36.181+0000] {processor.py:175} INFO - Processing /opt/airflow/dags/dag_etl_incident.py took 0.682 seconds
[2022-12-13T17:13:06.322+0000] {processor.py:153} INFO - Started process (PID=8019) to work on /opt/airflow/dags/dag_etl_incident.py
[2022-12-13T17:13:06.323+0000] {processor.py:743} INFO - Processing file /opt/airflow/dags/dag_etl_incident.py for tasks to queue
[2022-12-13T17:13:06.324+0000] {logging_mixin.py:137} INFO - [2022-12-13T17:13:06.324+0000] {dagbag.py:538} INFO - Filling up the DagBag from /opt/airflow/dags/dag_etl_incident.py
[2022-12-13T17:13:06.969+0000] {processor.py:753} INFO - DAG(s) dict_keys(['incident_etl']) retrieved from /opt/airflow/dags/dag_etl_incident.py
[2022-12-13T17:13:06.995+0000] {logging_mixin.py:137} INFO - [2022-12-13T17:13:06.994+0000] {dag.py:2676} INFO - Sync 1 DAGs
[2022-12-13T17:13:07.024+0000] {logging_mixin.py:137} INFO - [2022-12-13T17:13:07.024+0000] {dag.py:3427} INFO - Setting next_dagrun for incident_etl to 2022-12-13T00:00:00+00:00, run_after=2022-12-14T00:00:00+00:00
[2022-12-13T17:13:07.050+0000] {processor.py:175} INFO - Processing /opt/airflow/dags/dag_etl_incident.py took 0.733 seconds
[2022-12-13T17:13:37.358+0000] {processor.py:153} INFO - Started process (PID=8086) to work on /opt/airflow/dags/dag_etl_incident.py
[2022-12-13T17:13:37.360+0000] {processor.py:743} INFO - Processing file /opt/airflow/dags/dag_etl_incident.py for tasks to queue
[2022-12-13T17:13:37.361+0000] {logging_mixin.py:137} INFO - [2022-12-13T17:13:37.361+0000] {dagbag.py:538} INFO - Filling up the DagBag from /opt/airflow/dags/dag_etl_incident.py
[2022-12-13T17:13:37.893+0000] {processor.py:753} INFO - DAG(s) dict_keys(['incident_etl']) retrieved from /opt/airflow/dags/dag_etl_incident.py
[2022-12-13T17:13:37.915+0000] {logging_mixin.py:137} INFO - [2022-12-13T17:13:37.914+0000] {dag.py:2676} INFO - Sync 1 DAGs
[2022-12-13T17:13:37.939+0000] {logging_mixin.py:137} INFO - [2022-12-13T17:13:37.939+0000] {dag.py:3427} INFO - Setting next_dagrun for incident_etl to 2022-12-13T00:00:00+00:00, run_after=2022-12-14T00:00:00+00:00
[2022-12-13T17:13:37.958+0000] {processor.py:175} INFO - Processing /opt/airflow/dags/dag_etl_incident.py took 0.604 seconds
[2022-12-13T17:14:08.577+0000] {processor.py:153} INFO - Started process (PID=8153) to work on /opt/airflow/dags/dag_etl_incident.py
[2022-12-13T17:14:08.578+0000] {processor.py:743} INFO - Processing file /opt/airflow/dags/dag_etl_incident.py for tasks to queue
[2022-12-13T17:14:08.578+0000] {logging_mixin.py:137} INFO - [2022-12-13T17:14:08.578+0000] {dagbag.py:538} INFO - Filling up the DagBag from /opt/airflow/dags/dag_etl_incident.py
[2022-12-13T17:14:09.121+0000] {processor.py:753} INFO - DAG(s) dict_keys(['incident_etl']) retrieved from /opt/airflow/dags/dag_etl_incident.py
[2022-12-13T17:14:09.143+0000] {logging_mixin.py:137} INFO - [2022-12-13T17:14:09.142+0000] {dag.py:2676} INFO - Sync 1 DAGs
[2022-12-13T17:14:09.167+0000] {logging_mixin.py:137} INFO - [2022-12-13T17:14:09.167+0000] {dag.py:3427} INFO - Setting next_dagrun for incident_etl to 2022-12-13T00:00:00+00:00, run_after=2022-12-14T00:00:00+00:00
[2022-12-13T17:14:09.188+0000] {processor.py:175} INFO - Processing /opt/airflow/dags/dag_etl_incident.py took 0.613 seconds
[2022-12-13T17:14:39.219+0000] {processor.py:153} INFO - Started process (PID=8220) to work on /opt/airflow/dags/dag_etl_incident.py
[2022-12-13T17:14:39.221+0000] {processor.py:743} INFO - Processing file /opt/airflow/dags/dag_etl_incident.py for tasks to queue
[2022-12-13T17:14:39.222+0000] {logging_mixin.py:137} INFO - [2022-12-13T17:14:39.222+0000] {dagbag.py:538} INFO - Filling up the DagBag from /opt/airflow/dags/dag_etl_incident.py
[2022-12-13T17:14:39.945+0000] {processor.py:753} INFO - DAG(s) dict_keys(['incident_etl']) retrieved from /opt/airflow/dags/dag_etl_incident.py
[2022-12-13T17:14:39.969+0000] {logging_mixin.py:137} INFO - [2022-12-13T17:14:39.968+0000] {dag.py:2676} INFO - Sync 1 DAGs
[2022-12-13T17:14:39.996+0000] {logging_mixin.py:137} INFO - [2022-12-13T17:14:39.995+0000] {dag.py:3427} INFO - Setting next_dagrun for incident_etl to 2022-12-13T00:00:00+00:00, run_after=2022-12-14T00:00:00+00:00
[2022-12-13T17:14:40.020+0000] {processor.py:175} INFO - Processing /opt/airflow/dags/dag_etl_incident.py took 0.804 seconds
[2022-12-13T17:15:10.332+0000] {processor.py:153} INFO - Started process (PID=8286) to work on /opt/airflow/dags/dag_etl_incident.py
[2022-12-13T17:15:10.334+0000] {processor.py:743} INFO - Processing file /opt/airflow/dags/dag_etl_incident.py for tasks to queue
[2022-12-13T17:15:10.334+0000] {logging_mixin.py:137} INFO - [2022-12-13T17:15:10.334+0000] {dagbag.py:538} INFO - Filling up the DagBag from /opt/airflow/dags/dag_etl_incident.py
[2022-12-13T17:15:11.121+0000] {processor.py:753} INFO - DAG(s) dict_keys(['incident_etl']) retrieved from /opt/airflow/dags/dag_etl_incident.py
[2022-12-13T17:15:11.151+0000] {logging_mixin.py:137} INFO - [2022-12-13T17:15:11.150+0000] {dag.py:2676} INFO - Sync 1 DAGs
[2022-12-13T17:15:11.180+0000] {logging_mixin.py:137} INFO - [2022-12-13T17:15:11.180+0000] {dag.py:3427} INFO - Setting next_dagrun for incident_etl to 2022-12-13T00:00:00+00:00, run_after=2022-12-14T00:00:00+00:00
[2022-12-13T17:15:11.208+0000] {processor.py:175} INFO - Processing /opt/airflow/dags/dag_etl_incident.py took 0.880 seconds
[2022-12-13T17:15:41.350+0000] {processor.py:153} INFO - Started process (PID=8353) to work on /opt/airflow/dags/dag_etl_incident.py
[2022-12-13T17:15:41.354+0000] {processor.py:743} INFO - Processing file /opt/airflow/dags/dag_etl_incident.py for tasks to queue
[2022-12-13T17:15:41.356+0000] {logging_mixin.py:137} INFO - [2022-12-13T17:15:41.356+0000] {dagbag.py:538} INFO - Filling up the DagBag from /opt/airflow/dags/dag_etl_incident.py
[2022-12-13T17:15:42.075+0000] {processor.py:753} INFO - DAG(s) dict_keys(['incident_etl']) retrieved from /opt/airflow/dags/dag_etl_incident.py
[2022-12-13T17:15:42.108+0000] {logging_mixin.py:137} INFO - [2022-12-13T17:15:42.107+0000] {dag.py:2676} INFO - Sync 1 DAGs
[2022-12-13T17:15:42.135+0000] {logging_mixin.py:137} INFO - [2022-12-13T17:15:42.135+0000] {dag.py:3427} INFO - Setting next_dagrun for incident_etl to 2022-12-13T00:00:00+00:00, run_after=2022-12-14T00:00:00+00:00
[2022-12-13T17:15:42.159+0000] {processor.py:175} INFO - Processing /opt/airflow/dags/dag_etl_incident.py took 0.812 seconds
[2022-12-13T17:16:12.791+0000] {processor.py:153} INFO - Started process (PID=8420) to work on /opt/airflow/dags/dag_etl_incident.py
[2022-12-13T17:16:12.793+0000] {processor.py:743} INFO - Processing file /opt/airflow/dags/dag_etl_incident.py for tasks to queue
[2022-12-13T17:16:12.794+0000] {logging_mixin.py:137} INFO - [2022-12-13T17:16:12.794+0000] {dagbag.py:538} INFO - Filling up the DagBag from /opt/airflow/dags/dag_etl_incident.py
[2022-12-13T17:16:13.414+0000] {processor.py:753} INFO - DAG(s) dict_keys(['incident_etl']) retrieved from /opt/airflow/dags/dag_etl_incident.py
[2022-12-13T17:16:13.439+0000] {logging_mixin.py:137} INFO - [2022-12-13T17:16:13.438+0000] {dag.py:2676} INFO - Sync 1 DAGs
[2022-12-13T17:16:13.468+0000] {logging_mixin.py:137} INFO - [2022-12-13T17:16:13.468+0000] {dag.py:3427} INFO - Setting next_dagrun for incident_etl to 2022-12-13T00:00:00+00:00, run_after=2022-12-14T00:00:00+00:00
[2022-12-13T17:16:13.494+0000] {processor.py:175} INFO - Processing /opt/airflow/dags/dag_etl_incident.py took 0.706 seconds
[2022-12-13T17:16:43.786+0000] {processor.py:153} INFO - Started process (PID=8487) to work on /opt/airflow/dags/dag_etl_incident.py
[2022-12-13T17:16:43.787+0000] {processor.py:743} INFO - Processing file /opt/airflow/dags/dag_etl_incident.py for tasks to queue
[2022-12-13T17:16:43.788+0000] {logging_mixin.py:137} INFO - [2022-12-13T17:16:43.788+0000] {dagbag.py:538} INFO - Filling up the DagBag from /opt/airflow/dags/dag_etl_incident.py
[2022-12-13T17:16:44.500+0000] {processor.py:753} INFO - DAG(s) dict_keys(['incident_etl']) retrieved from /opt/airflow/dags/dag_etl_incident.py
[2022-12-13T17:16:44.532+0000] {logging_mixin.py:137} INFO - [2022-12-13T17:16:44.531+0000] {dag.py:2676} INFO - Sync 1 DAGs
[2022-12-13T17:16:44.567+0000] {logging_mixin.py:137} INFO - [2022-12-13T17:16:44.567+0000] {dag.py:3427} INFO - Setting next_dagrun for incident_etl to 2022-12-13T00:00:00+00:00, run_after=2022-12-14T00:00:00+00:00
[2022-12-13T17:16:44.593+0000] {processor.py:175} INFO - Processing /opt/airflow/dags/dag_etl_incident.py took 0.811 seconds
[2022-12-13T17:17:14.815+0000] {processor.py:153} INFO - Started process (PID=8554) to work on /opt/airflow/dags/dag_etl_incident.py
[2022-12-13T17:17:14.816+0000] {processor.py:743} INFO - Processing file /opt/airflow/dags/dag_etl_incident.py for tasks to queue
[2022-12-13T17:17:14.817+0000] {logging_mixin.py:137} INFO - [2022-12-13T17:17:14.817+0000] {dagbag.py:538} INFO - Filling up the DagBag from /opt/airflow/dags/dag_etl_incident.py
[2022-12-13T17:17:15.491+0000] {processor.py:753} INFO - DAG(s) dict_keys(['incident_etl']) retrieved from /opt/airflow/dags/dag_etl_incident.py
[2022-12-13T17:17:15.519+0000] {logging_mixin.py:137} INFO - [2022-12-13T17:17:15.519+0000] {dag.py:2676} INFO - Sync 1 DAGs
[2022-12-13T17:17:15.567+0000] {logging_mixin.py:137} INFO - [2022-12-13T17:17:15.567+0000] {dag.py:3427} INFO - Setting next_dagrun for incident_etl to 2022-12-13T00:00:00+00:00, run_after=2022-12-14T00:00:00+00:00
[2022-12-13T17:17:15.609+0000] {processor.py:175} INFO - Processing /opt/airflow/dags/dag_etl_incident.py took 0.797 seconds
[2022-12-13T17:17:46.447+0000] {processor.py:153} INFO - Started process (PID=8621) to work on /opt/airflow/dags/dag_etl_incident.py
[2022-12-13T17:17:46.449+0000] {processor.py:743} INFO - Processing file /opt/airflow/dags/dag_etl_incident.py for tasks to queue
[2022-12-13T17:17:46.450+0000] {logging_mixin.py:137} INFO - [2022-12-13T17:17:46.450+0000] {dagbag.py:538} INFO - Filling up the DagBag from /opt/airflow/dags/dag_etl_incident.py
[2022-12-13T17:17:47.181+0000] {processor.py:753} INFO - DAG(s) dict_keys(['incident_etl']) retrieved from /opt/airflow/dags/dag_etl_incident.py
[2022-12-13T17:17:47.210+0000] {logging_mixin.py:137} INFO - [2022-12-13T17:17:47.209+0000] {dag.py:2676} INFO - Sync 1 DAGs
[2022-12-13T17:17:47.239+0000] {logging_mixin.py:137} INFO - [2022-12-13T17:17:47.239+0000] {dag.py:3427} INFO - Setting next_dagrun for incident_etl to 2022-12-13T00:00:00+00:00, run_after=2022-12-14T00:00:00+00:00
[2022-12-13T17:17:47.265+0000] {processor.py:175} INFO - Processing /opt/airflow/dags/dag_etl_incident.py took 0.824 seconds
[2022-12-13T17:18:17.750+0000] {processor.py:153} INFO - Started process (PID=8688) to work on /opt/airflow/dags/dag_etl_incident.py
[2022-12-13T17:18:17.752+0000] {processor.py:743} INFO - Processing file /opt/airflow/dags/dag_etl_incident.py for tasks to queue
[2022-12-13T17:18:17.753+0000] {logging_mixin.py:137} INFO - [2022-12-13T17:18:17.752+0000] {dagbag.py:538} INFO - Filling up the DagBag from /opt/airflow/dags/dag_etl_incident.py
[2022-12-13T17:18:18.569+0000] {processor.py:753} INFO - DAG(s) dict_keys(['incident_etl']) retrieved from /opt/airflow/dags/dag_etl_incident.py
[2022-12-13T17:18:18.635+0000] {logging_mixin.py:137} INFO - [2022-12-13T17:18:18.634+0000] {dag.py:2676} INFO - Sync 1 DAGs
[2022-12-13T17:18:18.663+0000] {logging_mixin.py:137} INFO - [2022-12-13T17:18:18.663+0000] {dag.py:3427} INFO - Setting next_dagrun for incident_etl to 2022-12-13T00:00:00+00:00, run_after=2022-12-14T00:00:00+00:00
[2022-12-13T17:18:18.712+0000] {processor.py:175} INFO - Processing /opt/airflow/dags/dag_etl_incident.py took 0.965 seconds
[2022-12-13T17:18:30.262+0000] {processor.py:153} INFO - Started process (PID=8731) to work on /opt/airflow/dags/dag_etl_incident.py
[2022-12-13T17:18:30.263+0000] {processor.py:743} INFO - Processing file /opt/airflow/dags/dag_etl_incident.py for tasks to queue
[2022-12-13T17:18:30.263+0000] {logging_mixin.py:137} INFO - [2022-12-13T17:18:30.263+0000] {dagbag.py:538} INFO - Filling up the DagBag from /opt/airflow/dags/dag_etl_incident.py
[2022-12-13T17:18:31.048+0000] {processor.py:753} INFO - DAG(s) dict_keys(['incident_etl']) retrieved from /opt/airflow/dags/dag_etl_incident.py
[2022-12-13T17:18:31.065+0000] {logging_mixin.py:137} INFO - [2022-12-13T17:18:31.065+0000] {dag.py:2676} INFO - Sync 1 DAGs
[2022-12-13T17:18:31.103+0000] {logging_mixin.py:137} INFO - [2022-12-13T17:18:31.102+0000] {dag.py:3427} INFO - Setting next_dagrun for incident_etl to 2022-12-13T00:00:00+00:00, run_after=2022-12-14T00:00:00+00:00
[2022-12-13T17:18:31.157+0000] {processor.py:175} INFO - Processing /opt/airflow/dags/dag_etl_incident.py took 0.899 seconds
[2022-12-13T17:18:45.207+0000] {processor.py:153} INFO - Started process (PID=8759) to work on /opt/airflow/dags/dag_etl_incident.py
[2022-12-13T17:18:45.208+0000] {processor.py:743} INFO - Processing file /opt/airflow/dags/dag_etl_incident.py for tasks to queue
[2022-12-13T17:18:45.209+0000] {logging_mixin.py:137} INFO - [2022-12-13T17:18:45.209+0000] {dagbag.py:538} INFO - Filling up the DagBag from /opt/airflow/dags/dag_etl_incident.py
[2022-12-13T17:18:45.898+0000] {processor.py:753} INFO - DAG(s) dict_keys(['incident_etl']) retrieved from /opt/airflow/dags/dag_etl_incident.py
[2022-12-13T17:18:45.911+0000] {logging_mixin.py:137} INFO - [2022-12-13T17:18:45.910+0000] {dag.py:2676} INFO - Sync 1 DAGs
[2022-12-13T17:18:45.938+0000] {logging_mixin.py:137} INFO - [2022-12-13T17:18:45.937+0000] {dag.py:3427} INFO - Setting next_dagrun for incident_etl to 2022-12-13T00:00:00+00:00, run_after=2022-12-14T00:00:00+00:00
[2022-12-13T17:18:45.967+0000] {processor.py:175} INFO - Processing /opt/airflow/dags/dag_etl_incident.py took 0.763 seconds
[2022-12-13T17:19:16.159+0000] {processor.py:153} INFO - Started process (PID=8826) to work on /opt/airflow/dags/dag_etl_incident.py
[2022-12-13T17:19:16.172+0000] {processor.py:743} INFO - Processing file /opt/airflow/dags/dag_etl_incident.py for tasks to queue
[2022-12-13T17:19:16.172+0000] {logging_mixin.py:137} INFO - [2022-12-13T17:19:16.172+0000] {dagbag.py:538} INFO - Filling up the DagBag from /opt/airflow/dags/dag_etl_incident.py
[2022-12-13T17:19:16.693+0000] {processor.py:753} INFO - DAG(s) dict_keys(['incident_etl']) retrieved from /opt/airflow/dags/dag_etl_incident.py
[2022-12-13T17:19:16.752+0000] {logging_mixin.py:137} INFO - [2022-12-13T17:19:16.750+0000] {dag.py:2676} INFO - Sync 1 DAGs
[2022-12-13T17:19:16.776+0000] {logging_mixin.py:137} INFO - [2022-12-13T17:19:16.776+0000] {dag.py:3427} INFO - Setting next_dagrun for incident_etl to 2022-12-13T00:00:00+00:00, run_after=2022-12-14T00:00:00+00:00
[2022-12-13T17:19:16.809+0000] {processor.py:175} INFO - Processing /opt/airflow/dags/dag_etl_incident.py took 0.653 seconds
[2022-12-13T17:19:47.025+0000] {processor.py:153} INFO - Started process (PID=8893) to work on /opt/airflow/dags/dag_etl_incident.py
[2022-12-13T17:19:47.026+0000] {processor.py:743} INFO - Processing file /opt/airflow/dags/dag_etl_incident.py for tasks to queue
[2022-12-13T17:19:47.027+0000] {logging_mixin.py:137} INFO - [2022-12-13T17:19:47.027+0000] {dagbag.py:538} INFO - Filling up the DagBag from /opt/airflow/dags/dag_etl_incident.py
[2022-12-13T17:19:47.551+0000] {processor.py:753} INFO - DAG(s) dict_keys(['incident_etl']) retrieved from /opt/airflow/dags/dag_etl_incident.py
[2022-12-13T17:19:47.572+0000] {logging_mixin.py:137} INFO - [2022-12-13T17:19:47.571+0000] {dag.py:2676} INFO - Sync 1 DAGs
[2022-12-13T17:19:47.596+0000] {logging_mixin.py:137} INFO - [2022-12-13T17:19:47.596+0000] {dag.py:3427} INFO - Setting next_dagrun for incident_etl to 2022-12-13T00:00:00+00:00, run_after=2022-12-14T00:00:00+00:00
[2022-12-13T17:19:47.617+0000] {processor.py:175} INFO - Processing /opt/airflow/dags/dag_etl_incident.py took 0.595 seconds
[2022-12-13T17:20:17.949+0000] {processor.py:153} INFO - Started process (PID=8960) to work on /opt/airflow/dags/dag_etl_incident.py
[2022-12-13T17:20:17.950+0000] {processor.py:743} INFO - Processing file /opt/airflow/dags/dag_etl_incident.py for tasks to queue
[2022-12-13T17:20:17.951+0000] {logging_mixin.py:137} INFO - [2022-12-13T17:20:17.951+0000] {dagbag.py:538} INFO - Filling up the DagBag from /opt/airflow/dags/dag_etl_incident.py
[2022-12-13T17:20:18.518+0000] {processor.py:753} INFO - DAG(s) dict_keys(['incident_etl']) retrieved from /opt/airflow/dags/dag_etl_incident.py
[2022-12-13T17:20:18.542+0000] {logging_mixin.py:137} INFO - [2022-12-13T17:20:18.542+0000] {dag.py:2676} INFO - Sync 1 DAGs
[2022-12-13T17:20:18.568+0000] {logging_mixin.py:137} INFO - [2022-12-13T17:20:18.568+0000] {dag.py:3427} INFO - Setting next_dagrun for incident_etl to 2022-12-13T00:00:00+00:00, run_after=2022-12-14T00:00:00+00:00
[2022-12-13T17:20:18.592+0000] {processor.py:175} INFO - Processing /opt/airflow/dags/dag_etl_incident.py took 0.645 seconds
[2022-12-13T17:20:48.775+0000] {processor.py:153} INFO - Started process (PID=9027) to work on /opt/airflow/dags/dag_etl_incident.py
[2022-12-13T17:20:48.776+0000] {processor.py:743} INFO - Processing file /opt/airflow/dags/dag_etl_incident.py for tasks to queue
[2022-12-13T17:20:48.776+0000] {logging_mixin.py:137} INFO - [2022-12-13T17:20:48.776+0000] {dagbag.py:538} INFO - Filling up the DagBag from /opt/airflow/dags/dag_etl_incident.py
[2022-12-13T17:20:49.325+0000] {processor.py:753} INFO - DAG(s) dict_keys(['incident_etl']) retrieved from /opt/airflow/dags/dag_etl_incident.py
[2022-12-13T17:20:49.348+0000] {logging_mixin.py:137} INFO - [2022-12-13T17:20:49.348+0000] {dag.py:2676} INFO - Sync 1 DAGs
[2022-12-13T17:20:49.379+0000] {logging_mixin.py:137} INFO - [2022-12-13T17:20:49.378+0000] {dag.py:3427} INFO - Setting next_dagrun for incident_etl to 2022-12-13T00:00:00+00:00, run_after=2022-12-14T00:00:00+00:00
[2022-12-13T17:20:49.402+0000] {processor.py:175} INFO - Processing /opt/airflow/dags/dag_etl_incident.py took 0.630 seconds
[2022-12-13T17:21:19.754+0000] {processor.py:153} INFO - Started process (PID=9092) to work on /opt/airflow/dags/dag_etl_incident.py
[2022-12-13T17:21:19.757+0000] {processor.py:743} INFO - Processing file /opt/airflow/dags/dag_etl_incident.py for tasks to queue
[2022-12-13T17:21:19.759+0000] {logging_mixin.py:137} INFO - [2022-12-13T17:21:19.758+0000] {dagbag.py:538} INFO - Filling up the DagBag from /opt/airflow/dags/dag_etl_incident.py
[2022-12-13T17:21:20.591+0000] {processor.py:753} INFO - DAG(s) dict_keys(['incident_etl']) retrieved from /opt/airflow/dags/dag_etl_incident.py
[2022-12-13T17:21:20.621+0000] {logging_mixin.py:137} INFO - [2022-12-13T17:21:20.620+0000] {dag.py:2676} INFO - Sync 1 DAGs
[2022-12-13T17:21:20.658+0000] {logging_mixin.py:137} INFO - [2022-12-13T17:21:20.657+0000] {dag.py:3427} INFO - Setting next_dagrun for incident_etl to 2022-12-13T00:00:00+00:00, run_after=2022-12-14T00:00:00+00:00
[2022-12-13T17:21:20.693+0000] {processor.py:175} INFO - Processing /opt/airflow/dags/dag_etl_incident.py took 0.945 seconds
[2022-12-13T17:21:51.490+0000] {processor.py:153} INFO - Started process (PID=9159) to work on /opt/airflow/dags/dag_etl_incident.py
[2022-12-13T17:21:51.491+0000] {processor.py:743} INFO - Processing file /opt/airflow/dags/dag_etl_incident.py for tasks to queue
[2022-12-13T17:21:51.492+0000] {logging_mixin.py:137} INFO - [2022-12-13T17:21:51.492+0000] {dagbag.py:538} INFO - Filling up the DagBag from /opt/airflow/dags/dag_etl_incident.py
[2022-12-13T17:21:52.118+0000] {processor.py:753} INFO - DAG(s) dict_keys(['incident_etl']) retrieved from /opt/airflow/dags/dag_etl_incident.py
[2022-12-13T17:21:52.143+0000] {logging_mixin.py:137} INFO - [2022-12-13T17:21:52.143+0000] {dag.py:2676} INFO - Sync 1 DAGs
[2022-12-13T17:21:52.170+0000] {logging_mixin.py:137} INFO - [2022-12-13T17:21:52.169+0000] {dag.py:3427} INFO - Setting next_dagrun for incident_etl to 2022-12-13T00:00:00+00:00, run_after=2022-12-14T00:00:00+00:00
[2022-12-13T17:21:52.194+0000] {processor.py:175} INFO - Processing /opt/airflow/dags/dag_etl_incident.py took 0.706 seconds
[2022-12-13T17:22:22.489+0000] {processor.py:153} INFO - Started process (PID=9228) to work on /opt/airflow/dags/dag_etl_incident.py
[2022-12-13T17:22:22.491+0000] {processor.py:743} INFO - Processing file /opt/airflow/dags/dag_etl_incident.py for tasks to queue
[2022-12-13T17:22:22.492+0000] {logging_mixin.py:137} INFO - [2022-12-13T17:22:22.492+0000] {dagbag.py:538} INFO - Filling up the DagBag from /opt/airflow/dags/dag_etl_incident.py
[2022-12-13T17:22:23.126+0000] {processor.py:753} INFO - DAG(s) dict_keys(['incident_etl']) retrieved from /opt/airflow/dags/dag_etl_incident.py
[2022-12-13T17:22:23.159+0000] {logging_mixin.py:137} INFO - [2022-12-13T17:22:23.158+0000] {dag.py:2676} INFO - Sync 1 DAGs
[2022-12-13T17:22:23.189+0000] {logging_mixin.py:137} INFO - [2022-12-13T17:22:23.189+0000] {dag.py:3427} INFO - Setting next_dagrun for incident_etl to 2022-12-13T00:00:00+00:00, run_after=2022-12-14T00:00:00+00:00
[2022-12-13T17:22:23.217+0000] {processor.py:175} INFO - Processing /opt/airflow/dags/dag_etl_incident.py took 0.731 seconds
[2022-12-13T17:22:53.488+0000] {processor.py:153} INFO - Started process (PID=9301) to work on /opt/airflow/dags/dag_etl_incident.py
[2022-12-13T17:22:53.489+0000] {processor.py:743} INFO - Processing file /opt/airflow/dags/dag_etl_incident.py for tasks to queue
[2022-12-13T17:22:53.490+0000] {logging_mixin.py:137} INFO - [2022-12-13T17:22:53.490+0000] {dagbag.py:538} INFO - Filling up the DagBag from /opt/airflow/dags/dag_etl_incident.py
[2022-12-13T17:22:54.233+0000] {processor.py:753} INFO - DAG(s) dict_keys(['incident_etl']) retrieved from /opt/airflow/dags/dag_etl_incident.py
[2022-12-13T17:22:54.256+0000] {logging_mixin.py:137} INFO - [2022-12-13T17:22:54.255+0000] {dag.py:2676} INFO - Sync 1 DAGs
[2022-12-13T17:22:54.287+0000] {logging_mixin.py:137} INFO - [2022-12-13T17:22:54.286+0000] {dag.py:3427} INFO - Setting next_dagrun for incident_etl to 2022-12-13T00:00:00+00:00, run_after=2022-12-14T00:00:00+00:00
[2022-12-13T17:22:54.309+0000] {processor.py:175} INFO - Processing /opt/airflow/dags/dag_etl_incident.py took 0.824 seconds
[2022-12-13T17:23:24.500+0000] {processor.py:153} INFO - Started process (PID=9369) to work on /opt/airflow/dags/dag_etl_incident.py
[2022-12-13T17:23:24.505+0000] {processor.py:743} INFO - Processing file /opt/airflow/dags/dag_etl_incident.py for tasks to queue
[2022-12-13T17:23:24.506+0000] {logging_mixin.py:137} INFO - [2022-12-13T17:23:24.506+0000] {dagbag.py:538} INFO - Filling up the DagBag from /opt/airflow/dags/dag_etl_incident.py
[2022-12-13T17:23:25.142+0000] {processor.py:753} INFO - DAG(s) dict_keys(['incident_etl']) retrieved from /opt/airflow/dags/dag_etl_incident.py
[2022-12-13T17:23:25.165+0000] {logging_mixin.py:137} INFO - [2022-12-13T17:23:25.165+0000] {dag.py:2676} INFO - Sync 1 DAGs
[2022-12-13T17:23:25.193+0000] {logging_mixin.py:137} INFO - [2022-12-13T17:23:25.193+0000] {dag.py:3427} INFO - Setting next_dagrun for incident_etl to 2022-12-13T00:00:00+00:00, run_after=2022-12-14T00:00:00+00:00
[2022-12-13T17:23:25.227+0000] {processor.py:175} INFO - Processing /opt/airflow/dags/dag_etl_incident.py took 0.731 seconds
