[2022-12-13T16:44:54.572+0000] {processor.py:153} INFO - Started process (PID=4406) to work on /opt/airflow/dags/dag_etl_bus_loc.py
[2022-12-13T16:44:54.572+0000] {processor.py:743} INFO - Processing file /opt/airflow/dags/dag_etl_bus_loc.py for tasks to queue
[2022-12-13T16:44:54.573+0000] {logging_mixin.py:137} INFO - [2022-12-13T16:44:54.573+0000] {dagbag.py:538} INFO - Filling up the DagBag from /opt/airflow/dags/dag_etl_bus_loc.py
[2022-12-13T16:44:55.244+0000] {processor.py:753} INFO - DAG(s) dict_keys(['bus_pos_etl']) retrieved from /opt/airflow/dags/dag_etl_bus_loc.py
[2022-12-13T16:44:55.326+0000] {logging_mixin.py:137} INFO - [2022-12-13T16:44:55.326+0000] {dag.py:2676} INFO - Sync 1 DAGs
[2022-12-13T16:44:55.357+0000] {logging_mixin.py:137} INFO - [2022-12-13T16:44:55.357+0000] {dag.py:3427} INFO - Setting next_dagrun for bus_pos_etl to 2022-12-13T00:00:00+00:00, run_after=2022-12-14T00:00:00+00:00
[2022-12-13T16:44:55.392+0000] {processor.py:175} INFO - Processing /opt/airflow/dags/dag_etl_bus_loc.py took 0.824 seconds
[2022-12-13T16:45:26.294+0000] {processor.py:153} INFO - Started process (PID=4471) to work on /opt/airflow/dags/dag_etl_bus_loc.py
[2022-12-13T16:45:26.295+0000] {processor.py:743} INFO - Processing file /opt/airflow/dags/dag_etl_bus_loc.py for tasks to queue
[2022-12-13T16:45:26.296+0000] {logging_mixin.py:137} INFO - [2022-12-13T16:45:26.296+0000] {dagbag.py:538} INFO - Filling up the DagBag from /opt/airflow/dags/dag_etl_bus_loc.py
[2022-12-13T16:45:27.017+0000] {processor.py:753} INFO - DAG(s) dict_keys(['bus_pos_etl']) retrieved from /opt/airflow/dags/dag_etl_bus_loc.py
[2022-12-13T16:45:27.045+0000] {logging_mixin.py:137} INFO - [2022-12-13T16:45:27.045+0000] {dag.py:2676} INFO - Sync 1 DAGs
[2022-12-13T16:45:27.078+0000] {logging_mixin.py:137} INFO - [2022-12-13T16:45:27.078+0000] {dag.py:3427} INFO - Setting next_dagrun for bus_pos_etl to 2022-12-13T00:00:00+00:00, run_after=2022-12-14T00:00:00+00:00
[2022-12-13T16:45:27.111+0000] {processor.py:175} INFO - Processing /opt/airflow/dags/dag_etl_bus_loc.py took 0.819 seconds
[2022-12-13T16:45:57.895+0000] {processor.py:153} INFO - Started process (PID=4543) to work on /opt/airflow/dags/dag_etl_bus_loc.py
[2022-12-13T16:45:57.896+0000] {processor.py:743} INFO - Processing file /opt/airflow/dags/dag_etl_bus_loc.py for tasks to queue
[2022-12-13T16:45:57.897+0000] {logging_mixin.py:137} INFO - [2022-12-13T16:45:57.897+0000] {dagbag.py:538} INFO - Filling up the DagBag from /opt/airflow/dags/dag_etl_bus_loc.py
[2022-12-13T16:45:58.561+0000] {processor.py:753} INFO - DAG(s) dict_keys(['bus_pos_etl']) retrieved from /opt/airflow/dags/dag_etl_bus_loc.py
[2022-12-13T16:45:58.595+0000] {logging_mixin.py:137} INFO - [2022-12-13T16:45:58.595+0000] {dag.py:2676} INFO - Sync 1 DAGs
[2022-12-13T16:45:58.625+0000] {logging_mixin.py:137} INFO - [2022-12-13T16:45:58.624+0000] {dag.py:3427} INFO - Setting next_dagrun for bus_pos_etl to 2022-12-13T00:00:00+00:00, run_after=2022-12-14T00:00:00+00:00
[2022-12-13T16:45:58.648+0000] {processor.py:175} INFO - Processing /opt/airflow/dags/dag_etl_bus_loc.py took 0.756 seconds
[2022-12-13T16:46:28.855+0000] {processor.py:153} INFO - Started process (PID=4608) to work on /opt/airflow/dags/dag_etl_bus_loc.py
[2022-12-13T16:46:28.856+0000] {processor.py:743} INFO - Processing file /opt/airflow/dags/dag_etl_bus_loc.py for tasks to queue
[2022-12-13T16:46:28.857+0000] {logging_mixin.py:137} INFO - [2022-12-13T16:46:28.857+0000] {dagbag.py:538} INFO - Filling up the DagBag from /opt/airflow/dags/dag_etl_bus_loc.py
[2022-12-13T16:46:29.615+0000] {processor.py:753} INFO - DAG(s) dict_keys(['bus_pos_etl']) retrieved from /opt/airflow/dags/dag_etl_bus_loc.py
[2022-12-13T16:46:29.644+0000] {logging_mixin.py:137} INFO - [2022-12-13T16:46:29.643+0000] {dag.py:2676} INFO - Sync 1 DAGs
[2022-12-13T16:46:29.673+0000] {logging_mixin.py:137} INFO - [2022-12-13T16:46:29.673+0000] {dag.py:3427} INFO - Setting next_dagrun for bus_pos_etl to 2022-12-13T00:00:00+00:00, run_after=2022-12-14T00:00:00+00:00
[2022-12-13T16:46:29.704+0000] {processor.py:175} INFO - Processing /opt/airflow/dags/dag_etl_bus_loc.py took 0.851 seconds
[2022-12-13T16:47:00.644+0000] {processor.py:153} INFO - Started process (PID=4673) to work on /opt/airflow/dags/dag_etl_bus_loc.py
[2022-12-13T16:47:00.645+0000] {processor.py:743} INFO - Processing file /opt/airflow/dags/dag_etl_bus_loc.py for tasks to queue
[2022-12-13T16:47:00.646+0000] {logging_mixin.py:137} INFO - [2022-12-13T16:47:00.646+0000] {dagbag.py:538} INFO - Filling up the DagBag from /opt/airflow/dags/dag_etl_bus_loc.py
[2022-12-13T16:47:01.334+0000] {processor.py:753} INFO - DAG(s) dict_keys(['bus_pos_etl']) retrieved from /opt/airflow/dags/dag_etl_bus_loc.py
[2022-12-13T16:47:01.389+0000] {logging_mixin.py:137} INFO - [2022-12-13T16:47:01.387+0000] {dag.py:2676} INFO - Sync 1 DAGs
[2022-12-13T16:47:01.431+0000] {logging_mixin.py:137} INFO - [2022-12-13T16:47:01.431+0000] {dag.py:3427} INFO - Setting next_dagrun for bus_pos_etl to 2022-12-13T00:00:00+00:00, run_after=2022-12-14T00:00:00+00:00
[2022-12-13T16:47:01.456+0000] {processor.py:175} INFO - Processing /opt/airflow/dags/dag_etl_bus_loc.py took 0.816 seconds
[2022-12-13T16:47:32.165+0000] {processor.py:153} INFO - Started process (PID=4738) to work on /opt/airflow/dags/dag_etl_bus_loc.py
[2022-12-13T16:47:32.166+0000] {processor.py:743} INFO - Processing file /opt/airflow/dags/dag_etl_bus_loc.py for tasks to queue
[2022-12-13T16:47:32.167+0000] {logging_mixin.py:137} INFO - [2022-12-13T16:47:32.167+0000] {dagbag.py:538} INFO - Filling up the DagBag from /opt/airflow/dags/dag_etl_bus_loc.py
[2022-12-13T16:47:32.891+0000] {processor.py:753} INFO - DAG(s) dict_keys(['bus_pos_etl']) retrieved from /opt/airflow/dags/dag_etl_bus_loc.py
[2022-12-13T16:47:32.917+0000] {logging_mixin.py:137} INFO - [2022-12-13T16:47:32.917+0000] {dag.py:2676} INFO - Sync 1 DAGs
[2022-12-13T16:47:32.947+0000] {logging_mixin.py:137} INFO - [2022-12-13T16:47:32.946+0000] {dag.py:3427} INFO - Setting next_dagrun for bus_pos_etl to 2022-12-13T00:00:00+00:00, run_after=2022-12-14T00:00:00+00:00
[2022-12-13T16:47:32.970+0000] {processor.py:175} INFO - Processing /opt/airflow/dags/dag_etl_bus_loc.py took 0.809 seconds
[2022-12-13T16:48:03.681+0000] {processor.py:153} INFO - Started process (PID=4803) to work on /opt/airflow/dags/dag_etl_bus_loc.py
[2022-12-13T16:48:03.683+0000] {processor.py:743} INFO - Processing file /opt/airflow/dags/dag_etl_bus_loc.py for tasks to queue
[2022-12-13T16:48:03.684+0000] {logging_mixin.py:137} INFO - [2022-12-13T16:48:03.684+0000] {dagbag.py:538} INFO - Filling up the DagBag from /opt/airflow/dags/dag_etl_bus_loc.py
[2022-12-13T16:48:17.929+0000] {processor.py:753} INFO - DAG(s) dict_keys(['bus_pos_etl']) retrieved from /opt/airflow/dags/dag_etl_bus_loc.py
[2022-12-13T16:48:18.357+0000] {logging_mixin.py:137} INFO - [2022-12-13T16:48:18.356+0000] {dag.py:2676} INFO - Sync 1 DAGs
[2022-12-13T16:48:18.432+0000] {logging_mixin.py:137} INFO - [2022-12-13T16:48:18.431+0000] {dag.py:3427} INFO - Setting next_dagrun for bus_pos_etl to 2022-12-13T00:00:00+00:00, run_after=2022-12-14T00:00:00+00:00
[2022-12-13T16:48:18.526+0000] {processor.py:175} INFO - Processing /opt/airflow/dags/dag_etl_bus_loc.py took 14.853 seconds
[2022-12-13T16:48:48.962+0000] {processor.py:153} INFO - Started process (PID=4875) to work on /opt/airflow/dags/dag_etl_bus_loc.py
[2022-12-13T16:48:48.963+0000] {processor.py:743} INFO - Processing file /opt/airflow/dags/dag_etl_bus_loc.py for tasks to queue
[2022-12-13T16:48:48.964+0000] {logging_mixin.py:137} INFO - [2022-12-13T16:48:48.964+0000] {dagbag.py:538} INFO - Filling up the DagBag from /opt/airflow/dags/dag_etl_bus_loc.py
[2022-12-13T16:48:51.934+0000] {processor.py:753} INFO - DAG(s) dict_keys(['bus_pos_etl']) retrieved from /opt/airflow/dags/dag_etl_bus_loc.py
[2022-12-13T16:48:51.978+0000] {logging_mixin.py:137} INFO - [2022-12-13T16:48:51.978+0000] {dag.py:2676} INFO - Sync 1 DAGs
[2022-12-13T16:48:52.014+0000] {logging_mixin.py:137} INFO - [2022-12-13T16:48:52.014+0000] {dag.py:3427} INFO - Setting next_dagrun for bus_pos_etl to 2022-12-13T00:00:00+00:00, run_after=2022-12-14T00:00:00+00:00
[2022-12-13T16:48:52.045+0000] {processor.py:175} INFO - Processing /opt/airflow/dags/dag_etl_bus_loc.py took 3.087 seconds
[2022-12-13T16:49:22.185+0000] {processor.py:153} INFO - Started process (PID=4947) to work on /opt/airflow/dags/dag_etl_bus_loc.py
[2022-12-13T16:49:22.186+0000] {processor.py:743} INFO - Processing file /opt/airflow/dags/dag_etl_bus_loc.py for tasks to queue
[2022-12-13T16:49:22.187+0000] {logging_mixin.py:137} INFO - [2022-12-13T16:49:22.187+0000] {dagbag.py:538} INFO - Filling up the DagBag from /opt/airflow/dags/dag_etl_bus_loc.py
[2022-12-13T16:49:22.852+0000] {processor.py:753} INFO - DAG(s) dict_keys(['bus_pos_etl']) retrieved from /opt/airflow/dags/dag_etl_bus_loc.py
[2022-12-13T16:49:22.875+0000] {logging_mixin.py:137} INFO - [2022-12-13T16:49:22.874+0000] {dag.py:2676} INFO - Sync 1 DAGs
[2022-12-13T16:49:22.903+0000] {logging_mixin.py:137} INFO - [2022-12-13T16:49:22.903+0000] {dag.py:3427} INFO - Setting next_dagrun for bus_pos_etl to 2022-12-13T00:00:00+00:00, run_after=2022-12-14T00:00:00+00:00
[2022-12-13T16:49:22.940+0000] {processor.py:175} INFO - Processing /opt/airflow/dags/dag_etl_bus_loc.py took 0.757 seconds
[2022-12-13T16:49:53.327+0000] {processor.py:153} INFO - Started process (PID=5012) to work on /opt/airflow/dags/dag_etl_bus_loc.py
[2022-12-13T16:49:53.331+0000] {processor.py:743} INFO - Processing file /opt/airflow/dags/dag_etl_bus_loc.py for tasks to queue
[2022-12-13T16:49:53.333+0000] {logging_mixin.py:137} INFO - [2022-12-13T16:49:53.333+0000] {dagbag.py:538} INFO - Filling up the DagBag from /opt/airflow/dags/dag_etl_bus_loc.py
[2022-12-13T16:49:54.088+0000] {processor.py:753} INFO - DAG(s) dict_keys(['bus_pos_etl']) retrieved from /opt/airflow/dags/dag_etl_bus_loc.py
[2022-12-13T16:49:54.123+0000] {logging_mixin.py:137} INFO - [2022-12-13T16:49:54.122+0000] {dag.py:2676} INFO - Sync 1 DAGs
[2022-12-13T16:49:54.162+0000] {logging_mixin.py:137} INFO - [2022-12-13T16:49:54.162+0000] {dag.py:3427} INFO - Setting next_dagrun for bus_pos_etl to 2022-12-13T00:00:00+00:00, run_after=2022-12-14T00:00:00+00:00
[2022-12-13T16:49:54.189+0000] {processor.py:175} INFO - Processing /opt/airflow/dags/dag_etl_bus_loc.py took 0.867 seconds
[2022-12-13T16:50:24.734+0000] {processor.py:153} INFO - Started process (PID=5077) to work on /opt/airflow/dags/dag_etl_bus_loc.py
[2022-12-13T16:50:24.735+0000] {processor.py:743} INFO - Processing file /opt/airflow/dags/dag_etl_bus_loc.py for tasks to queue
[2022-12-13T16:50:24.735+0000] {logging_mixin.py:137} INFO - [2022-12-13T16:50:24.735+0000] {dagbag.py:538} INFO - Filling up the DagBag from /opt/airflow/dags/dag_etl_bus_loc.py
[2022-12-13T16:50:25.528+0000] {processor.py:753} INFO - DAG(s) dict_keys(['bus_pos_etl']) retrieved from /opt/airflow/dags/dag_etl_bus_loc.py
[2022-12-13T16:50:25.574+0000] {logging_mixin.py:137} INFO - [2022-12-13T16:50:25.574+0000] {dag.py:2676} INFO - Sync 1 DAGs
[2022-12-13T16:50:25.609+0000] {logging_mixin.py:137} INFO - [2022-12-13T16:50:25.609+0000] {dag.py:3427} INFO - Setting next_dagrun for bus_pos_etl to 2022-12-13T00:00:00+00:00, run_after=2022-12-14T00:00:00+00:00
[2022-12-13T16:50:25.693+0000] {processor.py:175} INFO - Processing /opt/airflow/dags/dag_etl_bus_loc.py took 0.962 seconds
[2022-12-13T16:50:56.192+0000] {processor.py:153} INFO - Started process (PID=5142) to work on /opt/airflow/dags/dag_etl_bus_loc.py
[2022-12-13T16:50:56.193+0000] {processor.py:743} INFO - Processing file /opt/airflow/dags/dag_etl_bus_loc.py for tasks to queue
[2022-12-13T16:50:56.194+0000] {logging_mixin.py:137} INFO - [2022-12-13T16:50:56.194+0000] {dagbag.py:538} INFO - Filling up the DagBag from /opt/airflow/dags/dag_etl_bus_loc.py
[2022-12-13T16:50:56.973+0000] {processor.py:753} INFO - DAG(s) dict_keys(['bus_pos_etl']) retrieved from /opt/airflow/dags/dag_etl_bus_loc.py
[2022-12-13T16:50:57.020+0000] {logging_mixin.py:137} INFO - [2022-12-13T16:50:57.019+0000] {dag.py:2676} INFO - Sync 1 DAGs
[2022-12-13T16:50:57.059+0000] {logging_mixin.py:137} INFO - [2022-12-13T16:50:57.058+0000] {dag.py:3427} INFO - Setting next_dagrun for bus_pos_etl to 2022-12-13T00:00:00+00:00, run_after=2022-12-14T00:00:00+00:00
[2022-12-13T16:50:57.116+0000] {processor.py:175} INFO - Processing /opt/airflow/dags/dag_etl_bus_loc.py took 0.929 seconds
[2022-12-13T16:51:27.435+0000] {processor.py:153} INFO - Started process (PID=5207) to work on /opt/airflow/dags/dag_etl_bus_loc.py
[2022-12-13T16:51:27.436+0000] {processor.py:743} INFO - Processing file /opt/airflow/dags/dag_etl_bus_loc.py for tasks to queue
[2022-12-13T16:51:27.436+0000] {logging_mixin.py:137} INFO - [2022-12-13T16:51:27.436+0000] {dagbag.py:538} INFO - Filling up the DagBag from /opt/airflow/dags/dag_etl_bus_loc.py
[2022-12-13T16:51:28.272+0000] {processor.py:753} INFO - DAG(s) dict_keys(['bus_pos_etl']) retrieved from /opt/airflow/dags/dag_etl_bus_loc.py
[2022-12-13T16:51:28.311+0000] {logging_mixin.py:137} INFO - [2022-12-13T16:51:28.310+0000] {dag.py:2676} INFO - Sync 1 DAGs
[2022-12-13T16:51:28.343+0000] {logging_mixin.py:137} INFO - [2022-12-13T16:51:28.343+0000] {dag.py:3427} INFO - Setting next_dagrun for bus_pos_etl to 2022-12-13T00:00:00+00:00, run_after=2022-12-14T00:00:00+00:00
[2022-12-13T16:51:28.378+0000] {processor.py:175} INFO - Processing /opt/airflow/dags/dag_etl_bus_loc.py took 0.949 seconds
[2022-12-13T16:51:59.208+0000] {processor.py:153} INFO - Started process (PID=5273) to work on /opt/airflow/dags/dag_etl_bus_loc.py
[2022-12-13T16:51:59.209+0000] {processor.py:743} INFO - Processing file /opt/airflow/dags/dag_etl_bus_loc.py for tasks to queue
[2022-12-13T16:51:59.210+0000] {logging_mixin.py:137} INFO - [2022-12-13T16:51:59.210+0000] {dagbag.py:538} INFO - Filling up the DagBag from /opt/airflow/dags/dag_etl_bus_loc.py
[2022-12-13T16:52:00.355+0000] {processor.py:753} INFO - DAG(s) dict_keys(['bus_pos_etl']) retrieved from /opt/airflow/dags/dag_etl_bus_loc.py
[2022-12-13T16:52:00.401+0000] {logging_mixin.py:137} INFO - [2022-12-13T16:52:00.401+0000] {dag.py:2676} INFO - Sync 1 DAGs
[2022-12-13T16:52:00.442+0000] {logging_mixin.py:137} INFO - [2022-12-13T16:52:00.442+0000] {dag.py:3427} INFO - Setting next_dagrun for bus_pos_etl to 2022-12-13T00:00:00+00:00, run_after=2022-12-14T00:00:00+00:00
[2022-12-13T16:52:00.576+0000] {processor.py:175} INFO - Processing /opt/airflow/dags/dag_etl_bus_loc.py took 1.371 seconds
[2022-12-13T16:52:31.254+0000] {processor.py:153} INFO - Started process (PID=5338) to work on /opt/airflow/dags/dag_etl_bus_loc.py
[2022-12-13T16:52:31.254+0000] {processor.py:743} INFO - Processing file /opt/airflow/dags/dag_etl_bus_loc.py for tasks to queue
[2022-12-13T16:52:31.255+0000] {logging_mixin.py:137} INFO - [2022-12-13T16:52:31.255+0000] {dagbag.py:538} INFO - Filling up the DagBag from /opt/airflow/dags/dag_etl_bus_loc.py
[2022-12-13T16:52:31.955+0000] {processor.py:753} INFO - DAG(s) dict_keys(['bus_pos_etl']) retrieved from /opt/airflow/dags/dag_etl_bus_loc.py
[2022-12-13T16:52:31.981+0000] {logging_mixin.py:137} INFO - [2022-12-13T16:52:31.980+0000] {dag.py:2676} INFO - Sync 1 DAGs
[2022-12-13T16:52:32.009+0000] {logging_mixin.py:137} INFO - [2022-12-13T16:52:32.009+0000] {dag.py:3427} INFO - Setting next_dagrun for bus_pos_etl to 2022-12-13T00:00:00+00:00, run_after=2022-12-14T00:00:00+00:00
[2022-12-13T16:52:32.033+0000] {processor.py:175} INFO - Processing /opt/airflow/dags/dag_etl_bus_loc.py took 0.784 seconds
[2022-12-13T16:53:02.082+0000] {processor.py:153} INFO - Started process (PID=5403) to work on /opt/airflow/dags/dag_etl_bus_loc.py
[2022-12-13T16:53:02.083+0000] {processor.py:743} INFO - Processing file /opt/airflow/dags/dag_etl_bus_loc.py for tasks to queue
[2022-12-13T16:53:02.084+0000] {logging_mixin.py:137} INFO - [2022-12-13T16:53:02.083+0000] {dagbag.py:538} INFO - Filling up the DagBag from /opt/airflow/dags/dag_etl_bus_loc.py
[2022-12-13T16:53:02.965+0000] {processor.py:753} INFO - DAG(s) dict_keys(['bus_pos_etl']) retrieved from /opt/airflow/dags/dag_etl_bus_loc.py
[2022-12-13T16:53:02.990+0000] {logging_mixin.py:137} INFO - [2022-12-13T16:53:02.990+0000] {dag.py:2676} INFO - Sync 1 DAGs
[2022-12-13T16:53:03.020+0000] {logging_mixin.py:137} INFO - [2022-12-13T16:53:03.020+0000] {dag.py:3427} INFO - Setting next_dagrun for bus_pos_etl to 2022-12-13T00:00:00+00:00, run_after=2022-12-14T00:00:00+00:00
[2022-12-13T16:53:03.045+0000] {processor.py:175} INFO - Processing /opt/airflow/dags/dag_etl_bus_loc.py took 0.968 seconds
[2022-12-13T16:53:33.721+0000] {processor.py:153} INFO - Started process (PID=5468) to work on /opt/airflow/dags/dag_etl_bus_loc.py
[2022-12-13T16:53:33.723+0000] {processor.py:743} INFO - Processing file /opt/airflow/dags/dag_etl_bus_loc.py for tasks to queue
[2022-12-13T16:53:33.724+0000] {logging_mixin.py:137} INFO - [2022-12-13T16:53:33.724+0000] {dagbag.py:538} INFO - Filling up the DagBag from /opt/airflow/dags/dag_etl_bus_loc.py
[2022-12-13T16:53:35.244+0000] {processor.py:753} INFO - DAG(s) dict_keys(['bus_pos_etl']) retrieved from /opt/airflow/dags/dag_etl_bus_loc.py
[2022-12-13T16:53:36.362+0000] {logging_mixin.py:137} INFO - [2022-12-13T16:53:36.361+0000] {dag.py:2676} INFO - Sync 1 DAGs
[2022-12-13T16:53:36.409+0000] {logging_mixin.py:137} INFO - [2022-12-13T16:53:36.409+0000] {dag.py:3427} INFO - Setting next_dagrun for bus_pos_etl to 2022-12-13T00:00:00+00:00, run_after=2022-12-14T00:00:00+00:00
[2022-12-13T16:53:36.451+0000] {processor.py:175} INFO - Processing /opt/airflow/dags/dag_etl_bus_loc.py took 2.735 seconds
[2022-12-13T16:54:07.162+0000] {processor.py:153} INFO - Started process (PID=5541) to work on /opt/airflow/dags/dag_etl_bus_loc.py
[2022-12-13T16:54:07.164+0000] {processor.py:743} INFO - Processing file /opt/airflow/dags/dag_etl_bus_loc.py for tasks to queue
[2022-12-13T16:54:07.164+0000] {logging_mixin.py:137} INFO - [2022-12-13T16:54:07.164+0000] {dagbag.py:538} INFO - Filling up the DagBag from /opt/airflow/dags/dag_etl_bus_loc.py
[2022-12-13T16:54:07.973+0000] {processor.py:753} INFO - DAG(s) dict_keys(['bus_pos_etl']) retrieved from /opt/airflow/dags/dag_etl_bus_loc.py
[2022-12-13T16:54:08.007+0000] {logging_mixin.py:137} INFO - [2022-12-13T16:54:08.006+0000] {dag.py:2676} INFO - Sync 1 DAGs
[2022-12-13T16:54:08.044+0000] {logging_mixin.py:137} INFO - [2022-12-13T16:54:08.044+0000] {dag.py:3427} INFO - Setting next_dagrun for bus_pos_etl to 2022-12-13T00:00:00+00:00, run_after=2022-12-14T00:00:00+00:00
[2022-12-13T16:54:08.075+0000] {processor.py:175} INFO - Processing /opt/airflow/dags/dag_etl_bus_loc.py took 0.918 seconds
[2022-12-13T16:54:39.107+0000] {processor.py:153} INFO - Started process (PID=5606) to work on /opt/airflow/dags/dag_etl_bus_loc.py
[2022-12-13T16:54:39.137+0000] {processor.py:743} INFO - Processing file /opt/airflow/dags/dag_etl_bus_loc.py for tasks to queue
[2022-12-13T16:54:39.139+0000] {logging_mixin.py:137} INFO - [2022-12-13T16:54:39.138+0000] {dagbag.py:538} INFO - Filling up the DagBag from /opt/airflow/dags/dag_etl_bus_loc.py
[2022-12-13T16:54:39.873+0000] {processor.py:753} INFO - DAG(s) dict_keys(['bus_pos_etl']) retrieved from /opt/airflow/dags/dag_etl_bus_loc.py
[2022-12-13T16:54:39.903+0000] {logging_mixin.py:137} INFO - [2022-12-13T16:54:39.903+0000] {dag.py:2676} INFO - Sync 1 DAGs
[2022-12-13T16:54:39.934+0000] {logging_mixin.py:137} INFO - [2022-12-13T16:54:39.934+0000] {dag.py:3427} INFO - Setting next_dagrun for bus_pos_etl to 2022-12-13T00:00:00+00:00, run_after=2022-12-14T00:00:00+00:00
[2022-12-13T16:54:39.967+0000] {processor.py:175} INFO - Processing /opt/airflow/dags/dag_etl_bus_loc.py took 0.862 seconds
[2022-12-13T16:55:10.702+0000] {processor.py:153} INFO - Started process (PID=5671) to work on /opt/airflow/dags/dag_etl_bus_loc.py
[2022-12-13T16:55:10.703+0000] {processor.py:743} INFO - Processing file /opt/airflow/dags/dag_etl_bus_loc.py for tasks to queue
[2022-12-13T16:55:10.704+0000] {logging_mixin.py:137} INFO - [2022-12-13T16:55:10.704+0000] {dagbag.py:538} INFO - Filling up the DagBag from /opt/airflow/dags/dag_etl_bus_loc.py
[2022-12-13T16:55:11.399+0000] {processor.py:753} INFO - DAG(s) dict_keys(['bus_pos_etl']) retrieved from /opt/airflow/dags/dag_etl_bus_loc.py
[2022-12-13T16:55:11.429+0000] {logging_mixin.py:137} INFO - [2022-12-13T16:55:11.428+0000] {dag.py:2676} INFO - Sync 1 DAGs
[2022-12-13T16:55:11.464+0000] {logging_mixin.py:137} INFO - [2022-12-13T16:55:11.463+0000] {dag.py:3427} INFO - Setting next_dagrun for bus_pos_etl to 2022-12-13T00:00:00+00:00, run_after=2022-12-14T00:00:00+00:00
[2022-12-13T16:55:11.496+0000] {processor.py:175} INFO - Processing /opt/airflow/dags/dag_etl_bus_loc.py took 0.797 seconds
[2022-12-13T16:55:42.054+0000] {processor.py:153} INFO - Started process (PID=5736) to work on /opt/airflow/dags/dag_etl_bus_loc.py
[2022-12-13T16:55:42.057+0000] {processor.py:743} INFO - Processing file /opt/airflow/dags/dag_etl_bus_loc.py for tasks to queue
[2022-12-13T16:55:42.058+0000] {logging_mixin.py:137} INFO - [2022-12-13T16:55:42.058+0000] {dagbag.py:538} INFO - Filling up the DagBag from /opt/airflow/dags/dag_etl_bus_loc.py
[2022-12-13T16:55:42.983+0000] {processor.py:753} INFO - DAG(s) dict_keys(['bus_pos_etl']) retrieved from /opt/airflow/dags/dag_etl_bus_loc.py
[2022-12-13T16:55:43.012+0000] {logging_mixin.py:137} INFO - [2022-12-13T16:55:43.011+0000] {dag.py:2676} INFO - Sync 1 DAGs
[2022-12-13T16:55:43.046+0000] {logging_mixin.py:137} INFO - [2022-12-13T16:55:43.046+0000] {dag.py:3427} INFO - Setting next_dagrun for bus_pos_etl to 2022-12-13T00:00:00+00:00, run_after=2022-12-14T00:00:00+00:00
[2022-12-13T16:55:43.076+0000] {processor.py:175} INFO - Processing /opt/airflow/dags/dag_etl_bus_loc.py took 1.025 seconds
[2022-12-13T16:56:13.246+0000] {processor.py:153} INFO - Started process (PID=5801) to work on /opt/airflow/dags/dag_etl_bus_loc.py
[2022-12-13T16:56:13.248+0000] {processor.py:743} INFO - Processing file /opt/airflow/dags/dag_etl_bus_loc.py for tasks to queue
[2022-12-13T16:56:13.250+0000] {logging_mixin.py:137} INFO - [2022-12-13T16:56:13.249+0000] {dagbag.py:538} INFO - Filling up the DagBag from /opt/airflow/dags/dag_etl_bus_loc.py
[2022-12-13T16:56:13.996+0000] {processor.py:753} INFO - DAG(s) dict_keys(['bus_pos_etl']) retrieved from /opt/airflow/dags/dag_etl_bus_loc.py
[2022-12-13T16:56:14.030+0000] {logging_mixin.py:137} INFO - [2022-12-13T16:56:14.029+0000] {dag.py:2676} INFO - Sync 1 DAGs
[2022-12-13T16:56:14.064+0000] {logging_mixin.py:137} INFO - [2022-12-13T16:56:14.064+0000] {dag.py:3427} INFO - Setting next_dagrun for bus_pos_etl to 2022-12-13T00:00:00+00:00, run_after=2022-12-14T00:00:00+00:00
[2022-12-13T16:56:14.089+0000] {processor.py:175} INFO - Processing /opt/airflow/dags/dag_etl_bus_loc.py took 0.855 seconds
[2022-12-13T16:56:45.055+0000] {processor.py:153} INFO - Started process (PID=5866) to work on /opt/airflow/dags/dag_etl_bus_loc.py
[2022-12-13T16:56:45.061+0000] {processor.py:743} INFO - Processing file /opt/airflow/dags/dag_etl_bus_loc.py for tasks to queue
[2022-12-13T16:56:45.063+0000] {logging_mixin.py:137} INFO - [2022-12-13T16:56:45.062+0000] {dagbag.py:538} INFO - Filling up the DagBag from /opt/airflow/dags/dag_etl_bus_loc.py
[2022-12-13T16:56:45.920+0000] {processor.py:753} INFO - DAG(s) dict_keys(['bus_pos_etl']) retrieved from /opt/airflow/dags/dag_etl_bus_loc.py
[2022-12-13T16:56:45.961+0000] {logging_mixin.py:137} INFO - [2022-12-13T16:56:45.960+0000] {dag.py:2676} INFO - Sync 1 DAGs
[2022-12-13T16:56:45.991+0000] {logging_mixin.py:137} INFO - [2022-12-13T16:56:45.991+0000] {dag.py:3427} INFO - Setting next_dagrun for bus_pos_etl to 2022-12-13T00:00:00+00:00, run_after=2022-12-14T00:00:00+00:00
[2022-12-13T16:56:46.026+0000] {processor.py:175} INFO - Processing /opt/airflow/dags/dag_etl_bus_loc.py took 0.973 seconds
[2022-12-13T16:57:17.032+0000] {processor.py:153} INFO - Started process (PID=5931) to work on /opt/airflow/dags/dag_etl_bus_loc.py
[2022-12-13T16:57:17.033+0000] {processor.py:743} INFO - Processing file /opt/airflow/dags/dag_etl_bus_loc.py for tasks to queue
[2022-12-13T16:57:17.035+0000] {logging_mixin.py:137} INFO - [2022-12-13T16:57:17.034+0000] {dagbag.py:538} INFO - Filling up the DagBag from /opt/airflow/dags/dag_etl_bus_loc.py
[2022-12-13T16:57:18.051+0000] {processor.py:753} INFO - DAG(s) dict_keys(['bus_pos_etl']) retrieved from /opt/airflow/dags/dag_etl_bus_loc.py
[2022-12-13T16:57:18.088+0000] {logging_mixin.py:137} INFO - [2022-12-13T16:57:18.087+0000] {dag.py:2676} INFO - Sync 1 DAGs
[2022-12-13T16:57:18.136+0000] {logging_mixin.py:137} INFO - [2022-12-13T16:57:18.136+0000] {dag.py:3427} INFO - Setting next_dagrun for bus_pos_etl to 2022-12-13T00:00:00+00:00, run_after=2022-12-14T00:00:00+00:00
[2022-12-13T16:57:18.214+0000] {processor.py:175} INFO - Processing /opt/airflow/dags/dag_etl_bus_loc.py took 1.187 seconds
[2022-12-13T16:57:48.497+0000] {processor.py:153} INFO - Started process (PID=5996) to work on /opt/airflow/dags/dag_etl_bus_loc.py
[2022-12-13T16:57:48.498+0000] {processor.py:743} INFO - Processing file /opt/airflow/dags/dag_etl_bus_loc.py for tasks to queue
[2022-12-13T16:57:48.499+0000] {logging_mixin.py:137} INFO - [2022-12-13T16:57:48.499+0000] {dagbag.py:538} INFO - Filling up the DagBag from /opt/airflow/dags/dag_etl_bus_loc.py
[2022-12-13T16:57:49.435+0000] {processor.py:753} INFO - DAG(s) dict_keys(['bus_pos_etl']) retrieved from /opt/airflow/dags/dag_etl_bus_loc.py
[2022-12-13T16:57:49.473+0000] {logging_mixin.py:137} INFO - [2022-12-13T16:57:49.473+0000] {dag.py:2676} INFO - Sync 1 DAGs
[2022-12-13T16:57:49.515+0000] {logging_mixin.py:137} INFO - [2022-12-13T16:57:49.515+0000] {dag.py:3427} INFO - Setting next_dagrun for bus_pos_etl to 2022-12-13T00:00:00+00:00, run_after=2022-12-14T00:00:00+00:00
[2022-12-13T16:57:49.547+0000] {processor.py:175} INFO - Processing /opt/airflow/dags/dag_etl_bus_loc.py took 1.054 seconds
[2022-12-13T16:58:20.572+0000] {processor.py:153} INFO - Started process (PID=6061) to work on /opt/airflow/dags/dag_etl_bus_loc.py
[2022-12-13T16:58:20.573+0000] {processor.py:743} INFO - Processing file /opt/airflow/dags/dag_etl_bus_loc.py for tasks to queue
[2022-12-13T16:58:20.574+0000] {logging_mixin.py:137} INFO - [2022-12-13T16:58:20.574+0000] {dagbag.py:538} INFO - Filling up the DagBag from /opt/airflow/dags/dag_etl_bus_loc.py
[2022-12-13T16:58:21.797+0000] {processor.py:753} INFO - DAG(s) dict_keys(['bus_pos_etl']) retrieved from /opt/airflow/dags/dag_etl_bus_loc.py
[2022-12-13T16:58:21.831+0000] {logging_mixin.py:137} INFO - [2022-12-13T16:58:21.830+0000] {dag.py:2676} INFO - Sync 1 DAGs
[2022-12-13T16:58:21.865+0000] {logging_mixin.py:137} INFO - [2022-12-13T16:58:21.864+0000] {dag.py:3427} INFO - Setting next_dagrun for bus_pos_etl to 2022-12-13T00:00:00+00:00, run_after=2022-12-14T00:00:00+00:00
[2022-12-13T16:58:21.900+0000] {processor.py:175} INFO - Processing /opt/airflow/dags/dag_etl_bus_loc.py took 1.331 seconds
[2022-12-13T16:58:52.907+0000] {processor.py:153} INFO - Started process (PID=6133) to work on /opt/airflow/dags/dag_etl_bus_loc.py
[2022-12-13T16:58:52.909+0000] {processor.py:743} INFO - Processing file /opt/airflow/dags/dag_etl_bus_loc.py for tasks to queue
[2022-12-13T16:58:52.910+0000] {logging_mixin.py:137} INFO - [2022-12-13T16:58:52.910+0000] {dagbag.py:538} INFO - Filling up the DagBag from /opt/airflow/dags/dag_etl_bus_loc.py
[2022-12-13T16:58:53.562+0000] {processor.py:753} INFO - DAG(s) dict_keys(['bus_pos_etl']) retrieved from /opt/airflow/dags/dag_etl_bus_loc.py
[2022-12-13T16:58:53.589+0000] {logging_mixin.py:137} INFO - [2022-12-13T16:58:53.588+0000] {dag.py:2676} INFO - Sync 1 DAGs
[2022-12-13T16:58:53.617+0000] {logging_mixin.py:137} INFO - [2022-12-13T16:58:53.617+0000] {dag.py:3427} INFO - Setting next_dagrun for bus_pos_etl to 2022-12-13T00:00:00+00:00, run_after=2022-12-14T00:00:00+00:00
[2022-12-13T16:58:53.642+0000] {processor.py:175} INFO - Processing /opt/airflow/dags/dag_etl_bus_loc.py took 0.740 seconds
[2022-12-13T16:59:24.377+0000] {processor.py:153} INFO - Started process (PID=6199) to work on /opt/airflow/dags/dag_etl_bus_loc.py
[2022-12-13T16:59:24.378+0000] {processor.py:743} INFO - Processing file /opt/airflow/dags/dag_etl_bus_loc.py for tasks to queue
[2022-12-13T16:59:24.379+0000] {logging_mixin.py:137} INFO - [2022-12-13T16:59:24.379+0000] {dagbag.py:538} INFO - Filling up the DagBag from /opt/airflow/dags/dag_etl_bus_loc.py
[2022-12-13T16:59:25.063+0000] {processor.py:753} INFO - DAG(s) dict_keys(['bus_pos_etl']) retrieved from /opt/airflow/dags/dag_etl_bus_loc.py
[2022-12-13T16:59:25.101+0000] {logging_mixin.py:137} INFO - [2022-12-13T16:59:25.099+0000] {dag.py:2676} INFO - Sync 1 DAGs
[2022-12-13T16:59:25.150+0000] {logging_mixin.py:137} INFO - [2022-12-13T16:59:25.150+0000] {dag.py:3427} INFO - Setting next_dagrun for bus_pos_etl to 2022-12-13T00:00:00+00:00, run_after=2022-12-14T00:00:00+00:00
[2022-12-13T16:59:25.177+0000] {processor.py:175} INFO - Processing /opt/airflow/dags/dag_etl_bus_loc.py took 0.803 seconds
[2022-12-13T16:59:55.259+0000] {processor.py:153} INFO - Started process (PID=6266) to work on /opt/airflow/dags/dag_etl_bus_loc.py
[2022-12-13T16:59:55.261+0000] {processor.py:743} INFO - Processing file /opt/airflow/dags/dag_etl_bus_loc.py for tasks to queue
[2022-12-13T16:59:55.262+0000] {logging_mixin.py:137} INFO - [2022-12-13T16:59:55.262+0000] {dagbag.py:538} INFO - Filling up the DagBag from /opt/airflow/dags/dag_etl_bus_loc.py
[2022-12-13T16:59:56.186+0000] {processor.py:753} INFO - DAG(s) dict_keys(['bus_pos_etl']) retrieved from /opt/airflow/dags/dag_etl_bus_loc.py
[2022-12-13T16:59:56.217+0000] {logging_mixin.py:137} INFO - [2022-12-13T16:59:56.216+0000] {dag.py:2676} INFO - Sync 1 DAGs
[2022-12-13T16:59:56.247+0000] {logging_mixin.py:137} INFO - [2022-12-13T16:59:56.247+0000] {dag.py:3427} INFO - Setting next_dagrun for bus_pos_etl to 2022-12-13T00:00:00+00:00, run_after=2022-12-14T00:00:00+00:00
[2022-12-13T16:59:56.274+0000] {processor.py:175} INFO - Processing /opt/airflow/dags/dag_etl_bus_loc.py took 1.018 seconds
[2022-12-13T17:00:26.795+0000] {processor.py:153} INFO - Started process (PID=6333) to work on /opt/airflow/dags/dag_etl_bus_loc.py
[2022-12-13T17:00:26.796+0000] {processor.py:743} INFO - Processing file /opt/airflow/dags/dag_etl_bus_loc.py for tasks to queue
[2022-12-13T17:00:26.797+0000] {logging_mixin.py:137} INFO - [2022-12-13T17:00:26.797+0000] {dagbag.py:538} INFO - Filling up the DagBag from /opt/airflow/dags/dag_etl_bus_loc.py
[2022-12-13T17:00:27.558+0000] {processor.py:753} INFO - DAG(s) dict_keys(['bus_pos_etl']) retrieved from /opt/airflow/dags/dag_etl_bus_loc.py
[2022-12-13T17:00:27.581+0000] {logging_mixin.py:137} INFO - [2022-12-13T17:00:27.581+0000] {dag.py:2676} INFO - Sync 1 DAGs
[2022-12-13T17:00:27.608+0000] {logging_mixin.py:137} INFO - [2022-12-13T17:00:27.608+0000] {dag.py:3427} INFO - Setting next_dagrun for bus_pos_etl to 2022-12-13T00:00:00+00:00, run_after=2022-12-14T00:00:00+00:00
[2022-12-13T17:00:27.632+0000] {processor.py:175} INFO - Processing /opt/airflow/dags/dag_etl_bus_loc.py took 0.840 seconds
[2022-12-13T17:00:57.863+0000] {processor.py:153} INFO - Started process (PID=6400) to work on /opt/airflow/dags/dag_etl_bus_loc.py
[2022-12-13T17:00:57.864+0000] {processor.py:743} INFO - Processing file /opt/airflow/dags/dag_etl_bus_loc.py for tasks to queue
[2022-12-13T17:00:57.864+0000] {logging_mixin.py:137} INFO - [2022-12-13T17:00:57.864+0000] {dagbag.py:538} INFO - Filling up the DagBag from /opt/airflow/dags/dag_etl_bus_loc.py
[2022-12-13T17:00:58.482+0000] {processor.py:753} INFO - DAG(s) dict_keys(['bus_pos_etl']) retrieved from /opt/airflow/dags/dag_etl_bus_loc.py
[2022-12-13T17:00:58.506+0000] {logging_mixin.py:137} INFO - [2022-12-13T17:00:58.505+0000] {dag.py:2676} INFO - Sync 1 DAGs
[2022-12-13T17:00:58.533+0000] {logging_mixin.py:137} INFO - [2022-12-13T17:00:58.533+0000] {dag.py:3427} INFO - Setting next_dagrun for bus_pos_etl to 2022-12-13T00:00:00+00:00, run_after=2022-12-14T00:00:00+00:00
[2022-12-13T17:00:58.560+0000] {processor.py:175} INFO - Processing /opt/airflow/dags/dag_etl_bus_loc.py took 0.700 seconds
[2022-12-13T17:01:28.598+0000] {processor.py:153} INFO - Started process (PID=6466) to work on /opt/airflow/dags/dag_etl_bus_loc.py
[2022-12-13T17:01:28.610+0000] {processor.py:743} INFO - Processing file /opt/airflow/dags/dag_etl_bus_loc.py for tasks to queue
[2022-12-13T17:01:28.611+0000] {logging_mixin.py:137} INFO - [2022-12-13T17:01:28.611+0000] {dagbag.py:538} INFO - Filling up the DagBag from /opt/airflow/dags/dag_etl_bus_loc.py
[2022-12-13T17:01:29.164+0000] {processor.py:753} INFO - DAG(s) dict_keys(['bus_pos_etl']) retrieved from /opt/airflow/dags/dag_etl_bus_loc.py
[2022-12-13T17:01:29.188+0000] {logging_mixin.py:137} INFO - [2022-12-13T17:01:29.187+0000] {dag.py:2676} INFO - Sync 1 DAGs
[2022-12-13T17:01:29.216+0000] {logging_mixin.py:137} INFO - [2022-12-13T17:01:29.216+0000] {dag.py:3427} INFO - Setting next_dagrun for bus_pos_etl to 2022-12-13T00:00:00+00:00, run_after=2022-12-14T00:00:00+00:00
[2022-12-13T17:01:29.243+0000] {processor.py:175} INFO - Processing /opt/airflow/dags/dag_etl_bus_loc.py took 0.648 seconds
[2022-12-13T17:01:59.495+0000] {processor.py:153} INFO - Started process (PID=6533) to work on /opt/airflow/dags/dag_etl_bus_loc.py
[2022-12-13T17:01:59.496+0000] {processor.py:743} INFO - Processing file /opt/airflow/dags/dag_etl_bus_loc.py for tasks to queue
[2022-12-13T17:01:59.497+0000] {logging_mixin.py:137} INFO - [2022-12-13T17:01:59.497+0000] {dagbag.py:538} INFO - Filling up the DagBag from /opt/airflow/dags/dag_etl_bus_loc.py
[2022-12-13T17:02:00.068+0000] {processor.py:753} INFO - DAG(s) dict_keys(['bus_pos_etl']) retrieved from /opt/airflow/dags/dag_etl_bus_loc.py
[2022-12-13T17:02:00.091+0000] {logging_mixin.py:137} INFO - [2022-12-13T17:02:00.090+0000] {dag.py:2676} INFO - Sync 1 DAGs
[2022-12-13T17:02:00.115+0000] {logging_mixin.py:137} INFO - [2022-12-13T17:02:00.114+0000] {dag.py:3427} INFO - Setting next_dagrun for bus_pos_etl to 2022-12-13T00:00:00+00:00, run_after=2022-12-14T00:00:00+00:00
[2022-12-13T17:02:00.134+0000] {processor.py:175} INFO - Processing /opt/airflow/dags/dag_etl_bus_loc.py took 0.644 seconds
[2022-12-13T17:02:30.342+0000] {processor.py:153} INFO - Started process (PID=6602) to work on /opt/airflow/dags/dag_etl_bus_loc.py
[2022-12-13T17:02:30.345+0000] {processor.py:743} INFO - Processing file /opt/airflow/dags/dag_etl_bus_loc.py for tasks to queue
[2022-12-13T17:02:30.347+0000] {logging_mixin.py:137} INFO - [2022-12-13T17:02:30.347+0000] {dagbag.py:538} INFO - Filling up the DagBag from /opt/airflow/dags/dag_etl_bus_loc.py
[2022-12-13T17:02:31.166+0000] {processor.py:753} INFO - DAG(s) dict_keys(['bus_pos_etl']) retrieved from /opt/airflow/dags/dag_etl_bus_loc.py
[2022-12-13T17:02:31.188+0000] {logging_mixin.py:137} INFO - [2022-12-13T17:02:31.187+0000] {dag.py:2676} INFO - Sync 1 DAGs
[2022-12-13T17:02:31.216+0000] {logging_mixin.py:137} INFO - [2022-12-13T17:02:31.216+0000] {dag.py:3427} INFO - Setting next_dagrun for bus_pos_etl to 2022-12-13T00:00:00+00:00, run_after=2022-12-14T00:00:00+00:00
[2022-12-13T17:02:31.240+0000] {processor.py:175} INFO - Processing /opt/airflow/dags/dag_etl_bus_loc.py took 0.903 seconds
[2022-12-13T17:03:01.383+0000] {processor.py:153} INFO - Started process (PID=6669) to work on /opt/airflow/dags/dag_etl_bus_loc.py
[2022-12-13T17:03:01.385+0000] {processor.py:743} INFO - Processing file /opt/airflow/dags/dag_etl_bus_loc.py for tasks to queue
[2022-12-13T17:03:01.386+0000] {logging_mixin.py:137} INFO - [2022-12-13T17:03:01.386+0000] {dagbag.py:538} INFO - Filling up the DagBag from /opt/airflow/dags/dag_etl_bus_loc.py
[2022-12-13T17:03:01.995+0000] {processor.py:753} INFO - DAG(s) dict_keys(['bus_pos_etl']) retrieved from /opt/airflow/dags/dag_etl_bus_loc.py
[2022-12-13T17:03:02.028+0000] {logging_mixin.py:137} INFO - [2022-12-13T17:03:02.027+0000] {dag.py:2676} INFO - Sync 1 DAGs
[2022-12-13T17:03:02.063+0000] {logging_mixin.py:137} INFO - [2022-12-13T17:03:02.063+0000] {dag.py:3427} INFO - Setting next_dagrun for bus_pos_etl to 2022-12-13T00:00:00+00:00, run_after=2022-12-14T00:00:00+00:00
[2022-12-13T17:03:02.093+0000] {processor.py:175} INFO - Processing /opt/airflow/dags/dag_etl_bus_loc.py took 0.713 seconds
[2022-12-13T17:03:32.213+0000] {processor.py:153} INFO - Started process (PID=6738) to work on /opt/airflow/dags/dag_etl_bus_loc.py
[2022-12-13T17:03:32.215+0000] {processor.py:743} INFO - Processing file /opt/airflow/dags/dag_etl_bus_loc.py for tasks to queue
[2022-12-13T17:03:32.216+0000] {logging_mixin.py:137} INFO - [2022-12-13T17:03:32.216+0000] {dagbag.py:538} INFO - Filling up the DagBag from /opt/airflow/dags/dag_etl_bus_loc.py
[2022-12-13T17:03:32.764+0000] {processor.py:753} INFO - DAG(s) dict_keys(['bus_pos_etl']) retrieved from /opt/airflow/dags/dag_etl_bus_loc.py
[2022-12-13T17:03:32.786+0000] {logging_mixin.py:137} INFO - [2022-12-13T17:03:32.786+0000] {dag.py:2676} INFO - Sync 1 DAGs
[2022-12-13T17:03:32.814+0000] {logging_mixin.py:137} INFO - [2022-12-13T17:03:32.813+0000] {dag.py:3427} INFO - Setting next_dagrun for bus_pos_etl to 2022-12-13T00:00:00+00:00, run_after=2022-12-14T00:00:00+00:00
[2022-12-13T17:03:32.835+0000] {processor.py:175} INFO - Processing /opt/airflow/dags/dag_etl_bus_loc.py took 0.625 seconds
[2022-12-13T17:04:02.915+0000] {processor.py:153} INFO - Started process (PID=6806) to work on /opt/airflow/dags/dag_etl_bus_loc.py
[2022-12-13T17:04:02.916+0000] {processor.py:743} INFO - Processing file /opt/airflow/dags/dag_etl_bus_loc.py for tasks to queue
[2022-12-13T17:04:02.917+0000] {logging_mixin.py:137} INFO - [2022-12-13T17:04:02.917+0000] {dagbag.py:538} INFO - Filling up the DagBag from /opt/airflow/dags/dag_etl_bus_loc.py
[2022-12-13T17:04:03.443+0000] {processor.py:753} INFO - DAG(s) dict_keys(['bus_pos_etl']) retrieved from /opt/airflow/dags/dag_etl_bus_loc.py
[2022-12-13T17:04:03.466+0000] {logging_mixin.py:137} INFO - [2022-12-13T17:04:03.466+0000] {dag.py:2676} INFO - Sync 1 DAGs
[2022-12-13T17:04:03.493+0000] {logging_mixin.py:137} INFO - [2022-12-13T17:04:03.493+0000] {dag.py:3427} INFO - Setting next_dagrun for bus_pos_etl to 2022-12-13T00:00:00+00:00, run_after=2022-12-14T00:00:00+00:00
[2022-12-13T17:04:03.515+0000] {processor.py:175} INFO - Processing /opt/airflow/dags/dag_etl_bus_loc.py took 0.603 seconds
[2022-12-13T17:04:33.636+0000] {processor.py:153} INFO - Started process (PID=6874) to work on /opt/airflow/dags/dag_etl_bus_loc.py
[2022-12-13T17:04:33.637+0000] {processor.py:743} INFO - Processing file /opt/airflow/dags/dag_etl_bus_loc.py for tasks to queue
[2022-12-13T17:04:33.638+0000] {logging_mixin.py:137} INFO - [2022-12-13T17:04:33.638+0000] {dagbag.py:538} INFO - Filling up the DagBag from /opt/airflow/dags/dag_etl_bus_loc.py
[2022-12-13T17:04:34.228+0000] {processor.py:753} INFO - DAG(s) dict_keys(['bus_pos_etl']) retrieved from /opt/airflow/dags/dag_etl_bus_loc.py
[2022-12-13T17:04:34.249+0000] {logging_mixin.py:137} INFO - [2022-12-13T17:04:34.249+0000] {dag.py:2676} INFO - Sync 1 DAGs
[2022-12-13T17:04:34.275+0000] {logging_mixin.py:137} INFO - [2022-12-13T17:04:34.275+0000] {dag.py:3427} INFO - Setting next_dagrun for bus_pos_etl to 2022-12-13T00:00:00+00:00, run_after=2022-12-14T00:00:00+00:00
[2022-12-13T17:04:34.299+0000] {processor.py:175} INFO - Processing /opt/airflow/dags/dag_etl_bus_loc.py took 0.667 seconds
[2022-12-13T17:04:53.447+0000] {processor.py:153} INFO - Started process (PID=6926) to work on /opt/airflow/dags/dag_etl_bus_loc.py
[2022-12-13T17:04:53.448+0000] {processor.py:743} INFO - Processing file /opt/airflow/dags/dag_etl_bus_loc.py for tasks to queue
[2022-12-13T17:04:53.449+0000] {logging_mixin.py:137} INFO - [2022-12-13T17:04:53.449+0000] {dagbag.py:538} INFO - Filling up the DagBag from /opt/airflow/dags/dag_etl_bus_loc.py
[2022-12-13T17:04:54.011+0000] {processor.py:753} INFO - DAG(s) dict_keys(['bus_pos_etl']) retrieved from /opt/airflow/dags/dag_etl_bus_loc.py
[2022-12-13T17:04:54.069+0000] {logging_mixin.py:137} INFO - [2022-12-13T17:04:54.068+0000] {dag.py:2676} INFO - Sync 1 DAGs
[2022-12-13T17:04:54.093+0000] {logging_mixin.py:137} INFO - [2022-12-13T17:04:54.093+0000] {dag.py:3427} INFO - Setting next_dagrun for bus_pos_etl to 2022-12-13T00:00:00+00:00, run_after=2022-12-14T00:00:00+00:00
[2022-12-13T17:04:54.119+0000] {processor.py:175} INFO - Processing /opt/airflow/dags/dag_etl_bus_loc.py took 0.675 seconds
[2022-12-13T17:05:00.238+0000] {processor.py:153} INFO - Started process (PID=6935) to work on /opt/airflow/dags/dag_etl_bus_loc.py
[2022-12-13T17:05:00.239+0000] {processor.py:743} INFO - Processing file /opt/airflow/dags/dag_etl_bus_loc.py for tasks to queue
[2022-12-13T17:05:00.240+0000] {logging_mixin.py:137} INFO - [2022-12-13T17:05:00.240+0000] {dagbag.py:538} INFO - Filling up the DagBag from /opt/airflow/dags/dag_etl_bus_loc.py
[2022-12-13T17:05:00.993+0000] {processor.py:753} INFO - DAG(s) dict_keys(['bus_pos_etl']) retrieved from /opt/airflow/dags/dag_etl_bus_loc.py
[2022-12-13T17:05:01.005+0000] {logging_mixin.py:137} INFO - [2022-12-13T17:05:01.005+0000] {dag.py:2676} INFO - Sync 1 DAGs
[2022-12-13T17:05:01.031+0000] {logging_mixin.py:137} INFO - [2022-12-13T17:05:01.030+0000] {dag.py:3427} INFO - Setting next_dagrun for bus_pos_etl to 2022-12-13T00:00:00+00:00, run_after=2022-12-14T00:00:00+00:00
[2022-12-13T17:05:01.056+0000] {processor.py:175} INFO - Processing /opt/airflow/dags/dag_etl_bus_loc.py took 0.822 seconds
[2022-12-13T17:05:31.813+0000] {processor.py:153} INFO - Started process (PID=7003) to work on /opt/airflow/dags/dag_etl_bus_loc.py
[2022-12-13T17:05:31.815+0000] {processor.py:743} INFO - Processing file /opt/airflow/dags/dag_etl_bus_loc.py for tasks to queue
[2022-12-13T17:05:31.815+0000] {logging_mixin.py:137} INFO - [2022-12-13T17:05:31.815+0000] {dagbag.py:538} INFO - Filling up the DagBag from /opt/airflow/dags/dag_etl_bus_loc.py
[2022-12-13T17:05:32.446+0000] {processor.py:753} INFO - DAG(s) dict_keys(['bus_pos_etl']) retrieved from /opt/airflow/dags/dag_etl_bus_loc.py
[2022-12-13T17:05:32.473+0000] {logging_mixin.py:137} INFO - [2022-12-13T17:05:32.472+0000] {dag.py:2676} INFO - Sync 1 DAGs
[2022-12-13T17:05:32.503+0000] {logging_mixin.py:137} INFO - [2022-12-13T17:05:32.503+0000] {dag.py:3427} INFO - Setting next_dagrun for bus_pos_etl to 2022-12-13T00:00:00+00:00, run_after=2022-12-14T00:00:00+00:00
[2022-12-13T17:05:32.542+0000] {processor.py:175} INFO - Processing /opt/airflow/dags/dag_etl_bus_loc.py took 0.733 seconds
[2022-12-13T17:06:03.222+0000] {processor.py:153} INFO - Started process (PID=7072) to work on /opt/airflow/dags/dag_etl_bus_loc.py
[2022-12-13T17:06:03.224+0000] {processor.py:743} INFO - Processing file /opt/airflow/dags/dag_etl_bus_loc.py for tasks to queue
[2022-12-13T17:06:03.225+0000] {logging_mixin.py:137} INFO - [2022-12-13T17:06:03.225+0000] {dagbag.py:538} INFO - Filling up the DagBag from /opt/airflow/dags/dag_etl_bus_loc.py
[2022-12-13T17:06:03.894+0000] {processor.py:753} INFO - DAG(s) dict_keys(['bus_pos_etl']) retrieved from /opt/airflow/dags/dag_etl_bus_loc.py
[2022-12-13T17:06:03.918+0000] {logging_mixin.py:137} INFO - [2022-12-13T17:06:03.917+0000] {dag.py:2676} INFO - Sync 1 DAGs
[2022-12-13T17:06:03.944+0000] {logging_mixin.py:137} INFO - [2022-12-13T17:06:03.944+0000] {dag.py:3427} INFO - Setting next_dagrun for bus_pos_etl to 2022-12-13T00:00:00+00:00, run_after=2022-12-14T00:00:00+00:00
[2022-12-13T17:06:03.968+0000] {processor.py:175} INFO - Processing /opt/airflow/dags/dag_etl_bus_loc.py took 0.751 seconds
[2022-12-13T17:06:34.101+0000] {processor.py:153} INFO - Started process (PID=7139) to work on /opt/airflow/dags/dag_etl_bus_loc.py
[2022-12-13T17:06:34.102+0000] {processor.py:743} INFO - Processing file /opt/airflow/dags/dag_etl_bus_loc.py for tasks to queue
[2022-12-13T17:06:34.103+0000] {logging_mixin.py:137} INFO - [2022-12-13T17:06:34.103+0000] {dagbag.py:538} INFO - Filling up the DagBag from /opt/airflow/dags/dag_etl_bus_loc.py
[2022-12-13T17:06:34.753+0000] {processor.py:753} INFO - DAG(s) dict_keys(['bus_pos_etl']) retrieved from /opt/airflow/dags/dag_etl_bus_loc.py
[2022-12-13T17:06:34.778+0000] {logging_mixin.py:137} INFO - [2022-12-13T17:06:34.777+0000] {dag.py:2676} INFO - Sync 1 DAGs
[2022-12-13T17:06:34.810+0000] {logging_mixin.py:137} INFO - [2022-12-13T17:06:34.810+0000] {dag.py:3427} INFO - Setting next_dagrun for bus_pos_etl to 2022-12-13T00:00:00+00:00, run_after=2022-12-14T00:00:00+00:00
[2022-12-13T17:06:34.840+0000] {processor.py:175} INFO - Processing /opt/airflow/dags/dag_etl_bus_loc.py took 0.742 seconds
[2022-12-13T17:07:04.871+0000] {processor.py:153} INFO - Started process (PID=7206) to work on /opt/airflow/dags/dag_etl_bus_loc.py
[2022-12-13T17:07:04.873+0000] {processor.py:743} INFO - Processing file /opt/airflow/dags/dag_etl_bus_loc.py for tasks to queue
[2022-12-13T17:07:04.874+0000] {logging_mixin.py:137} INFO - [2022-12-13T17:07:04.874+0000] {dagbag.py:538} INFO - Filling up the DagBag from /opt/airflow/dags/dag_etl_bus_loc.py
[2022-12-13T17:07:05.494+0000] {processor.py:753} INFO - DAG(s) dict_keys(['bus_pos_etl']) retrieved from /opt/airflow/dags/dag_etl_bus_loc.py
[2022-12-13T17:07:05.517+0000] {logging_mixin.py:137} INFO - [2022-12-13T17:07:05.516+0000] {dag.py:2676} INFO - Sync 1 DAGs
[2022-12-13T17:07:05.573+0000] {logging_mixin.py:137} INFO - [2022-12-13T17:07:05.573+0000] {dag.py:3427} INFO - Setting next_dagrun for bus_pos_etl to 2022-12-13T00:00:00+00:00, run_after=2022-12-14T00:00:00+00:00
[2022-12-13T17:07:05.621+0000] {processor.py:175} INFO - Processing /opt/airflow/dags/dag_etl_bus_loc.py took 0.753 seconds
[2022-12-13T17:07:13.310+0000] {processor.py:153} INFO - Started process (PID=7257) to work on /opt/airflow/dags/dag_etl_bus_loc.py
[2022-12-13T17:07:13.311+0000] {processor.py:743} INFO - Processing file /opt/airflow/dags/dag_etl_bus_loc.py for tasks to queue
[2022-12-13T17:07:13.311+0000] {logging_mixin.py:137} INFO - [2022-12-13T17:07:13.311+0000] {dagbag.py:538} INFO - Filling up the DagBag from /opt/airflow/dags/dag_etl_bus_loc.py
[2022-12-13T17:07:14.223+0000] {processor.py:753} INFO - DAG(s) dict_keys(['bus_pos_etl']) retrieved from /opt/airflow/dags/dag_etl_bus_loc.py
[2022-12-13T17:07:14.250+0000] {logging_mixin.py:137} INFO - [2022-12-13T17:07:14.249+0000] {dag.py:2676} INFO - Sync 1 DAGs
[2022-12-13T17:07:14.290+0000] {logging_mixin.py:137} INFO - [2022-12-13T17:07:14.290+0000] {dag.py:3427} INFO - Setting next_dagrun for bus_pos_etl to 2022-12-13T00:00:00+00:00, run_after=2022-12-14T00:00:00+00:00
[2022-12-13T17:07:14.322+0000] {processor.py:175} INFO - Processing /opt/airflow/dags/dag_etl_bus_loc.py took 1.016 seconds
[2022-12-13T17:07:45.073+0000] {processor.py:153} INFO - Started process (PID=7324) to work on /opt/airflow/dags/dag_etl_bus_loc.py
[2022-12-13T17:07:45.074+0000] {processor.py:743} INFO - Processing file /opt/airflow/dags/dag_etl_bus_loc.py for tasks to queue
[2022-12-13T17:07:45.075+0000] {logging_mixin.py:137} INFO - [2022-12-13T17:07:45.075+0000] {dagbag.py:538} INFO - Filling up the DagBag from /opt/airflow/dags/dag_etl_bus_loc.py
[2022-12-13T17:07:46.149+0000] {processor.py:753} INFO - DAG(s) dict_keys(['bus_pos_etl']) retrieved from /opt/airflow/dags/dag_etl_bus_loc.py
[2022-12-13T17:07:46.173+0000] {logging_mixin.py:137} INFO - [2022-12-13T17:07:46.172+0000] {dag.py:2676} INFO - Sync 1 DAGs
[2022-12-13T17:07:46.198+0000] {logging_mixin.py:137} INFO - [2022-12-13T17:07:46.198+0000] {dag.py:3427} INFO - Setting next_dagrun for bus_pos_etl to 2022-12-13T00:00:00+00:00, run_after=2022-12-14T00:00:00+00:00
[2022-12-13T17:07:46.222+0000] {processor.py:175} INFO - Processing /opt/airflow/dags/dag_etl_bus_loc.py took 1.152 seconds
[2022-12-13T17:08:17.094+0000] {processor.py:153} INFO - Started process (PID=7394) to work on /opt/airflow/dags/dag_etl_bus_loc.py
[2022-12-13T17:08:17.096+0000] {processor.py:743} INFO - Processing file /opt/airflow/dags/dag_etl_bus_loc.py for tasks to queue
[2022-12-13T17:08:17.096+0000] {logging_mixin.py:137} INFO - [2022-12-13T17:08:17.096+0000] {dagbag.py:538} INFO - Filling up the DagBag from /opt/airflow/dags/dag_etl_bus_loc.py
[2022-12-13T17:08:17.642+0000] {processor.py:753} INFO - DAG(s) dict_keys(['bus_pos_etl']) retrieved from /opt/airflow/dags/dag_etl_bus_loc.py
[2022-12-13T17:08:17.664+0000] {logging_mixin.py:137} INFO - [2022-12-13T17:08:17.663+0000] {dag.py:2676} INFO - Sync 1 DAGs
[2022-12-13T17:08:17.690+0000] {logging_mixin.py:137} INFO - [2022-12-13T17:08:17.690+0000] {dag.py:3427} INFO - Setting next_dagrun for bus_pos_etl to 2022-12-13T00:00:00+00:00, run_after=2022-12-14T00:00:00+00:00
[2022-12-13T17:08:17.714+0000] {processor.py:175} INFO - Processing /opt/airflow/dags/dag_etl_bus_loc.py took 0.623 seconds
[2022-12-13T17:08:24.793+0000] {processor.py:153} INFO - Started process (PID=7403) to work on /opt/airflow/dags/dag_etl_bus_loc.py
[2022-12-13T17:08:24.794+0000] {processor.py:743} INFO - Processing file /opt/airflow/dags/dag_etl_bus_loc.py for tasks to queue
[2022-12-13T17:08:24.795+0000] {logging_mixin.py:137} INFO - [2022-12-13T17:08:24.795+0000] {dagbag.py:538} INFO - Filling up the DagBag from /opt/airflow/dags/dag_etl_bus_loc.py
[2022-12-13T17:08:25.440+0000] {processor.py:753} INFO - DAG(s) dict_keys(['bus_pos_etl']) retrieved from /opt/airflow/dags/dag_etl_bus_loc.py
[2022-12-13T17:08:25.463+0000] {logging_mixin.py:137} INFO - [2022-12-13T17:08:25.462+0000] {dag.py:2676} INFO - Sync 1 DAGs
[2022-12-13T17:08:25.488+0000] {logging_mixin.py:137} INFO - [2022-12-13T17:08:25.488+0000] {dag.py:3427} INFO - Setting next_dagrun for bus_pos_etl to 2022-12-13T00:00:00+00:00, run_after=2022-12-14T00:00:00+00:00
[2022-12-13T17:08:25.512+0000] {processor.py:175} INFO - Processing /opt/airflow/dags/dag_etl_bus_loc.py took 0.722 seconds
[2022-12-13T17:08:56.089+0000] {processor.py:153} INFO - Started process (PID=7470) to work on /opt/airflow/dags/dag_etl_bus_loc.py
[2022-12-13T17:08:56.090+0000] {processor.py:743} INFO - Processing file /opt/airflow/dags/dag_etl_bus_loc.py for tasks to queue
[2022-12-13T17:08:56.091+0000] {logging_mixin.py:137} INFO - [2022-12-13T17:08:56.091+0000] {dagbag.py:538} INFO - Filling up the DagBag from /opt/airflow/dags/dag_etl_bus_loc.py
[2022-12-13T17:08:56.624+0000] {processor.py:753} INFO - DAG(s) dict_keys(['bus_pos_etl']) retrieved from /opt/airflow/dags/dag_etl_bus_loc.py
[2022-12-13T17:08:56.646+0000] {logging_mixin.py:137} INFO - [2022-12-13T17:08:56.645+0000] {dag.py:2676} INFO - Sync 1 DAGs
[2022-12-13T17:08:56.674+0000] {logging_mixin.py:137} INFO - [2022-12-13T17:08:56.674+0000] {dag.py:3427} INFO - Setting next_dagrun for bus_pos_etl to 2022-12-13T00:00:00+00:00, run_after=2022-12-14T00:00:00+00:00
[2022-12-13T17:08:56.699+0000] {processor.py:175} INFO - Processing /opt/airflow/dags/dag_etl_bus_loc.py took 0.612 seconds
[2022-12-13T17:09:26.733+0000] {processor.py:153} INFO - Started process (PID=7537) to work on /opt/airflow/dags/dag_etl_bus_loc.py
[2022-12-13T17:09:26.734+0000] {processor.py:743} INFO - Processing file /opt/airflow/dags/dag_etl_bus_loc.py for tasks to queue
[2022-12-13T17:09:26.735+0000] {logging_mixin.py:137} INFO - [2022-12-13T17:09:26.735+0000] {dagbag.py:538} INFO - Filling up the DagBag from /opt/airflow/dags/dag_etl_bus_loc.py
[2022-12-13T17:09:27.274+0000] {processor.py:753} INFO - DAG(s) dict_keys(['bus_pos_etl']) retrieved from /opt/airflow/dags/dag_etl_bus_loc.py
[2022-12-13T17:09:27.295+0000] {logging_mixin.py:137} INFO - [2022-12-13T17:09:27.295+0000] {dag.py:2676} INFO - Sync 1 DAGs
[2022-12-13T17:09:27.323+0000] {logging_mixin.py:137} INFO - [2022-12-13T17:09:27.323+0000] {dag.py:3427} INFO - Setting next_dagrun for bus_pos_etl to 2022-12-13T00:00:00+00:00, run_after=2022-12-14T00:00:00+00:00
[2022-12-13T17:09:27.355+0000] {processor.py:175} INFO - Processing /opt/airflow/dags/dag_etl_bus_loc.py took 0.625 seconds
[2022-12-13T17:09:58.051+0000] {processor.py:153} INFO - Started process (PID=7604) to work on /opt/airflow/dags/dag_etl_bus_loc.py
[2022-12-13T17:09:58.053+0000] {processor.py:743} INFO - Processing file /opt/airflow/dags/dag_etl_bus_loc.py for tasks to queue
[2022-12-13T17:09:58.053+0000] {logging_mixin.py:137} INFO - [2022-12-13T17:09:58.053+0000] {dagbag.py:538} INFO - Filling up the DagBag from /opt/airflow/dags/dag_etl_bus_loc.py
[2022-12-13T17:09:58.679+0000] {processor.py:753} INFO - DAG(s) dict_keys(['bus_pos_etl']) retrieved from /opt/airflow/dags/dag_etl_bus_loc.py
[2022-12-13T17:09:58.712+0000] {logging_mixin.py:137} INFO - [2022-12-13T17:09:58.711+0000] {dag.py:2676} INFO - Sync 1 DAGs
[2022-12-13T17:09:58.743+0000] {logging_mixin.py:137} INFO - [2022-12-13T17:09:58.743+0000] {dag.py:3427} INFO - Setting next_dagrun for bus_pos_etl to 2022-12-13T00:00:00+00:00, run_after=2022-12-14T00:00:00+00:00
[2022-12-13T17:09:58.766+0000] {processor.py:175} INFO - Processing /opt/airflow/dags/dag_etl_bus_loc.py took 0.718 seconds
[2022-12-13T17:10:28.863+0000] {processor.py:153} INFO - Started process (PID=7672) to work on /opt/airflow/dags/dag_etl_bus_loc.py
[2022-12-13T17:10:28.864+0000] {processor.py:743} INFO - Processing file /opt/airflow/dags/dag_etl_bus_loc.py for tasks to queue
[2022-12-13T17:10:28.865+0000] {logging_mixin.py:137} INFO - [2022-12-13T17:10:28.865+0000] {dagbag.py:538} INFO - Filling up the DagBag from /opt/airflow/dags/dag_etl_bus_loc.py
[2022-12-13T17:10:29.575+0000] {processor.py:753} INFO - DAG(s) dict_keys(['bus_pos_etl']) retrieved from /opt/airflow/dags/dag_etl_bus_loc.py
[2022-12-13T17:10:29.615+0000] {logging_mixin.py:137} INFO - [2022-12-13T17:10:29.614+0000] {dag.py:2676} INFO - Sync 1 DAGs
[2022-12-13T17:10:29.646+0000] {logging_mixin.py:137} INFO - [2022-12-13T17:10:29.646+0000] {dag.py:3427} INFO - Setting next_dagrun for bus_pos_etl to 2022-12-13T00:00:00+00:00, run_after=2022-12-14T00:00:00+00:00
[2022-12-13T17:10:29.667+0000] {processor.py:175} INFO - Processing /opt/airflow/dags/dag_etl_bus_loc.py took 0.806 seconds
[2022-12-13T17:11:00.377+0000] {processor.py:153} INFO - Started process (PID=7740) to work on /opt/airflow/dags/dag_etl_bus_loc.py
[2022-12-13T17:11:00.379+0000] {processor.py:743} INFO - Processing file /opt/airflow/dags/dag_etl_bus_loc.py for tasks to queue
[2022-12-13T17:11:00.380+0000] {logging_mixin.py:137} INFO - [2022-12-13T17:11:00.380+0000] {dagbag.py:538} INFO - Filling up the DagBag from /opt/airflow/dags/dag_etl_bus_loc.py
[2022-12-13T17:11:01.106+0000] {processor.py:753} INFO - DAG(s) dict_keys(['bus_pos_etl']) retrieved from /opt/airflow/dags/dag_etl_bus_loc.py
[2022-12-13T17:11:01.128+0000] {logging_mixin.py:137} INFO - [2022-12-13T17:11:01.127+0000] {dag.py:2676} INFO - Sync 1 DAGs
[2022-12-13T17:11:01.156+0000] {logging_mixin.py:137} INFO - [2022-12-13T17:11:01.155+0000] {dag.py:3427} INFO - Setting next_dagrun for bus_pos_etl to 2022-12-13T00:00:00+00:00, run_after=2022-12-14T00:00:00+00:00
[2022-12-13T17:11:01.179+0000] {processor.py:175} INFO - Processing /opt/airflow/dags/dag_etl_bus_loc.py took 0.805 seconds
[2022-12-13T17:11:31.629+0000] {processor.py:153} INFO - Started process (PID=7807) to work on /opt/airflow/dags/dag_etl_bus_loc.py
[2022-12-13T17:11:31.630+0000] {processor.py:743} INFO - Processing file /opt/airflow/dags/dag_etl_bus_loc.py for tasks to queue
[2022-12-13T17:11:31.631+0000] {logging_mixin.py:137} INFO - [2022-12-13T17:11:31.631+0000] {dagbag.py:538} INFO - Filling up the DagBag from /opt/airflow/dags/dag_etl_bus_loc.py
[2022-12-13T17:11:32.224+0000] {processor.py:753} INFO - DAG(s) dict_keys(['bus_pos_etl']) retrieved from /opt/airflow/dags/dag_etl_bus_loc.py
[2022-12-13T17:11:32.248+0000] {logging_mixin.py:137} INFO - [2022-12-13T17:11:32.248+0000] {dag.py:2676} INFO - Sync 1 DAGs
[2022-12-13T17:11:32.275+0000] {logging_mixin.py:137} INFO - [2022-12-13T17:11:32.274+0000] {dag.py:3427} INFO - Setting next_dagrun for bus_pos_etl to 2022-12-13T00:00:00+00:00, run_after=2022-12-14T00:00:00+00:00
[2022-12-13T17:11:32.299+0000] {processor.py:175} INFO - Processing /opt/airflow/dags/dag_etl_bus_loc.py took 0.672 seconds
[2022-12-13T17:12:02.778+0000] {processor.py:153} INFO - Started process (PID=7874) to work on /opt/airflow/dags/dag_etl_bus_loc.py
[2022-12-13T17:12:02.781+0000] {processor.py:743} INFO - Processing file /opt/airflow/dags/dag_etl_bus_loc.py for tasks to queue
[2022-12-13T17:12:02.781+0000] {logging_mixin.py:137} INFO - [2022-12-13T17:12:02.781+0000] {dagbag.py:538} INFO - Filling up the DagBag from /opt/airflow/dags/dag_etl_bus_loc.py
[2022-12-13T17:12:03.336+0000] {processor.py:753} INFO - DAG(s) dict_keys(['bus_pos_etl']) retrieved from /opt/airflow/dags/dag_etl_bus_loc.py
[2022-12-13T17:12:03.362+0000] {logging_mixin.py:137} INFO - [2022-12-13T17:12:03.362+0000] {dag.py:2676} INFO - Sync 1 DAGs
[2022-12-13T17:12:03.387+0000] {logging_mixin.py:137} INFO - [2022-12-13T17:12:03.387+0000] {dag.py:3427} INFO - Setting next_dagrun for bus_pos_etl to 2022-12-13T00:00:00+00:00, run_after=2022-12-14T00:00:00+00:00
[2022-12-13T17:12:03.421+0000] {processor.py:175} INFO - Processing /opt/airflow/dags/dag_etl_bus_loc.py took 0.645 seconds
[2022-12-13T17:12:33.791+0000] {processor.py:153} INFO - Started process (PID=7941) to work on /opt/airflow/dags/dag_etl_bus_loc.py
[2022-12-13T17:12:33.792+0000] {processor.py:743} INFO - Processing file /opt/airflow/dags/dag_etl_bus_loc.py for tasks to queue
[2022-12-13T17:12:33.792+0000] {logging_mixin.py:137} INFO - [2022-12-13T17:12:33.792+0000] {dagbag.py:538} INFO - Filling up the DagBag from /opt/airflow/dags/dag_etl_bus_loc.py
[2022-12-13T17:12:34.371+0000] {processor.py:753} INFO - DAG(s) dict_keys(['bus_pos_etl']) retrieved from /opt/airflow/dags/dag_etl_bus_loc.py
[2022-12-13T17:12:34.401+0000] {logging_mixin.py:137} INFO - [2022-12-13T17:12:34.400+0000] {dag.py:2676} INFO - Sync 1 DAGs
[2022-12-13T17:12:34.431+0000] {logging_mixin.py:137} INFO - [2022-12-13T17:12:34.431+0000] {dag.py:3427} INFO - Setting next_dagrun for bus_pos_etl to 2022-12-13T00:00:00+00:00, run_after=2022-12-14T00:00:00+00:00
[2022-12-13T17:12:34.464+0000] {processor.py:175} INFO - Processing /opt/airflow/dags/dag_etl_bus_loc.py took 0.676 seconds
[2022-12-13T17:13:05.085+0000] {processor.py:153} INFO - Started process (PID=8017) to work on /opt/airflow/dags/dag_etl_bus_loc.py
[2022-12-13T17:13:05.092+0000] {processor.py:743} INFO - Processing file /opt/airflow/dags/dag_etl_bus_loc.py for tasks to queue
[2022-12-13T17:13:05.093+0000] {logging_mixin.py:137} INFO - [2022-12-13T17:13:05.092+0000] {dagbag.py:538} INFO - Filling up the DagBag from /opt/airflow/dags/dag_etl_bus_loc.py
[2022-12-13T17:13:06.190+0000] {processor.py:753} INFO - DAG(s) dict_keys(['bus_pos_etl']) retrieved from /opt/airflow/dags/dag_etl_bus_loc.py
[2022-12-13T17:13:06.221+0000] {logging_mixin.py:137} INFO - [2022-12-13T17:13:06.220+0000] {dag.py:2676} INFO - Sync 1 DAGs
[2022-12-13T17:13:06.255+0000] {logging_mixin.py:137} INFO - [2022-12-13T17:13:06.254+0000] {dag.py:3427} INFO - Setting next_dagrun for bus_pos_etl to 2022-12-13T00:00:00+00:00, run_after=2022-12-14T00:00:00+00:00
[2022-12-13T17:13:06.285+0000] {processor.py:175} INFO - Processing /opt/airflow/dags/dag_etl_bus_loc.py took 1.204 seconds
[2022-12-13T17:13:36.348+0000] {processor.py:153} INFO - Started process (PID=8084) to work on /opt/airflow/dags/dag_etl_bus_loc.py
[2022-12-13T17:13:36.350+0000] {processor.py:743} INFO - Processing file /opt/airflow/dags/dag_etl_bus_loc.py for tasks to queue
[2022-12-13T17:13:36.350+0000] {logging_mixin.py:137} INFO - [2022-12-13T17:13:36.350+0000] {dagbag.py:538} INFO - Filling up the DagBag from /opt/airflow/dags/dag_etl_bus_loc.py
[2022-12-13T17:13:36.887+0000] {processor.py:753} INFO - DAG(s) dict_keys(['bus_pos_etl']) retrieved from /opt/airflow/dags/dag_etl_bus_loc.py
[2022-12-13T17:13:36.909+0000] {logging_mixin.py:137} INFO - [2022-12-13T17:13:36.908+0000] {dag.py:2676} INFO - Sync 1 DAGs
[2022-12-13T17:13:36.936+0000] {logging_mixin.py:137} INFO - [2022-12-13T17:13:36.936+0000] {dag.py:3427} INFO - Setting next_dagrun for bus_pos_etl to 2022-12-13T00:00:00+00:00, run_after=2022-12-14T00:00:00+00:00
[2022-12-13T17:13:36.956+0000] {processor.py:175} INFO - Processing /opt/airflow/dags/dag_etl_bus_loc.py took 0.611 seconds
[2022-12-13T17:14:07.905+0000] {processor.py:153} INFO - Started process (PID=8151) to work on /opt/airflow/dags/dag_etl_bus_loc.py
[2022-12-13T17:14:07.906+0000] {processor.py:743} INFO - Processing file /opt/airflow/dags/dag_etl_bus_loc.py for tasks to queue
[2022-12-13T17:14:07.906+0000] {logging_mixin.py:137} INFO - [2022-12-13T17:14:07.906+0000] {dagbag.py:538} INFO - Filling up the DagBag from /opt/airflow/dags/dag_etl_bus_loc.py
[2022-12-13T17:14:08.480+0000] {processor.py:753} INFO - DAG(s) dict_keys(['bus_pos_etl']) retrieved from /opt/airflow/dags/dag_etl_bus_loc.py
[2022-12-13T17:14:08.501+0000] {logging_mixin.py:137} INFO - [2022-12-13T17:14:08.500+0000] {dag.py:2676} INFO - Sync 1 DAGs
[2022-12-13T17:14:08.527+0000] {logging_mixin.py:137} INFO - [2022-12-13T17:14:08.527+0000] {dag.py:3427} INFO - Setting next_dagrun for bus_pos_etl to 2022-12-13T00:00:00+00:00, run_after=2022-12-14T00:00:00+00:00
[2022-12-13T17:14:08.552+0000] {processor.py:175} INFO - Processing /opt/airflow/dags/dag_etl_bus_loc.py took 0.650 seconds
[2022-12-13T17:14:39.204+0000] {processor.py:153} INFO - Started process (PID=8219) to work on /opt/airflow/dags/dag_etl_bus_loc.py
[2022-12-13T17:14:39.205+0000] {processor.py:743} INFO - Processing file /opt/airflow/dags/dag_etl_bus_loc.py for tasks to queue
[2022-12-13T17:14:39.206+0000] {logging_mixin.py:137} INFO - [2022-12-13T17:14:39.206+0000] {dagbag.py:538} INFO - Filling up the DagBag from /opt/airflow/dags/dag_etl_bus_loc.py
[2022-12-13T17:14:39.938+0000] {processor.py:753} INFO - DAG(s) dict_keys(['bus_pos_etl']) retrieved from /opt/airflow/dags/dag_etl_bus_loc.py
[2022-12-13T17:14:39.962+0000] {logging_mixin.py:137} INFO - [2022-12-13T17:14:39.962+0000] {dag.py:2676} INFO - Sync 1 DAGs
[2022-12-13T17:14:39.993+0000] {logging_mixin.py:137} INFO - [2022-12-13T17:14:39.992+0000] {dag.py:3427} INFO - Setting next_dagrun for bus_pos_etl to 2022-12-13T00:00:00+00:00, run_after=2022-12-14T00:00:00+00:00
[2022-12-13T17:14:40.018+0000] {processor.py:175} INFO - Processing /opt/airflow/dags/dag_etl_bus_loc.py took 0.818 seconds
[2022-12-13T17:15:10.338+0000] {processor.py:153} INFO - Started process (PID=8287) to work on /opt/airflow/dags/dag_etl_bus_loc.py
[2022-12-13T17:15:10.339+0000] {processor.py:743} INFO - Processing file /opt/airflow/dags/dag_etl_bus_loc.py for tasks to queue
[2022-12-13T17:15:10.339+0000] {logging_mixin.py:137} INFO - [2022-12-13T17:15:10.339+0000] {dagbag.py:538} INFO - Filling up the DagBag from /opt/airflow/dags/dag_etl_bus_loc.py
[2022-12-13T17:15:11.129+0000] {processor.py:753} INFO - DAG(s) dict_keys(['bus_pos_etl']) retrieved from /opt/airflow/dags/dag_etl_bus_loc.py
[2022-12-13T17:15:11.156+0000] {logging_mixin.py:137} INFO - [2022-12-13T17:15:11.156+0000] {dag.py:2676} INFO - Sync 1 DAGs
[2022-12-13T17:15:11.185+0000] {logging_mixin.py:137} INFO - [2022-12-13T17:15:11.185+0000] {dag.py:3427} INFO - Setting next_dagrun for bus_pos_etl to 2022-12-13T00:00:00+00:00, run_after=2022-12-14T00:00:00+00:00
[2022-12-13T17:15:11.212+0000] {processor.py:175} INFO - Processing /opt/airflow/dags/dag_etl_bus_loc.py took 0.876 seconds
[2022-12-13T17:15:41.359+0000] {processor.py:153} INFO - Started process (PID=8354) to work on /opt/airflow/dags/dag_etl_bus_loc.py
[2022-12-13T17:15:41.361+0000] {processor.py:743} INFO - Processing file /opt/airflow/dags/dag_etl_bus_loc.py for tasks to queue
[2022-12-13T17:15:41.362+0000] {logging_mixin.py:137} INFO - [2022-12-13T17:15:41.362+0000] {dagbag.py:538} INFO - Filling up the DagBag from /opt/airflow/dags/dag_etl_bus_loc.py
[2022-12-13T17:15:42.068+0000] {processor.py:753} INFO - DAG(s) dict_keys(['bus_pos_etl']) retrieved from /opt/airflow/dags/dag_etl_bus_loc.py
[2022-12-13T17:15:42.103+0000] {logging_mixin.py:137} INFO - [2022-12-13T17:15:42.103+0000] {dag.py:2676} INFO - Sync 1 DAGs
[2022-12-13T17:15:42.130+0000] {logging_mixin.py:137} INFO - [2022-12-13T17:15:42.130+0000] {dag.py:3427} INFO - Setting next_dagrun for bus_pos_etl to 2022-12-13T00:00:00+00:00, run_after=2022-12-14T00:00:00+00:00
[2022-12-13T17:15:42.154+0000] {processor.py:175} INFO - Processing /opt/airflow/dags/dag_etl_bus_loc.py took 0.798 seconds
[2022-12-13T17:16:12.797+0000] {processor.py:153} INFO - Started process (PID=8421) to work on /opt/airflow/dags/dag_etl_bus_loc.py
[2022-12-13T17:16:12.798+0000] {processor.py:743} INFO - Processing file /opt/airflow/dags/dag_etl_bus_loc.py for tasks to queue
[2022-12-13T17:16:12.800+0000] {logging_mixin.py:137} INFO - [2022-12-13T17:16:12.800+0000] {dagbag.py:538} INFO - Filling up the DagBag from /opt/airflow/dags/dag_etl_bus_loc.py
[2022-12-13T17:16:13.428+0000] {processor.py:753} INFO - DAG(s) dict_keys(['bus_pos_etl']) retrieved from /opt/airflow/dags/dag_etl_bus_loc.py
[2022-12-13T17:16:13.452+0000] {logging_mixin.py:137} INFO - [2022-12-13T17:16:13.452+0000] {dag.py:2676} INFO - Sync 1 DAGs
[2022-12-13T17:16:13.479+0000] {logging_mixin.py:137} INFO - [2022-12-13T17:16:13.479+0000] {dag.py:3427} INFO - Setting next_dagrun for bus_pos_etl to 2022-12-13T00:00:00+00:00, run_after=2022-12-14T00:00:00+00:00
[2022-12-13T17:16:13.505+0000] {processor.py:175} INFO - Processing /opt/airflow/dags/dag_etl_bus_loc.py took 0.711 seconds
[2022-12-13T17:16:43.790+0000] {processor.py:153} INFO - Started process (PID=8488) to work on /opt/airflow/dags/dag_etl_bus_loc.py
[2022-12-13T17:16:43.791+0000] {processor.py:743} INFO - Processing file /opt/airflow/dags/dag_etl_bus_loc.py for tasks to queue
[2022-12-13T17:16:43.792+0000] {logging_mixin.py:137} INFO - [2022-12-13T17:16:43.792+0000] {dagbag.py:538} INFO - Filling up the DagBag from /opt/airflow/dags/dag_etl_bus_loc.py
[2022-12-13T17:16:44.495+0000] {processor.py:753} INFO - DAG(s) dict_keys(['bus_pos_etl']) retrieved from /opt/airflow/dags/dag_etl_bus_loc.py
[2022-12-13T17:16:44.528+0000] {logging_mixin.py:137} INFO - [2022-12-13T17:16:44.528+0000] {dag.py:2676} INFO - Sync 1 DAGs
[2022-12-13T17:16:44.560+0000] {logging_mixin.py:137} INFO - [2022-12-13T17:16:44.560+0000] {dag.py:3427} INFO - Setting next_dagrun for bus_pos_etl to 2022-12-13T00:00:00+00:00, run_after=2022-12-14T00:00:00+00:00
[2022-12-13T17:16:44.587+0000] {processor.py:175} INFO - Processing /opt/airflow/dags/dag_etl_bus_loc.py took 0.799 seconds
[2022-12-13T17:17:14.820+0000] {processor.py:153} INFO - Started process (PID=8555) to work on /opt/airflow/dags/dag_etl_bus_loc.py
[2022-12-13T17:17:14.823+0000] {processor.py:743} INFO - Processing file /opt/airflow/dags/dag_etl_bus_loc.py for tasks to queue
[2022-12-13T17:17:14.824+0000] {logging_mixin.py:137} INFO - [2022-12-13T17:17:14.824+0000] {dagbag.py:538} INFO - Filling up the DagBag from /opt/airflow/dags/dag_etl_bus_loc.py
[2022-12-13T17:17:15.514+0000] {processor.py:753} INFO - DAG(s) dict_keys(['bus_pos_etl']) retrieved from /opt/airflow/dags/dag_etl_bus_loc.py
[2022-12-13T17:17:15.548+0000] {logging_mixin.py:137} INFO - [2022-12-13T17:17:15.547+0000] {dag.py:2676} INFO - Sync 1 DAGs
[2022-12-13T17:17:15.592+0000] {logging_mixin.py:137} INFO - [2022-12-13T17:17:15.592+0000] {dag.py:3427} INFO - Setting next_dagrun for bus_pos_etl to 2022-12-13T00:00:00+00:00, run_after=2022-12-14T00:00:00+00:00
[2022-12-13T17:17:15.623+0000] {processor.py:175} INFO - Processing /opt/airflow/dags/dag_etl_bus_loc.py took 0.806 seconds
[2022-12-13T17:17:46.455+0000] {processor.py:153} INFO - Started process (PID=8622) to work on /opt/airflow/dags/dag_etl_bus_loc.py
[2022-12-13T17:17:46.456+0000] {processor.py:743} INFO - Processing file /opt/airflow/dags/dag_etl_bus_loc.py for tasks to queue
[2022-12-13T17:17:46.457+0000] {logging_mixin.py:137} INFO - [2022-12-13T17:17:46.457+0000] {dagbag.py:538} INFO - Filling up the DagBag from /opt/airflow/dags/dag_etl_bus_loc.py
[2022-12-13T17:17:47.174+0000] {processor.py:753} INFO - DAG(s) dict_keys(['bus_pos_etl']) retrieved from /opt/airflow/dags/dag_etl_bus_loc.py
[2022-12-13T17:17:47.203+0000] {logging_mixin.py:137} INFO - [2022-12-13T17:17:47.202+0000] {dag.py:2676} INFO - Sync 1 DAGs
[2022-12-13T17:17:47.230+0000] {logging_mixin.py:137} INFO - [2022-12-13T17:17:47.230+0000] {dag.py:3427} INFO - Setting next_dagrun for bus_pos_etl to 2022-12-13T00:00:00+00:00, run_after=2022-12-14T00:00:00+00:00
[2022-12-13T17:17:47.252+0000] {processor.py:175} INFO - Processing /opt/airflow/dags/dag_etl_bus_loc.py took 0.803 seconds
[2022-12-13T17:18:17.755+0000] {processor.py:153} INFO - Started process (PID=8689) to work on /opt/airflow/dags/dag_etl_bus_loc.py
[2022-12-13T17:18:17.758+0000] {processor.py:743} INFO - Processing file /opt/airflow/dags/dag_etl_bus_loc.py for tasks to queue
[2022-12-13T17:18:17.759+0000] {logging_mixin.py:137} INFO - [2022-12-13T17:18:17.759+0000] {dagbag.py:538} INFO - Filling up the DagBag from /opt/airflow/dags/dag_etl_bus_loc.py
[2022-12-13T17:18:18.597+0000] {processor.py:753} INFO - DAG(s) dict_keys(['bus_pos_etl']) retrieved from /opt/airflow/dags/dag_etl_bus_loc.py
[2022-12-13T17:18:18.621+0000] {logging_mixin.py:137} INFO - [2022-12-13T17:18:18.620+0000] {dag.py:2676} INFO - Sync 1 DAGs
[2022-12-13T17:18:18.652+0000] {logging_mixin.py:137} INFO - [2022-12-13T17:18:18.652+0000] {dag.py:3427} INFO - Setting next_dagrun for bus_pos_etl to 2022-12-13T00:00:00+00:00, run_after=2022-12-14T00:00:00+00:00
[2022-12-13T17:18:18.685+0000] {processor.py:175} INFO - Processing /opt/airflow/dags/dag_etl_bus_loc.py took 0.933 seconds
[2022-12-13T17:18:43.161+0000] {processor.py:153} INFO - Started process (PID=8757) to work on /opt/airflow/dags/dag_etl_bus_loc.py
[2022-12-13T17:18:43.162+0000] {processor.py:743} INFO - Processing file /opt/airflow/dags/dag_etl_bus_loc.py for tasks to queue
[2022-12-13T17:18:43.163+0000] {logging_mixin.py:137} INFO - [2022-12-13T17:18:43.163+0000] {dagbag.py:538} INFO - Filling up the DagBag from /opt/airflow/dags/dag_etl_bus_loc.py
[2022-12-13T17:18:43.849+0000] {processor.py:753} INFO - DAG(s) dict_keys(['bus_pos_etl']) retrieved from /opt/airflow/dags/dag_etl_bus_loc.py
[2022-12-13T17:18:43.919+0000] {logging_mixin.py:137} INFO - [2022-12-13T17:18:43.919+0000] {dag.py:2676} INFO - Sync 1 DAGs
[2022-12-13T17:18:43.943+0000] {logging_mixin.py:137} INFO - [2022-12-13T17:18:43.943+0000] {dag.py:3427} INFO - Setting next_dagrun for bus_pos_etl to 2022-12-13T00:00:00+00:00, run_after=2022-12-14T00:00:00+00:00
[2022-12-13T17:18:43.972+0000] {processor.py:175} INFO - Processing /opt/airflow/dags/dag_etl_bus_loc.py took 0.815 seconds
[2022-12-13T17:19:14.537+0000] {processor.py:153} INFO - Started process (PID=8824) to work on /opt/airflow/dags/dag_etl_bus_loc.py
[2022-12-13T17:19:14.538+0000] {processor.py:743} INFO - Processing file /opt/airflow/dags/dag_etl_bus_loc.py for tasks to queue
[2022-12-13T17:19:14.539+0000] {logging_mixin.py:137} INFO - [2022-12-13T17:19:14.539+0000] {dagbag.py:538} INFO - Filling up the DagBag from /opt/airflow/dags/dag_etl_bus_loc.py
[2022-12-13T17:19:15.057+0000] {processor.py:753} INFO - DAG(s) dict_keys(['bus_pos_etl']) retrieved from /opt/airflow/dags/dag_etl_bus_loc.py
[2022-12-13T17:19:15.077+0000] {logging_mixin.py:137} INFO - [2022-12-13T17:19:15.077+0000] {dag.py:2676} INFO - Sync 1 DAGs
[2022-12-13T17:19:15.104+0000] {logging_mixin.py:137} INFO - [2022-12-13T17:19:15.104+0000] {dag.py:3427} INFO - Setting next_dagrun for bus_pos_etl to 2022-12-13T00:00:00+00:00, run_after=2022-12-14T00:00:00+00:00
[2022-12-13T17:19:15.128+0000] {processor.py:175} INFO - Processing /opt/airflow/dags/dag_etl_bus_loc.py took 0.594 seconds
[2022-12-13T17:19:45.895+0000] {processor.py:153} INFO - Started process (PID=8891) to work on /opt/airflow/dags/dag_etl_bus_loc.py
[2022-12-13T17:19:45.896+0000] {processor.py:743} INFO - Processing file /opt/airflow/dags/dag_etl_bus_loc.py for tasks to queue
[2022-12-13T17:19:45.897+0000] {logging_mixin.py:137} INFO - [2022-12-13T17:19:45.897+0000] {dagbag.py:538} INFO - Filling up the DagBag from /opt/airflow/dags/dag_etl_bus_loc.py
[2022-12-13T17:19:46.435+0000] {processor.py:753} INFO - DAG(s) dict_keys(['bus_pos_etl']) retrieved from /opt/airflow/dags/dag_etl_bus_loc.py
[2022-12-13T17:19:46.459+0000] {logging_mixin.py:137} INFO - [2022-12-13T17:19:46.459+0000] {dag.py:2676} INFO - Sync 1 DAGs
[2022-12-13T17:19:46.484+0000] {logging_mixin.py:137} INFO - [2022-12-13T17:19:46.484+0000] {dag.py:3427} INFO - Setting next_dagrun for bus_pos_etl to 2022-12-13T00:00:00+00:00, run_after=2022-12-14T00:00:00+00:00
[2022-12-13T17:19:46.520+0000] {processor.py:175} INFO - Processing /opt/airflow/dags/dag_etl_bus_loc.py took 0.628 seconds
[2022-12-13T17:20:17.280+0000] {processor.py:153} INFO - Started process (PID=8958) to work on /opt/airflow/dags/dag_etl_bus_loc.py
[2022-12-13T17:20:17.293+0000] {processor.py:743} INFO - Processing file /opt/airflow/dags/dag_etl_bus_loc.py for tasks to queue
[2022-12-13T17:20:17.294+0000] {logging_mixin.py:137} INFO - [2022-12-13T17:20:17.294+0000] {dagbag.py:538} INFO - Filling up the DagBag from /opt/airflow/dags/dag_etl_bus_loc.py
[2022-12-13T17:20:17.850+0000] {processor.py:753} INFO - DAG(s) dict_keys(['bus_pos_etl']) retrieved from /opt/airflow/dags/dag_etl_bus_loc.py
[2022-12-13T17:20:17.872+0000] {logging_mixin.py:137} INFO - [2022-12-13T17:20:17.871+0000] {dag.py:2676} INFO - Sync 1 DAGs
[2022-12-13T17:20:17.899+0000] {logging_mixin.py:137} INFO - [2022-12-13T17:20:17.899+0000] {dag.py:3427} INFO - Setting next_dagrun for bus_pos_etl to 2022-12-13T00:00:00+00:00, run_after=2022-12-14T00:00:00+00:00
[2022-12-13T17:20:17.924+0000] {processor.py:175} INFO - Processing /opt/airflow/dags/dag_etl_bus_loc.py took 0.647 seconds
[2022-12-13T17:20:48.138+0000] {processor.py:153} INFO - Started process (PID=9025) to work on /opt/airflow/dags/dag_etl_bus_loc.py
[2022-12-13T17:20:48.139+0000] {processor.py:743} INFO - Processing file /opt/airflow/dags/dag_etl_bus_loc.py for tasks to queue
[2022-12-13T17:20:48.139+0000] {logging_mixin.py:137} INFO - [2022-12-13T17:20:48.139+0000] {dagbag.py:538} INFO - Filling up the DagBag from /opt/airflow/dags/dag_etl_bus_loc.py
[2022-12-13T17:20:48.683+0000] {processor.py:753} INFO - DAG(s) dict_keys(['bus_pos_etl']) retrieved from /opt/airflow/dags/dag_etl_bus_loc.py
[2022-12-13T17:20:48.703+0000] {logging_mixin.py:137} INFO - [2022-12-13T17:20:48.703+0000] {dag.py:2676} INFO - Sync 1 DAGs
[2022-12-13T17:20:48.727+0000] {logging_mixin.py:137} INFO - [2022-12-13T17:20:48.727+0000] {dag.py:3427} INFO - Setting next_dagrun for bus_pos_etl to 2022-12-13T00:00:00+00:00, run_after=2022-12-14T00:00:00+00:00
[2022-12-13T17:20:48.749+0000] {processor.py:175} INFO - Processing /opt/airflow/dags/dag_etl_bus_loc.py took 0.614 seconds
[2022-12-13T17:21:19.767+0000] {processor.py:153} INFO - Started process (PID=9093) to work on /opt/airflow/dags/dag_etl_bus_loc.py
[2022-12-13T17:21:19.769+0000] {processor.py:743} INFO - Processing file /opt/airflow/dags/dag_etl_bus_loc.py for tasks to queue
[2022-12-13T17:21:19.770+0000] {logging_mixin.py:137} INFO - [2022-12-13T17:21:19.770+0000] {dagbag.py:538} INFO - Filling up the DagBag from /opt/airflow/dags/dag_etl_bus_loc.py
[2022-12-13T17:21:20.629+0000] {processor.py:753} INFO - DAG(s) dict_keys(['bus_pos_etl']) retrieved from /opt/airflow/dags/dag_etl_bus_loc.py
[2022-12-13T17:21:20.660+0000] {logging_mixin.py:137} INFO - [2022-12-13T17:21:20.659+0000] {dag.py:2676} INFO - Sync 1 DAGs
[2022-12-13T17:21:20.702+0000] {logging_mixin.py:137} INFO - [2022-12-13T17:21:20.702+0000] {dag.py:3427} INFO - Setting next_dagrun for bus_pos_etl to 2022-12-13T00:00:00+00:00, run_after=2022-12-14T00:00:00+00:00
[2022-12-13T17:21:20.729+0000] {processor.py:175} INFO - Processing /opt/airflow/dags/dag_etl_bus_loc.py took 0.968 seconds
[2022-12-13T17:21:51.496+0000] {processor.py:153} INFO - Started process (PID=9160) to work on /opt/airflow/dags/dag_etl_bus_loc.py
[2022-12-13T17:21:51.497+0000] {processor.py:743} INFO - Processing file /opt/airflow/dags/dag_etl_bus_loc.py for tasks to queue
[2022-12-13T17:21:51.498+0000] {logging_mixin.py:137} INFO - [2022-12-13T17:21:51.498+0000] {dagbag.py:538} INFO - Filling up the DagBag from /opt/airflow/dags/dag_etl_bus_loc.py
[2022-12-13T17:21:52.116+0000] {processor.py:753} INFO - DAG(s) dict_keys(['bus_pos_etl']) retrieved from /opt/airflow/dags/dag_etl_bus_loc.py
[2022-12-13T17:21:52.140+0000] {logging_mixin.py:137} INFO - [2022-12-13T17:21:52.139+0000] {dag.py:2676} INFO - Sync 1 DAGs
[2022-12-13T17:21:52.166+0000] {logging_mixin.py:137} INFO - [2022-12-13T17:21:52.166+0000] {dag.py:3427} INFO - Setting next_dagrun for bus_pos_etl to 2022-12-13T00:00:00+00:00, run_after=2022-12-14T00:00:00+00:00
[2022-12-13T17:21:52.188+0000] {processor.py:175} INFO - Processing /opt/airflow/dags/dag_etl_bus_loc.py took 0.696 seconds
[2022-12-13T17:22:22.496+0000] {processor.py:153} INFO - Started process (PID=9229) to work on /opt/airflow/dags/dag_etl_bus_loc.py
[2022-12-13T17:22:22.499+0000] {processor.py:743} INFO - Processing file /opt/airflow/dags/dag_etl_bus_loc.py for tasks to queue
[2022-12-13T17:22:22.500+0000] {logging_mixin.py:137} INFO - [2022-12-13T17:22:22.499+0000] {dagbag.py:538} INFO - Filling up the DagBag from /opt/airflow/dags/dag_etl_bus_loc.py
[2022-12-13T17:22:23.125+0000] {processor.py:753} INFO - DAG(s) dict_keys(['bus_pos_etl']) retrieved from /opt/airflow/dags/dag_etl_bus_loc.py
[2022-12-13T17:22:23.155+0000] {logging_mixin.py:137} INFO - [2022-12-13T17:22:23.155+0000] {dag.py:2676} INFO - Sync 1 DAGs
[2022-12-13T17:22:23.184+0000] {logging_mixin.py:137} INFO - [2022-12-13T17:22:23.184+0000] {dag.py:3427} INFO - Setting next_dagrun for bus_pos_etl to 2022-12-13T00:00:00+00:00, run_after=2022-12-14T00:00:00+00:00
[2022-12-13T17:22:23.213+0000] {processor.py:175} INFO - Processing /opt/airflow/dags/dag_etl_bus_loc.py took 0.721 seconds
[2022-12-13T17:22:53.495+0000] {processor.py:153} INFO - Started process (PID=9302) to work on /opt/airflow/dags/dag_etl_bus_loc.py
[2022-12-13T17:22:53.496+0000] {processor.py:743} INFO - Processing file /opt/airflow/dags/dag_etl_bus_loc.py for tasks to queue
[2022-12-13T17:22:53.497+0000] {logging_mixin.py:137} INFO - [2022-12-13T17:22:53.496+0000] {dagbag.py:538} INFO - Filling up the DagBag from /opt/airflow/dags/dag_etl_bus_loc.py
[2022-12-13T17:22:54.239+0000] {processor.py:753} INFO - DAG(s) dict_keys(['bus_pos_etl']) retrieved from /opt/airflow/dags/dag_etl_bus_loc.py
[2022-12-13T17:22:54.263+0000] {logging_mixin.py:137} INFO - [2022-12-13T17:22:54.262+0000] {dag.py:2676} INFO - Sync 1 DAGs
[2022-12-13T17:22:54.291+0000] {logging_mixin.py:137} INFO - [2022-12-13T17:22:54.291+0000] {dag.py:3427} INFO - Setting next_dagrun for bus_pos_etl to 2022-12-13T00:00:00+00:00, run_after=2022-12-14T00:00:00+00:00
[2022-12-13T17:22:54.314+0000] {processor.py:175} INFO - Processing /opt/airflow/dags/dag_etl_bus_loc.py took 0.823 seconds
[2022-12-13T17:23:24.510+0000] {processor.py:153} INFO - Started process (PID=9370) to work on /opt/airflow/dags/dag_etl_bus_loc.py
[2022-12-13T17:23:24.512+0000] {processor.py:743} INFO - Processing file /opt/airflow/dags/dag_etl_bus_loc.py for tasks to queue
[2022-12-13T17:23:24.513+0000] {logging_mixin.py:137} INFO - [2022-12-13T17:23:24.513+0000] {dagbag.py:538} INFO - Filling up the DagBag from /opt/airflow/dags/dag_etl_bus_loc.py
[2022-12-13T17:23:25.143+0000] {processor.py:753} INFO - DAG(s) dict_keys(['bus_pos_etl']) retrieved from /opt/airflow/dags/dag_etl_bus_loc.py
[2022-12-13T17:23:25.165+0000] {logging_mixin.py:137} INFO - [2022-12-13T17:23:25.165+0000] {dag.py:2676} INFO - Sync 1 DAGs
[2022-12-13T17:23:25.192+0000] {logging_mixin.py:137} INFO - [2022-12-13T17:23:25.192+0000] {dag.py:3427} INFO - Setting next_dagrun for bus_pos_etl to 2022-12-13T00:00:00+00:00, run_after=2022-12-14T00:00:00+00:00
[2022-12-13T17:23:25.224+0000] {processor.py:175} INFO - Processing /opt/airflow/dags/dag_etl_bus_loc.py took 0.718 seconds
