[2022-12-14T14:38:17.982+0000] {taskinstance.py:1087} INFO - Dependencies all met for <TaskInstance: train_pos_etl.load_to_bq manual__2022-12-14T14:38:03.514276+00:00 [queued]>
[2022-12-14T14:38:17.997+0000] {taskinstance.py:1087} INFO - Dependencies all met for <TaskInstance: train_pos_etl.load_to_bq manual__2022-12-14T14:38:03.514276+00:00 [queued]>
[2022-12-14T14:38:17.997+0000] {taskinstance.py:1283} INFO - 
--------------------------------------------------------------------------------
[2022-12-14T14:38:17.997+0000] {taskinstance.py:1284} INFO - Starting attempt 1 of 1
[2022-12-14T14:38:17.997+0000] {taskinstance.py:1285} INFO - 
--------------------------------------------------------------------------------
[2022-12-14T14:38:18.015+0000] {taskinstance.py:1304} INFO - Executing <Task(GCSToBigQueryOperator): load_to_bq> on 2022-12-14 14:38:03.514276+00:00
[2022-12-14T14:38:18.023+0000] {standard_task_runner.py:55} INFO - Started process 12898 to run task
[2022-12-14T14:38:18.028+0000] {standard_task_runner.py:82} INFO - Running: ['***', 'tasks', 'run', 'train_pos_etl', 'load_to_bq', 'manual__2022-12-14T14:38:03.514276+00:00', '--job-id', '72', '--raw', '--subdir', 'DAGS_FOLDER/dag_etl_train_pos.py', '--cfg-path', '/tmp/tmpkcucpqe3']
[2022-12-14T14:38:18.032+0000] {standard_task_runner.py:83} INFO - Job 72: Subtask load_to_bq
[2022-12-14T14:38:18.219+0000] {task_command.py:389} INFO - Running <TaskInstance: train_pos_etl.load_to_bq manual__2022-12-14T14:38:03.514276+00:00 [running]> on host 1f859f359fd5
[2022-12-14T14:38:19.357+0000] {taskinstance.py:1513} INFO - Exporting the following env vars:
AIRFLOW_CTX_DAG_OWNER=noe
AIRFLOW_CTX_DAG_ID=train_pos_etl
AIRFLOW_CTX_TASK_ID=load_to_bq
AIRFLOW_CTX_EXECUTION_DATE=2022-12-14T14:38:03.514276+00:00
AIRFLOW_CTX_TRY_NUMBER=1
AIRFLOW_CTX_DAG_RUN_ID=manual__2022-12-14T14:38:03.514276+00:00
[2022-12-14T14:38:19.406+0000] {base.py:73} INFO - Using connection ID 'google_cloud_default' for task execution.
[2022-12-14T14:38:19.420+0000] {base.py:73} INFO - Using connection ID 'google_cloud_default' for task execution.
[2022-12-14T14:38:19.422+0000] {gcs_to_bigquery.py:367} INFO - Using existing BigQuery table for storing data...
[2022-12-14T14:38:19.442+0000] {base.py:73} INFO - Using connection ID 'google_cloud_default' for task execution.
[2022-12-14T14:38:21.951+0000] {gcs_to_bigquery.py:397} INFO - Executing: {'load': {'autodetect': True, 'createDisposition': 'CREATE_IF_NEEDED', 'destinationTable': {'projectId': 'midyear-cursor-371415', 'datasetId': 'train_dataset', 'tableId': 'staging__train_pos'}, 'destinationTableProperties': {'description': None, 'labels': None}, 'sourceFormat': 'CSV', 'skipLeadingRows': 1, 'sourceUris': ['gs://etl-***-train-pos-bucket/train_pos.csv'], 'writeDisposition': 'WRITE_APPEND', 'ignoreUnknownValues': False, 'allowQuotedNewlines': False, 'encoding': 'UTF-8'}}
[2022-12-14T14:38:21.954+0000] {bigquery.py:1539} INFO - Inserting job ***_train_pos_etl_load_to_bq_2022_12_14T14_38_03_514276_00_00_d67c74bf6b41d6fe5bd589406068529c
[2022-12-14T14:38:30.264+0000] {base.py:73} INFO - Using connection ID 'google_cloud_default' for task execution.
[2022-12-14T14:38:30.290+0000] {taskinstance.py:1327} INFO - Marking task as SUCCESS. dag_id=train_pos_etl, task_id=load_to_bq, execution_date=20221214T143803, start_date=20221214T143817, end_date=20221214T143830
[2022-12-14T14:38:31.075+0000] {local_task_job.py:159} INFO - Task exited with return code 0
[2022-12-14T14:38:31.106+0000] {taskinstance.py:2582} INFO - 0 downstream tasks scheduled from follow-on schedule check
