[2022-12-14T15:13:09.381+0000] {taskinstance.py:1087} INFO - Dependencies all met for <TaskInstance: incident_etl.load_to_bq manual__2022-12-14T15:12:53.628655+00:00 [queued]>
[2022-12-14T15:13:09.395+0000] {taskinstance.py:1087} INFO - Dependencies all met for <TaskInstance: incident_etl.load_to_bq manual__2022-12-14T15:12:53.628655+00:00 [queued]>
[2022-12-14T15:13:09.395+0000] {taskinstance.py:1283} INFO - 
--------------------------------------------------------------------------------
[2022-12-14T15:13:09.395+0000] {taskinstance.py:1284} INFO - Starting attempt 1 of 1
[2022-12-14T15:13:09.396+0000] {taskinstance.py:1285} INFO - 
--------------------------------------------------------------------------------
[2022-12-14T15:13:09.413+0000] {taskinstance.py:1304} INFO - Executing <Task(GCSToBigQueryOperator): load_to_bq> on 2022-12-14 15:12:53.628655+00:00
[2022-12-14T15:13:09.426+0000] {standard_task_runner.py:55} INFO - Started process 28821 to run task
[2022-12-14T15:13:09.429+0000] {standard_task_runner.py:82} INFO - Running: ['***', 'tasks', 'run', 'incident_etl', 'load_to_bq', 'manual__2022-12-14T15:12:53.628655+00:00', '--job-id', '80', '--raw', '--subdir', 'DAGS_FOLDER/dag_etl_incident.py', '--cfg-path', '/tmp/tmpbgqyrt0h']
[2022-12-14T15:13:09.430+0000] {standard_task_runner.py:83} INFO - Job 80: Subtask load_to_bq
[2022-12-14T15:13:09.520+0000] {task_command.py:389} INFO - Running <TaskInstance: incident_etl.load_to_bq manual__2022-12-14T15:12:53.628655+00:00 [running]> on host 1f859f359fd5
[2022-12-14T15:13:09.609+0000] {taskinstance.py:1513} INFO - Exporting the following env vars:
AIRFLOW_CTX_DAG_OWNER=noe
AIRFLOW_CTX_DAG_ID=incident_etl
AIRFLOW_CTX_TASK_ID=load_to_bq
AIRFLOW_CTX_EXECUTION_DATE=2022-12-14T15:12:53.628655+00:00
AIRFLOW_CTX_TRY_NUMBER=1
AIRFLOW_CTX_DAG_RUN_ID=manual__2022-12-14T15:12:53.628655+00:00
[2022-12-14T15:13:09.622+0000] {base.py:73} INFO - Using connection ID 'google_cloud_default' for task execution.
[2022-12-14T15:13:09.634+0000] {base.py:73} INFO - Using connection ID 'google_cloud_default' for task execution.
[2022-12-14T15:13:09.635+0000] {gcs_to_bigquery.py:367} INFO - Using existing BigQuery table for storing data...
[2022-12-14T15:13:09.647+0000] {base.py:73} INFO - Using connection ID 'google_cloud_default' for task execution.
[2022-12-14T15:13:11.500+0000] {gcs_to_bigquery.py:397} INFO - Executing: {'load': {'autodetect': True, 'createDisposition': 'CREATE_IF_NEEDED', 'destinationTable': {'projectId': 'midyear-cursor-371415', 'datasetId': 'bus_dataset', 'tableId': 'staging__incident'}, 'destinationTableProperties': {'description': None, 'labels': None}, 'sourceFormat': 'CSV', 'skipLeadingRows': 1, 'sourceUris': ['gs://etl-***-incident-bucket/bus_incident.csv'], 'writeDisposition': 'WRITE_TRUNCATE', 'ignoreUnknownValues': False, 'allowQuotedNewlines': False, 'encoding': 'UTF-8'}}
[2022-12-14T15:13:11.501+0000] {bigquery.py:1539} INFO - Inserting job ***_incident_etl_load_to_bq_2022_12_14T15_12_53_628655_00_00_32360b966fc1cae76fd9e985eed5c824
[2022-12-14T15:13:34.468+0000] {base.py:73} INFO - Using connection ID 'google_cloud_default' for task execution.
[2022-12-14T15:13:34.480+0000] {taskinstance.py:1327} INFO - Marking task as SUCCESS. dag_id=incident_etl, task_id=load_to_bq, execution_date=20221214T151253, start_date=20221214T151309, end_date=20221214T151334
[2022-12-14T15:13:35.281+0000] {local_task_job.py:159} INFO - Task exited with return code 0
[2022-12-14T15:13:35.304+0000] {taskinstance.py:2582} INFO - 0 downstream tasks scheduled from follow-on schedule check
