[2022-12-13T17:10:43.511+0000] {taskinstance.py:1087} INFO - Dependencies all met for <TaskInstance: bus_pos_etl.load_to_bq manual__2022-12-13T17:10:35.787605+00:00 [queued]>
[2022-12-13T17:10:43.540+0000] {taskinstance.py:1087} INFO - Dependencies all met for <TaskInstance: bus_pos_etl.load_to_bq manual__2022-12-13T17:10:35.787605+00:00 [queued]>
[2022-12-13T17:10:43.542+0000] {taskinstance.py:1283} INFO - 
--------------------------------------------------------------------------------
[2022-12-13T17:10:43.542+0000] {taskinstance.py:1284} INFO - Starting attempt 1 of 1
[2022-12-13T17:10:43.543+0000] {taskinstance.py:1285} INFO - 
--------------------------------------------------------------------------------
[2022-12-13T17:10:43.580+0000] {taskinstance.py:1304} INFO - Executing <Task(GCSToBigQueryOperator): load_to_bq> on 2022-12-13 17:10:35.787605+00:00
[2022-12-13T17:10:43.596+0000] {standard_task_runner.py:55} INFO - Started process 3062 to run task
[2022-12-13T17:10:43.602+0000] {standard_task_runner.py:82} INFO - Running: ['***', 'tasks', 'run', 'bus_pos_etl', 'load_to_bq', 'manual__2022-12-13T17:10:35.787605+00:00', '--job-id', '43', '--raw', '--subdir', 'DAGS_FOLDER/dag_etl_bus_loc.py', '--cfg-path', '/tmp/tmp5g947jv9']
[2022-12-13T17:10:43.606+0000] {standard_task_runner.py:83} INFO - Job 43: Subtask load_to_bq
[2022-12-13T17:10:43.765+0000] {task_command.py:389} INFO - Running <TaskInstance: bus_pos_etl.load_to_bq manual__2022-12-13T17:10:35.787605+00:00 [running]> on host ff6f332d28b5
[2022-12-13T17:10:43.964+0000] {taskinstance.py:1513} INFO - Exporting the following env vars:
AIRFLOW_CTX_DAG_OWNER=noe
AIRFLOW_CTX_DAG_ID=bus_pos_etl
AIRFLOW_CTX_TASK_ID=load_to_bq
AIRFLOW_CTX_EXECUTION_DATE=2022-12-13T17:10:35.787605+00:00
AIRFLOW_CTX_TRY_NUMBER=1
AIRFLOW_CTX_DAG_RUN_ID=manual__2022-12-13T17:10:35.787605+00:00
[2022-12-13T17:10:43.992+0000] {base.py:73} INFO - Using connection ID 'google_cloud_default' for task execution.
[2022-12-13T17:10:44.013+0000] {base.py:73} INFO - Using connection ID 'google_cloud_default' for task execution.
[2022-12-13T17:10:44.015+0000] {gcs_to_bigquery.py:367} INFO - Using existing BigQuery table for storing data...
[2022-12-13T17:10:44.044+0000] {base.py:73} INFO - Using connection ID 'google_cloud_default' for task execution.
[2022-12-13T17:10:44.423+0000] {gcs_to_bigquery.py:397} INFO - Executing: {'load': {'autodetect': True, 'createDisposition': 'CREATE_IF_NEEDED', 'destinationTable': {'projectId': 'midyear-cursor-371415', 'datasetId': 'bus_dataset', 'tableId': 'staging__bus_loc'}, 'destinationTableProperties': {'description': None, 'labels': None}, 'sourceFormat': 'CSV', 'skipLeadingRows': 1, 'sourceUris': ['gs://etl-***-bus-bucket/bus_pos.csv'], 'writeDisposition': 'WRITE_APPEND', 'ignoreUnknownValues': False, 'allowQuotedNewlines': False, 'encoding': 'UTF-8'}}
[2022-12-13T17:10:44.426+0000] {bigquery.py:1539} INFO - Inserting job ***_bus_pos_etl_load_to_bq_2022_12_13T17_10_35_787605_00_00_cdd689ba5c9bca323894b8c83a10b87e
[2022-12-13T17:10:49.542+0000] {base.py:73} INFO - Using connection ID 'google_cloud_default' for task execution.
[2022-12-13T17:10:49.553+0000] {taskinstance.py:1327} INFO - Marking task as SUCCESS. dag_id=bus_pos_etl, task_id=load_to_bq, execution_date=20221213T171035, start_date=20221213T171043, end_date=20221213T171049
[2022-12-13T17:10:49.618+0000] {local_task_job.py:159} INFO - Task exited with return code 0
[2022-12-13T17:10:49.638+0000] {taskinstance.py:2582} INFO - 0 downstream tasks scheduled from follow-on schedule check
