[2022-12-13T16:34:53.572+0000] {processor.py:153} INFO - Started process (PID=3127) to work on /opt/airflow/dags/etl/etl.py
[2022-12-13T16:34:53.573+0000] {processor.py:743} INFO - Processing file /opt/airflow/dags/etl/etl.py for tasks to queue
[2022-12-13T16:34:53.574+0000] {logging_mixin.py:137} INFO - [2022-12-13T16:34:53.573+0000] {dagbag.py:538} INFO - Filling up the DagBag from /opt/airflow/dags/etl/etl.py
[2022-12-13T16:34:55.008+0000] {processor.py:755} WARNING - No viable dags retrieved from /opt/airflow/dags/etl/etl.py
[2022-12-13T16:34:55.023+0000] {processor.py:175} INFO - Processing /opt/airflow/dags/etl/etl.py took 1.454 seconds
[2022-12-13T16:35:25.127+0000] {processor.py:153} INFO - Started process (PID=3193) to work on /opt/airflow/dags/etl/etl.py
[2022-12-13T16:35:25.129+0000] {processor.py:743} INFO - Processing file /opt/airflow/dags/etl/etl.py for tasks to queue
[2022-12-13T16:35:25.130+0000] {logging_mixin.py:137} INFO - [2022-12-13T16:35:25.130+0000] {dagbag.py:538} INFO - Filling up the DagBag from /opt/airflow/dags/etl/etl.py
[2022-12-13T16:35:27.637+0000] {processor.py:755} WARNING - No viable dags retrieved from /opt/airflow/dags/etl/etl.py
[2022-12-13T16:35:27.703+0000] {processor.py:175} INFO - Processing /opt/airflow/dags/etl/etl.py took 2.579 seconds
[2022-12-13T16:35:58.593+0000] {processor.py:153} INFO - Started process (PID=3265) to work on /opt/airflow/dags/etl/etl.py
[2022-12-13T16:35:58.595+0000] {processor.py:743} INFO - Processing file /opt/airflow/dags/etl/etl.py for tasks to queue
[2022-12-13T16:35:58.596+0000] {logging_mixin.py:137} INFO - [2022-12-13T16:35:58.595+0000] {dagbag.py:538} INFO - Filling up the DagBag from /opt/airflow/dags/etl/etl.py
[2022-12-13T16:35:59.141+0000] {processor.py:755} WARNING - No viable dags retrieved from /opt/airflow/dags/etl/etl.py
[2022-12-13T16:35:59.175+0000] {processor.py:175} INFO - Processing /opt/airflow/dags/etl/etl.py took 0.585 seconds
[2022-12-13T16:36:29.653+0000] {processor.py:153} INFO - Started process (PID=3331) to work on /opt/airflow/dags/etl/etl.py
[2022-12-13T16:36:29.654+0000] {processor.py:743} INFO - Processing file /opt/airflow/dags/etl/etl.py for tasks to queue
[2022-12-13T16:36:29.655+0000] {logging_mixin.py:137} INFO - [2022-12-13T16:36:29.655+0000] {dagbag.py:538} INFO - Filling up the DagBag from /opt/airflow/dags/etl/etl.py
[2022-12-13T16:36:30.194+0000] {processor.py:755} WARNING - No viable dags retrieved from /opt/airflow/dags/etl/etl.py
[2022-12-13T16:36:30.212+0000] {processor.py:175} INFO - Processing /opt/airflow/dags/etl/etl.py took 0.561 seconds
[2022-12-13T16:37:00.717+0000] {processor.py:153} INFO - Started process (PID=3397) to work on /opt/airflow/dags/etl/etl.py
[2022-12-13T16:37:00.718+0000] {processor.py:743} INFO - Processing file /opt/airflow/dags/etl/etl.py for tasks to queue
[2022-12-13T16:37:00.719+0000] {logging_mixin.py:137} INFO - [2022-12-13T16:37:00.719+0000] {dagbag.py:538} INFO - Filling up the DagBag from /opt/airflow/dags/etl/etl.py
[2022-12-13T16:37:02.146+0000] {processor.py:755} WARNING - No viable dags retrieved from /opt/airflow/dags/etl/etl.py
[2022-12-13T16:37:02.163+0000] {processor.py:175} INFO - Processing /opt/airflow/dags/etl/etl.py took 1.450 seconds
[2022-12-13T16:37:32.860+0000] {processor.py:153} INFO - Started process (PID=3463) to work on /opt/airflow/dags/etl/etl.py
[2022-12-13T16:37:32.872+0000] {processor.py:743} INFO - Processing file /opt/airflow/dags/etl/etl.py for tasks to queue
[2022-12-13T16:37:32.873+0000] {logging_mixin.py:137} INFO - [2022-12-13T16:37:32.873+0000] {dagbag.py:538} INFO - Filling up the DagBag from /opt/airflow/dags/etl/etl.py
[2022-12-13T16:37:33.382+0000] {processor.py:755} WARNING - No viable dags retrieved from /opt/airflow/dags/etl/etl.py
[2022-12-13T16:37:33.397+0000] {processor.py:175} INFO - Processing /opt/airflow/dags/etl/etl.py took 0.540 seconds
[2022-12-13T16:38:04.039+0000] {processor.py:153} INFO - Started process (PID=3528) to work on /opt/airflow/dags/etl/etl.py
[2022-12-13T16:38:04.040+0000] {processor.py:743} INFO - Processing file /opt/airflow/dags/etl/etl.py for tasks to queue
[2022-12-13T16:38:04.041+0000] {logging_mixin.py:137} INFO - [2022-12-13T16:38:04.041+0000] {dagbag.py:538} INFO - Filling up the DagBag from /opt/airflow/dags/etl/etl.py
[2022-12-13T16:38:04.494+0000] {processor.py:755} WARNING - No viable dags retrieved from /opt/airflow/dags/etl/etl.py
[2022-12-13T16:38:04.513+0000] {processor.py:175} INFO - Processing /opt/airflow/dags/etl/etl.py took 0.477 seconds
[2022-12-13T16:38:34.907+0000] {processor.py:153} INFO - Started process (PID=3594) to work on /opt/airflow/dags/etl/etl.py
[2022-12-13T16:38:34.909+0000] {processor.py:743} INFO - Processing file /opt/airflow/dags/etl/etl.py for tasks to queue
[2022-12-13T16:38:34.910+0000] {logging_mixin.py:137} INFO - [2022-12-13T16:38:34.910+0000] {dagbag.py:538} INFO - Filling up the DagBag from /opt/airflow/dags/etl/etl.py
[2022-12-13T16:38:35.415+0000] {processor.py:755} WARNING - No viable dags retrieved from /opt/airflow/dags/etl/etl.py
[2022-12-13T16:38:35.433+0000] {processor.py:175} INFO - Processing /opt/airflow/dags/etl/etl.py took 0.530 seconds
[2022-12-13T16:39:05.998+0000] {processor.py:153} INFO - Started process (PID=3659) to work on /opt/airflow/dags/etl/etl.py
[2022-12-13T16:39:05.999+0000] {processor.py:743} INFO - Processing file /opt/airflow/dags/etl/etl.py for tasks to queue
[2022-12-13T16:39:06.000+0000] {logging_mixin.py:137} INFO - [2022-12-13T16:39:06.000+0000] {dagbag.py:538} INFO - Filling up the DagBag from /opt/airflow/dags/etl/etl.py
[2022-12-13T16:39:06.471+0000] {processor.py:755} WARNING - No viable dags retrieved from /opt/airflow/dags/etl/etl.py
[2022-12-13T16:39:06.490+0000] {processor.py:175} INFO - Processing /opt/airflow/dags/etl/etl.py took 0.495 seconds
[2022-12-13T16:39:37.174+0000] {processor.py:153} INFO - Started process (PID=3724) to work on /opt/airflow/dags/etl/etl.py
[2022-12-13T16:39:37.180+0000] {processor.py:743} INFO - Processing file /opt/airflow/dags/etl/etl.py for tasks to queue
[2022-12-13T16:39:37.183+0000] {logging_mixin.py:137} INFO - [2022-12-13T16:39:37.182+0000] {dagbag.py:538} INFO - Filling up the DagBag from /opt/airflow/dags/etl/etl.py
[2022-12-13T16:39:37.826+0000] {processor.py:755} WARNING - No viable dags retrieved from /opt/airflow/dags/etl/etl.py
[2022-12-13T16:39:37.842+0000] {processor.py:175} INFO - Processing /opt/airflow/dags/etl/etl.py took 0.678 seconds
[2022-12-13T16:40:08.625+0000] {processor.py:153} INFO - Started process (PID=3789) to work on /opt/airflow/dags/etl/etl.py
[2022-12-13T16:40:08.628+0000] {processor.py:743} INFO - Processing file /opt/airflow/dags/etl/etl.py for tasks to queue
[2022-12-13T16:40:08.629+0000] {logging_mixin.py:137} INFO - [2022-12-13T16:40:08.629+0000] {dagbag.py:538} INFO - Filling up the DagBag from /opt/airflow/dags/etl/etl.py
[2022-12-13T16:40:09.175+0000] {processor.py:755} WARNING - No viable dags retrieved from /opt/airflow/dags/etl/etl.py
[2022-12-13T16:40:09.195+0000] {processor.py:175} INFO - Processing /opt/airflow/dags/etl/etl.py took 0.575 seconds
[2022-12-13T16:40:39.985+0000] {processor.py:153} INFO - Started process (PID=3856) to work on /opt/airflow/dags/etl/etl.py
[2022-12-13T16:40:39.986+0000] {processor.py:743} INFO - Processing file /opt/airflow/dags/etl/etl.py for tasks to queue
[2022-12-13T16:40:39.987+0000] {logging_mixin.py:137} INFO - [2022-12-13T16:40:39.987+0000] {dagbag.py:538} INFO - Filling up the DagBag from /opt/airflow/dags/etl/etl.py
[2022-12-13T16:40:40.459+0000] {processor.py:755} WARNING - No viable dags retrieved from /opt/airflow/dags/etl/etl.py
[2022-12-13T16:40:40.483+0000] {processor.py:175} INFO - Processing /opt/airflow/dags/etl/etl.py took 0.500 seconds
[2022-12-13T16:41:10.554+0000] {processor.py:153} INFO - Started process (PID=3919) to work on /opt/airflow/dags/etl/etl.py
[2022-12-13T16:41:10.556+0000] {processor.py:743} INFO - Processing file /opt/airflow/dags/etl/etl.py for tasks to queue
[2022-12-13T16:41:10.558+0000] {logging_mixin.py:137} INFO - [2022-12-13T16:41:10.557+0000] {dagbag.py:538} INFO - Filling up the DagBag from /opt/airflow/dags/etl/etl.py
[2022-12-13T16:41:11.090+0000] {processor.py:755} WARNING - No viable dags retrieved from /opt/airflow/dags/etl/etl.py
[2022-12-13T16:41:11.105+0000] {processor.py:175} INFO - Processing /opt/airflow/dags/etl/etl.py took 0.554 seconds
[2022-12-13T16:41:41.462+0000] {processor.py:153} INFO - Started process (PID=3985) to work on /opt/airflow/dags/etl/etl.py
[2022-12-13T16:41:41.463+0000] {processor.py:743} INFO - Processing file /opt/airflow/dags/etl/etl.py for tasks to queue
[2022-12-13T16:41:41.464+0000] {logging_mixin.py:137} INFO - [2022-12-13T16:41:41.464+0000] {dagbag.py:538} INFO - Filling up the DagBag from /opt/airflow/dags/etl/etl.py
[2022-12-13T16:41:42.409+0000] {processor.py:755} WARNING - No viable dags retrieved from /opt/airflow/dags/etl/etl.py
[2022-12-13T16:41:42.472+0000] {processor.py:175} INFO - Processing /opt/airflow/dags/etl/etl.py took 1.014 seconds
[2022-12-13T16:42:12.585+0000] {processor.py:153} INFO - Started process (PID=4050) to work on /opt/airflow/dags/etl/etl.py
[2022-12-13T16:42:12.586+0000] {processor.py:743} INFO - Processing file /opt/airflow/dags/etl/etl.py for tasks to queue
[2022-12-13T16:42:12.586+0000] {logging_mixin.py:137} INFO - [2022-12-13T16:42:12.586+0000] {dagbag.py:538} INFO - Filling up the DagBag from /opt/airflow/dags/etl/etl.py
[2022-12-13T16:42:13.143+0000] {processor.py:755} WARNING - No viable dags retrieved from /opt/airflow/dags/etl/etl.py
[2022-12-13T16:42:13.158+0000] {processor.py:175} INFO - Processing /opt/airflow/dags/etl/etl.py took 0.576 seconds
[2022-12-13T16:42:43.225+0000] {processor.py:153} INFO - Started process (PID=4114) to work on /opt/airflow/dags/etl/etl.py
[2022-12-13T16:42:43.227+0000] {processor.py:743} INFO - Processing file /opt/airflow/dags/etl/etl.py for tasks to queue
[2022-12-13T16:42:43.228+0000] {logging_mixin.py:137} INFO - [2022-12-13T16:42:43.228+0000] {dagbag.py:538} INFO - Filling up the DagBag from /opt/airflow/dags/etl/etl.py
[2022-12-13T16:42:43.756+0000] {processor.py:755} WARNING - No viable dags retrieved from /opt/airflow/dags/etl/etl.py
[2022-12-13T16:42:43.771+0000] {processor.py:175} INFO - Processing /opt/airflow/dags/etl/etl.py took 0.548 seconds
[2022-12-13T16:43:14.504+0000] {processor.py:153} INFO - Started process (PID=4179) to work on /opt/airflow/dags/etl/etl.py
[2022-12-13T16:43:14.504+0000] {processor.py:743} INFO - Processing file /opt/airflow/dags/etl/etl.py for tasks to queue
[2022-12-13T16:43:14.505+0000] {logging_mixin.py:137} INFO - [2022-12-13T16:43:14.505+0000] {dagbag.py:538} INFO - Filling up the DagBag from /opt/airflow/dags/etl/etl.py
[2022-12-13T16:43:15.052+0000] {processor.py:755} WARNING - No viable dags retrieved from /opt/airflow/dags/etl/etl.py
[2022-12-13T16:43:15.066+0000] {processor.py:175} INFO - Processing /opt/airflow/dags/etl/etl.py took 0.567 seconds
[2022-12-13T16:43:46.069+0000] {processor.py:153} INFO - Started process (PID=4249) to work on /opt/airflow/dags/etl/etl.py
[2022-12-13T16:43:46.072+0000] {processor.py:743} INFO - Processing file /opt/airflow/dags/etl/etl.py for tasks to queue
[2022-12-13T16:43:46.075+0000] {logging_mixin.py:137} INFO - [2022-12-13T16:43:46.074+0000] {dagbag.py:538} INFO - Filling up the DagBag from /opt/airflow/dags/etl/etl.py
[2022-12-13T16:43:46.669+0000] {processor.py:755} WARNING - No viable dags retrieved from /opt/airflow/dags/etl/etl.py
[2022-12-13T16:43:46.683+0000] {processor.py:175} INFO - Processing /opt/airflow/dags/etl/etl.py took 0.619 seconds
[2022-12-13T16:44:16.743+0000] {processor.py:153} INFO - Started process (PID=4310) to work on /opt/airflow/dags/etl/etl.py
[2022-12-13T16:44:16.744+0000] {processor.py:743} INFO - Processing file /opt/airflow/dags/etl/etl.py for tasks to queue
[2022-12-13T16:44:16.745+0000] {logging_mixin.py:137} INFO - [2022-12-13T16:44:16.745+0000] {dagbag.py:538} INFO - Filling up the DagBag from /opt/airflow/dags/etl/etl.py
[2022-12-13T16:44:17.291+0000] {processor.py:755} WARNING - No viable dags retrieved from /opt/airflow/dags/etl/etl.py
[2022-12-13T16:44:17.312+0000] {processor.py:175} INFO - Processing /opt/airflow/dags/etl/etl.py took 0.572 seconds
[2022-12-13T16:44:47.420+0000] {processor.py:153} INFO - Started process (PID=4374) to work on /opt/airflow/dags/etl/etl.py
[2022-12-13T16:44:47.422+0000] {processor.py:743} INFO - Processing file /opt/airflow/dags/etl/etl.py for tasks to queue
[2022-12-13T16:44:47.423+0000] {logging_mixin.py:137} INFO - [2022-12-13T16:44:47.422+0000] {dagbag.py:538} INFO - Filling up the DagBag from /opt/airflow/dags/etl/etl.py
[2022-12-13T16:44:47.946+0000] {processor.py:755} WARNING - No viable dags retrieved from /opt/airflow/dags/etl/etl.py
[2022-12-13T16:44:47.962+0000] {processor.py:175} INFO - Processing /opt/airflow/dags/etl/etl.py took 0.546 seconds
[2022-12-13T16:45:18.565+0000] {processor.py:153} INFO - Started process (PID=4439) to work on /opt/airflow/dags/etl/etl.py
[2022-12-13T16:45:18.566+0000] {processor.py:743} INFO - Processing file /opt/airflow/dags/etl/etl.py for tasks to queue
[2022-12-13T16:45:18.567+0000] {logging_mixin.py:137} INFO - [2022-12-13T16:45:18.567+0000] {dagbag.py:538} INFO - Filling up the DagBag from /opt/airflow/dags/etl/etl.py
[2022-12-13T16:45:19.070+0000] {processor.py:755} WARNING - No viable dags retrieved from /opt/airflow/dags/etl/etl.py
[2022-12-13T16:45:19.085+0000] {processor.py:175} INFO - Processing /opt/airflow/dags/etl/etl.py took 0.524 seconds
[2022-12-13T16:45:49.280+0000] {processor.py:153} INFO - Started process (PID=4505) to work on /opt/airflow/dags/etl/etl.py
[2022-12-13T16:45:49.281+0000] {processor.py:743} INFO - Processing file /opt/airflow/dags/etl/etl.py for tasks to queue
[2022-12-13T16:45:49.282+0000] {logging_mixin.py:137} INFO - [2022-12-13T16:45:49.282+0000] {dagbag.py:538} INFO - Filling up the DagBag from /opt/airflow/dags/etl/etl.py
[2022-12-13T16:45:49.809+0000] {processor.py:755} WARNING - No viable dags retrieved from /opt/airflow/dags/etl/etl.py
[2022-12-13T16:45:49.825+0000] {processor.py:175} INFO - Processing /opt/airflow/dags/etl/etl.py took 0.548 seconds
[2022-12-13T16:46:19.876+0000] {processor.py:153} INFO - Started process (PID=4572) to work on /opt/airflow/dags/etl/etl.py
[2022-12-13T16:46:19.877+0000] {processor.py:743} INFO - Processing file /opt/airflow/dags/etl/etl.py for tasks to queue
[2022-12-13T16:46:19.878+0000] {logging_mixin.py:137} INFO - [2022-12-13T16:46:19.878+0000] {dagbag.py:538} INFO - Filling up the DagBag from /opt/airflow/dags/etl/etl.py
[2022-12-13T16:46:20.323+0000] {processor.py:755} WARNING - No viable dags retrieved from /opt/airflow/dags/etl/etl.py
[2022-12-13T16:46:20.338+0000] {processor.py:175} INFO - Processing /opt/airflow/dags/etl/etl.py took 0.464 seconds
[2022-12-13T16:46:50.512+0000] {processor.py:153} INFO - Started process (PID=4637) to work on /opt/airflow/dags/etl/etl.py
[2022-12-13T16:46:50.513+0000] {processor.py:743} INFO - Processing file /opt/airflow/dags/etl/etl.py for tasks to queue
[2022-12-13T16:46:50.514+0000] {logging_mixin.py:137} INFO - [2022-12-13T16:46:50.514+0000] {dagbag.py:538} INFO - Filling up the DagBag from /opt/airflow/dags/etl/etl.py
[2022-12-13T16:46:51.171+0000] {processor.py:755} WARNING - No viable dags retrieved from /opt/airflow/dags/etl/etl.py
[2022-12-13T16:46:51.231+0000] {processor.py:175} INFO - Processing /opt/airflow/dags/etl/etl.py took 0.721 seconds
[2022-12-13T16:47:21.786+0000] {processor.py:153} INFO - Started process (PID=4702) to work on /opt/airflow/dags/etl/etl.py
[2022-12-13T16:47:21.788+0000] {processor.py:743} INFO - Processing file /opt/airflow/dags/etl/etl.py for tasks to queue
[2022-12-13T16:47:21.789+0000] {logging_mixin.py:137} INFO - [2022-12-13T16:47:21.789+0000] {dagbag.py:538} INFO - Filling up the DagBag from /opt/airflow/dags/etl/etl.py
[2022-12-13T16:47:22.308+0000] {processor.py:755} WARNING - No viable dags retrieved from /opt/airflow/dags/etl/etl.py
[2022-12-13T16:47:22.327+0000] {processor.py:175} INFO - Processing /opt/airflow/dags/etl/etl.py took 0.544 seconds
[2022-12-13T16:47:52.404+0000] {processor.py:153} INFO - Started process (PID=4768) to work on /opt/airflow/dags/etl/etl.py
[2022-12-13T16:47:52.410+0000] {processor.py:743} INFO - Processing file /opt/airflow/dags/etl/etl.py for tasks to queue
[2022-12-13T16:47:52.415+0000] {logging_mixin.py:137} INFO - [2022-12-13T16:47:52.414+0000] {dagbag.py:538} INFO - Filling up the DagBag from /opt/airflow/dags/etl/etl.py
[2022-12-13T16:47:53.183+0000] {processor.py:755} WARNING - No viable dags retrieved from /opt/airflow/dags/etl/etl.py
[2022-12-13T16:47:53.199+0000] {processor.py:175} INFO - Processing /opt/airflow/dags/etl/etl.py took 0.820 seconds
[2022-12-13T16:48:23.586+0000] {processor.py:153} INFO - Started process (PID=4831) to work on /opt/airflow/dags/etl/etl.py
[2022-12-13T16:48:23.588+0000] {processor.py:743} INFO - Processing file /opt/airflow/dags/etl/etl.py for tasks to queue
[2022-12-13T16:48:23.589+0000] {logging_mixin.py:137} INFO - [2022-12-13T16:48:23.589+0000] {dagbag.py:538} INFO - Filling up the DagBag from /opt/airflow/dags/etl/etl.py
[2022-12-13T16:48:25.536+0000] {processor.py:755} WARNING - No viable dags retrieved from /opt/airflow/dags/etl/etl.py
[2022-12-13T16:48:25.655+0000] {processor.py:175} INFO - Processing /opt/airflow/dags/etl/etl.py took 2.073 seconds
[2022-12-13T16:48:55.758+0000] {processor.py:153} INFO - Started process (PID=4899) to work on /opt/airflow/dags/etl/etl.py
[2022-12-13T16:48:55.760+0000] {processor.py:743} INFO - Processing file /opt/airflow/dags/etl/etl.py for tasks to queue
[2022-12-13T16:48:55.761+0000] {logging_mixin.py:137} INFO - [2022-12-13T16:48:55.760+0000] {dagbag.py:538} INFO - Filling up the DagBag from /opt/airflow/dags/etl/etl.py
[2022-12-13T16:48:56.344+0000] {processor.py:755} WARNING - No viable dags retrieved from /opt/airflow/dags/etl/etl.py
[2022-12-13T16:48:56.360+0000] {processor.py:175} INFO - Processing /opt/airflow/dags/etl/etl.py took 0.606 seconds
[2022-12-13T16:49:26.447+0000] {processor.py:153} INFO - Started process (PID=4964) to work on /opt/airflow/dags/etl/etl.py
[2022-12-13T16:49:26.448+0000] {processor.py:743} INFO - Processing file /opt/airflow/dags/etl/etl.py for tasks to queue
[2022-12-13T16:49:26.449+0000] {logging_mixin.py:137} INFO - [2022-12-13T16:49:26.448+0000] {dagbag.py:538} INFO - Filling up the DagBag from /opt/airflow/dags/etl/etl.py
[2022-12-13T16:49:26.910+0000] {processor.py:755} WARNING - No viable dags retrieved from /opt/airflow/dags/etl/etl.py
[2022-12-13T16:49:26.926+0000] {processor.py:175} INFO - Processing /opt/airflow/dags/etl/etl.py took 0.481 seconds
[2022-12-13T16:49:57.689+0000] {processor.py:153} INFO - Started process (PID=5029) to work on /opt/airflow/dags/etl/etl.py
[2022-12-13T16:49:57.692+0000] {processor.py:743} INFO - Processing file /opt/airflow/dags/etl/etl.py for tasks to queue
[2022-12-13T16:49:57.693+0000] {logging_mixin.py:137} INFO - [2022-12-13T16:49:57.693+0000] {dagbag.py:538} INFO - Filling up the DagBag from /opt/airflow/dags/etl/etl.py
[2022-12-13T16:49:58.150+0000] {processor.py:755} WARNING - No viable dags retrieved from /opt/airflow/dags/etl/etl.py
[2022-12-13T16:49:58.166+0000] {processor.py:175} INFO - Processing /opt/airflow/dags/etl/etl.py took 0.479 seconds
[2022-12-13T16:50:28.237+0000] {processor.py:153} INFO - Started process (PID=5094) to work on /opt/airflow/dags/etl/etl.py
[2022-12-13T16:50:28.239+0000] {processor.py:743} INFO - Processing file /opt/airflow/dags/etl/etl.py for tasks to queue
[2022-12-13T16:50:28.239+0000] {logging_mixin.py:137} INFO - [2022-12-13T16:50:28.239+0000] {dagbag.py:538} INFO - Filling up the DagBag from /opt/airflow/dags/etl/etl.py
[2022-12-13T16:50:28.838+0000] {processor.py:755} WARNING - No viable dags retrieved from /opt/airflow/dags/etl/etl.py
[2022-12-13T16:50:28.864+0000] {processor.py:175} INFO - Processing /opt/airflow/dags/etl/etl.py took 0.630 seconds
[2022-12-13T16:50:58.973+0000] {processor.py:153} INFO - Started process (PID=5161) to work on /opt/airflow/dags/etl/etl.py
[2022-12-13T16:50:58.974+0000] {processor.py:743} INFO - Processing file /opt/airflow/dags/etl/etl.py for tasks to queue
[2022-12-13T16:50:58.975+0000] {logging_mixin.py:137} INFO - [2022-12-13T16:50:58.975+0000] {dagbag.py:538} INFO - Filling up the DagBag from /opt/airflow/dags/etl/etl.py
[2022-12-13T16:50:59.498+0000] {processor.py:755} WARNING - No viable dags retrieved from /opt/airflow/dags/etl/etl.py
[2022-12-13T16:50:59.519+0000] {processor.py:175} INFO - Processing /opt/airflow/dags/etl/etl.py took 0.549 seconds
[2022-12-13T16:51:30.066+0000] {processor.py:153} INFO - Started process (PID=5228) to work on /opt/airflow/dags/etl/etl.py
[2022-12-13T16:51:30.066+0000] {processor.py:743} INFO - Processing file /opt/airflow/dags/etl/etl.py for tasks to queue
[2022-12-13T16:51:30.067+0000] {logging_mixin.py:137} INFO - [2022-12-13T16:51:30.067+0000] {dagbag.py:538} INFO - Filling up the DagBag from /opt/airflow/dags/etl/etl.py
[2022-12-13T16:51:30.587+0000] {processor.py:755} WARNING - No viable dags retrieved from /opt/airflow/dags/etl/etl.py
[2022-12-13T16:51:30.613+0000] {processor.py:175} INFO - Processing /opt/airflow/dags/etl/etl.py took 0.551 seconds
[2022-12-13T16:52:01.465+0000] {processor.py:153} INFO - Started process (PID=5282) to work on /opt/airflow/dags/etl/etl.py
[2022-12-13T16:52:01.467+0000] {processor.py:743} INFO - Processing file /opt/airflow/dags/etl/etl.py for tasks to queue
[2022-12-13T16:52:01.469+0000] {logging_mixin.py:137} INFO - [2022-12-13T16:52:01.468+0000] {dagbag.py:538} INFO - Filling up the DagBag from /opt/airflow/dags/etl/etl.py
[2022-12-13T16:52:02.038+0000] {processor.py:755} WARNING - No viable dags retrieved from /opt/airflow/dags/etl/etl.py
[2022-12-13T16:52:02.056+0000] {processor.py:175} INFO - Processing /opt/airflow/dags/etl/etl.py took 0.595 seconds
[2022-12-13T16:52:32.347+0000] {processor.py:153} INFO - Started process (PID=5344) to work on /opt/airflow/dags/etl/etl.py
[2022-12-13T16:52:32.347+0000] {processor.py:743} INFO - Processing file /opt/airflow/dags/etl/etl.py for tasks to queue
[2022-12-13T16:52:32.348+0000] {logging_mixin.py:137} INFO - [2022-12-13T16:52:32.348+0000] {dagbag.py:538} INFO - Filling up the DagBag from /opt/airflow/dags/etl/etl.py
[2022-12-13T16:52:32.888+0000] {processor.py:755} WARNING - No viable dags retrieved from /opt/airflow/dags/etl/etl.py
[2022-12-13T16:52:32.902+0000] {processor.py:175} INFO - Processing /opt/airflow/dags/etl/etl.py took 0.558 seconds
[2022-12-13T16:53:03.048+0000] {processor.py:153} INFO - Started process (PID=5406) to work on /opt/airflow/dags/etl/etl.py
[2022-12-13T16:53:03.049+0000] {processor.py:743} INFO - Processing file /opt/airflow/dags/etl/etl.py for tasks to queue
[2022-12-13T16:53:03.050+0000] {logging_mixin.py:137} INFO - [2022-12-13T16:53:03.050+0000] {dagbag.py:538} INFO - Filling up the DagBag from /opt/airflow/dags/etl/etl.py
[2022-12-13T16:53:03.587+0000] {processor.py:755} WARNING - No viable dags retrieved from /opt/airflow/dags/etl/etl.py
[2022-12-13T16:53:03.608+0000] {processor.py:175} INFO - Processing /opt/airflow/dags/etl/etl.py took 0.563 seconds
[2022-12-13T16:53:36.511+0000] {processor.py:153} INFO - Started process (PID=5479) to work on /opt/airflow/dags/etl/etl.py
[2022-12-13T16:53:36.512+0000] {processor.py:743} INFO - Processing file /opt/airflow/dags/etl/etl.py for tasks to queue
[2022-12-13T16:53:36.513+0000] {logging_mixin.py:137} INFO - [2022-12-13T16:53:36.513+0000] {dagbag.py:538} INFO - Filling up the DagBag from /opt/airflow/dags/etl/etl.py
[2022-12-13T16:53:37.526+0000] {processor.py:755} WARNING - No viable dags retrieved from /opt/airflow/dags/etl/etl.py
[2022-12-13T16:53:37.549+0000] {processor.py:175} INFO - Processing /opt/airflow/dags/etl/etl.py took 1.047 seconds
[2022-12-13T16:54:08.313+0000] {processor.py:153} INFO - Started process (PID=5546) to work on /opt/airflow/dags/etl/etl.py
[2022-12-13T16:54:08.314+0000] {processor.py:743} INFO - Processing file /opt/airflow/dags/etl/etl.py for tasks to queue
[2022-12-13T16:54:08.314+0000] {logging_mixin.py:137} INFO - [2022-12-13T16:54:08.314+0000] {dagbag.py:538} INFO - Filling up the DagBag from /opt/airflow/dags/etl/etl.py
[2022-12-13T16:54:08.816+0000] {processor.py:755} WARNING - No viable dags retrieved from /opt/airflow/dags/etl/etl.py
[2022-12-13T16:54:08.833+0000] {processor.py:175} INFO - Processing /opt/airflow/dags/etl/etl.py took 0.523 seconds
[2022-12-13T16:54:39.999+0000] {processor.py:153} INFO - Started process (PID=5609) to work on /opt/airflow/dags/etl/etl.py
[2022-12-13T16:54:40.001+0000] {processor.py:743} INFO - Processing file /opt/airflow/dags/etl/etl.py for tasks to queue
[2022-12-13T16:54:40.002+0000] {logging_mixin.py:137} INFO - [2022-12-13T16:54:40.002+0000] {dagbag.py:538} INFO - Filling up the DagBag from /opt/airflow/dags/etl/etl.py
[2022-12-13T16:54:40.553+0000] {processor.py:755} WARNING - No viable dags retrieved from /opt/airflow/dags/etl/etl.py
[2022-12-13T16:54:40.580+0000] {processor.py:175} INFO - Processing /opt/airflow/dags/etl/etl.py took 0.584 seconds
[2022-12-13T16:55:11.524+0000] {processor.py:153} INFO - Started process (PID=5674) to work on /opt/airflow/dags/etl/etl.py
[2022-12-13T16:55:11.526+0000] {processor.py:743} INFO - Processing file /opt/airflow/dags/etl/etl.py for tasks to queue
[2022-12-13T16:55:11.526+0000] {logging_mixin.py:137} INFO - [2022-12-13T16:55:11.526+0000] {dagbag.py:538} INFO - Filling up the DagBag from /opt/airflow/dags/etl/etl.py
[2022-12-13T16:55:12.083+0000] {processor.py:755} WARNING - No viable dags retrieved from /opt/airflow/dags/etl/etl.py
[2022-12-13T16:55:12.099+0000] {processor.py:175} INFO - Processing /opt/airflow/dags/etl/etl.py took 0.578 seconds
[2022-12-13T16:55:43.310+0000] {processor.py:153} INFO - Started process (PID=5741) to work on /opt/airflow/dags/etl/etl.py
[2022-12-13T16:55:43.312+0000] {processor.py:743} INFO - Processing file /opt/airflow/dags/etl/etl.py for tasks to queue
[2022-12-13T16:55:43.313+0000] {logging_mixin.py:137} INFO - [2022-12-13T16:55:43.313+0000] {dagbag.py:538} INFO - Filling up the DagBag from /opt/airflow/dags/etl/etl.py
[2022-12-13T16:55:43.810+0000] {processor.py:755} WARNING - No viable dags retrieved from /opt/airflow/dags/etl/etl.py
[2022-12-13T16:55:43.828+0000] {processor.py:175} INFO - Processing /opt/airflow/dags/etl/etl.py took 0.521 seconds
[2022-12-13T16:56:14.105+0000] {processor.py:153} INFO - Started process (PID=5804) to work on /opt/airflow/dags/etl/etl.py
[2022-12-13T16:56:14.106+0000] {processor.py:743} INFO - Processing file /opt/airflow/dags/etl/etl.py for tasks to queue
[2022-12-13T16:56:14.107+0000] {logging_mixin.py:137} INFO - [2022-12-13T16:56:14.106+0000] {dagbag.py:538} INFO - Filling up the DagBag from /opt/airflow/dags/etl/etl.py
[2022-12-13T16:56:14.715+0000] {processor.py:755} WARNING - No viable dags retrieved from /opt/airflow/dags/etl/etl.py
[2022-12-13T16:56:14.743+0000] {processor.py:175} INFO - Processing /opt/airflow/dags/etl/etl.py took 0.641 seconds
[2022-12-13T16:56:46.070+0000] {processor.py:153} INFO - Started process (PID=5869) to work on /opt/airflow/dags/etl/etl.py
[2022-12-13T16:56:46.071+0000] {processor.py:743} INFO - Processing file /opt/airflow/dags/etl/etl.py for tasks to queue
[2022-12-13T16:56:46.072+0000] {logging_mixin.py:137} INFO - [2022-12-13T16:56:46.072+0000] {dagbag.py:538} INFO - Filling up the DagBag from /opt/airflow/dags/etl/etl.py
[2022-12-13T16:56:46.751+0000] {processor.py:755} WARNING - No viable dags retrieved from /opt/airflow/dags/etl/etl.py
[2022-12-13T16:56:46.768+0000] {processor.py:175} INFO - Processing /opt/airflow/dags/etl/etl.py took 0.702 seconds
[2022-12-13T16:57:18.245+0000] {processor.py:153} INFO - Started process (PID=5934) to work on /opt/airflow/dags/etl/etl.py
[2022-12-13T16:57:18.247+0000] {processor.py:743} INFO - Processing file /opt/airflow/dags/etl/etl.py for tasks to queue
[2022-12-13T16:57:18.249+0000] {logging_mixin.py:137} INFO - [2022-12-13T16:57:18.248+0000] {dagbag.py:538} INFO - Filling up the DagBag from /opt/airflow/dags/etl/etl.py
[2022-12-13T16:57:19.494+0000] {processor.py:755} WARNING - No viable dags retrieved from /opt/airflow/dags/etl/etl.py
[2022-12-13T16:57:19.547+0000] {processor.py:175} INFO - Processing /opt/airflow/dags/etl/etl.py took 1.308 seconds
[2022-12-13T16:57:49.751+0000] {processor.py:153} INFO - Started process (PID=6000) to work on /opt/airflow/dags/etl/etl.py
[2022-12-13T16:57:49.753+0000] {processor.py:743} INFO - Processing file /opt/airflow/dags/etl/etl.py for tasks to queue
[2022-12-13T16:57:49.755+0000] {logging_mixin.py:137} INFO - [2022-12-13T16:57:49.755+0000] {dagbag.py:538} INFO - Filling up the DagBag from /opt/airflow/dags/etl/etl.py
[2022-12-13T16:57:50.281+0000] {processor.py:755} WARNING - No viable dags retrieved from /opt/airflow/dags/etl/etl.py
[2022-12-13T16:57:50.366+0000] {processor.py:175} INFO - Processing /opt/airflow/dags/etl/etl.py took 0.624 seconds
[2022-12-13T16:58:21.924+0000] {processor.py:153} INFO - Started process (PID=6071) to work on /opt/airflow/dags/etl/etl.py
[2022-12-13T16:58:21.926+0000] {processor.py:743} INFO - Processing file /opt/airflow/dags/etl/etl.py for tasks to queue
[2022-12-13T16:58:21.927+0000] {logging_mixin.py:137} INFO - [2022-12-13T16:58:21.927+0000] {dagbag.py:538} INFO - Filling up the DagBag from /opt/airflow/dags/etl/etl.py
[2022-12-13T16:58:22.418+0000] {processor.py:755} WARNING - No viable dags retrieved from /opt/airflow/dags/etl/etl.py
[2022-12-13T16:58:22.437+0000] {processor.py:175} INFO - Processing /opt/airflow/dags/etl/etl.py took 0.515 seconds
[2022-12-13T16:58:53.668+0000] {processor.py:153} INFO - Started process (PID=6136) to work on /opt/airflow/dags/etl/etl.py
[2022-12-13T16:58:53.670+0000] {processor.py:743} INFO - Processing file /opt/airflow/dags/etl/etl.py for tasks to queue
[2022-12-13T16:58:53.670+0000] {logging_mixin.py:137} INFO - [2022-12-13T16:58:53.670+0000] {dagbag.py:538} INFO - Filling up the DagBag from /opt/airflow/dags/etl/etl.py
[2022-12-13T16:58:54.134+0000] {processor.py:755} WARNING - No viable dags retrieved from /opt/airflow/dags/etl/etl.py
[2022-12-13T16:58:54.150+0000] {processor.py:175} INFO - Processing /opt/airflow/dags/etl/etl.py took 0.485 seconds
[2022-12-13T16:59:25.207+0000] {processor.py:153} INFO - Started process (PID=6202) to work on /opt/airflow/dags/etl/etl.py
[2022-12-13T16:59:25.208+0000] {processor.py:743} INFO - Processing file /opt/airflow/dags/etl/etl.py for tasks to queue
[2022-12-13T16:59:25.209+0000] {logging_mixin.py:137} INFO - [2022-12-13T16:59:25.209+0000] {dagbag.py:538} INFO - Filling up the DagBag from /opt/airflow/dags/etl/etl.py
[2022-12-13T16:59:25.734+0000] {processor.py:755} WARNING - No viable dags retrieved from /opt/airflow/dags/etl/etl.py
[2022-12-13T16:59:25.761+0000] {processor.py:175} INFO - Processing /opt/airflow/dags/etl/etl.py took 0.557 seconds
[2022-12-13T16:59:56.488+0000] {processor.py:153} INFO - Started process (PID=6271) to work on /opt/airflow/dags/etl/etl.py
[2022-12-13T16:59:56.490+0000] {processor.py:743} INFO - Processing file /opt/airflow/dags/etl/etl.py for tasks to queue
[2022-12-13T16:59:56.491+0000] {logging_mixin.py:137} INFO - [2022-12-13T16:59:56.491+0000] {dagbag.py:538} INFO - Filling up the DagBag from /opt/airflow/dags/etl/etl.py
[2022-12-13T16:59:57.108+0000] {processor.py:755} WARNING - No viable dags retrieved from /opt/airflow/dags/etl/etl.py
[2022-12-13T16:59:57.125+0000] {processor.py:175} INFO - Processing /opt/airflow/dags/etl/etl.py took 0.643 seconds
[2022-12-13T17:00:27.943+0000] {processor.py:153} INFO - Started process (PID=6339) to work on /opt/airflow/dags/etl/etl.py
[2022-12-13T17:00:27.945+0000] {processor.py:743} INFO - Processing file /opt/airflow/dags/etl/etl.py for tasks to queue
[2022-12-13T17:00:27.946+0000] {logging_mixin.py:137} INFO - [2022-12-13T17:00:27.946+0000] {dagbag.py:538} INFO - Filling up the DagBag from /opt/airflow/dags/etl/etl.py
[2022-12-13T17:00:28.419+0000] {processor.py:755} WARNING - No viable dags retrieved from /opt/airflow/dags/etl/etl.py
[2022-12-13T17:00:28.434+0000] {processor.py:175} INFO - Processing /opt/airflow/dags/etl/etl.py took 0.494 seconds
[2022-12-13T17:00:58.741+0000] {processor.py:153} INFO - Started process (PID=6405) to work on /opt/airflow/dags/etl/etl.py
[2022-12-13T17:00:58.742+0000] {processor.py:743} INFO - Processing file /opt/airflow/dags/etl/etl.py for tasks to queue
[2022-12-13T17:00:58.743+0000] {logging_mixin.py:137} INFO - [2022-12-13T17:00:58.743+0000] {dagbag.py:538} INFO - Filling up the DagBag from /opt/airflow/dags/etl/etl.py
[2022-12-13T17:00:59.250+0000] {processor.py:755} WARNING - No viable dags retrieved from /opt/airflow/dags/etl/etl.py
[2022-12-13T17:00:59.269+0000] {processor.py:175} INFO - Processing /opt/airflow/dags/etl/etl.py took 0.531 seconds
[2022-12-13T17:01:29.624+0000] {processor.py:153} INFO - Started process (PID=6472) to work on /opt/airflow/dags/etl/etl.py
[2022-12-13T17:01:29.626+0000] {processor.py:743} INFO - Processing file /opt/airflow/dags/etl/etl.py for tasks to queue
[2022-12-13T17:01:29.627+0000] {logging_mixin.py:137} INFO - [2022-12-13T17:01:29.627+0000] {dagbag.py:538} INFO - Filling up the DagBag from /opt/airflow/dags/etl/etl.py
[2022-12-13T17:01:30.137+0000] {processor.py:755} WARNING - No viable dags retrieved from /opt/airflow/dags/etl/etl.py
[2022-12-13T17:01:30.155+0000] {processor.py:175} INFO - Processing /opt/airflow/dags/etl/etl.py took 0.534 seconds
[2022-12-13T17:02:00.792+0000] {processor.py:153} INFO - Started process (PID=6539) to work on /opt/airflow/dags/etl/etl.py
[2022-12-13T17:02:00.793+0000] {processor.py:743} INFO - Processing file /opt/airflow/dags/etl/etl.py for tasks to queue
[2022-12-13T17:02:00.794+0000] {logging_mixin.py:137} INFO - [2022-12-13T17:02:00.794+0000] {dagbag.py:538} INFO - Filling up the DagBag from /opt/airflow/dags/etl/etl.py
[2022-12-13T17:02:01.328+0000] {processor.py:755} WARNING - No viable dags retrieved from /opt/airflow/dags/etl/etl.py
[2022-12-13T17:02:01.344+0000] {processor.py:175} INFO - Processing /opt/airflow/dags/etl/etl.py took 0.555 seconds
[2022-12-13T17:02:31.573+0000] {processor.py:153} INFO - Started process (PID=6608) to work on /opt/airflow/dags/etl/etl.py
[2022-12-13T17:02:31.575+0000] {processor.py:743} INFO - Processing file /opt/airflow/dags/etl/etl.py for tasks to queue
[2022-12-13T17:02:31.575+0000] {logging_mixin.py:137} INFO - [2022-12-13T17:02:31.575+0000] {dagbag.py:538} INFO - Filling up the DagBag from /opt/airflow/dags/etl/etl.py
[2022-12-13T17:02:32.074+0000] {processor.py:755} WARNING - No viable dags retrieved from /opt/airflow/dags/etl/etl.py
[2022-12-13T17:02:32.097+0000] {processor.py:175} INFO - Processing /opt/airflow/dags/etl/etl.py took 0.526 seconds
[2022-12-13T17:03:02.143+0000] {processor.py:153} INFO - Started process (PID=6674) to work on /opt/airflow/dags/etl/etl.py
[2022-12-13T17:03:02.144+0000] {processor.py:743} INFO - Processing file /opt/airflow/dags/etl/etl.py for tasks to queue
[2022-12-13T17:03:02.146+0000] {logging_mixin.py:137} INFO - [2022-12-13T17:03:02.146+0000] {dagbag.py:538} INFO - Filling up the DagBag from /opt/airflow/dags/etl/etl.py
[2022-12-13T17:03:02.768+0000] {processor.py:755} WARNING - No viable dags retrieved from /opt/airflow/dags/etl/etl.py
[2022-12-13T17:03:02.793+0000] {processor.py:175} INFO - Processing /opt/airflow/dags/etl/etl.py took 0.656 seconds
[2022-12-13T17:03:32.861+0000] {processor.py:153} INFO - Started process (PID=6740) to work on /opt/airflow/dags/etl/etl.py
[2022-12-13T17:03:32.863+0000] {processor.py:743} INFO - Processing file /opt/airflow/dags/etl/etl.py for tasks to queue
[2022-12-13T17:03:32.864+0000] {logging_mixin.py:137} INFO - [2022-12-13T17:03:32.864+0000] {dagbag.py:538} INFO - Filling up the DagBag from /opt/airflow/dags/etl/etl.py
[2022-12-13T17:03:33.316+0000] {processor.py:755} WARNING - No viable dags retrieved from /opt/airflow/dags/etl/etl.py
[2022-12-13T17:03:33.331+0000] {processor.py:175} INFO - Processing /opt/airflow/dags/etl/etl.py took 0.473 seconds
[2022-12-13T17:04:03.541+0000] {processor.py:153} INFO - Started process (PID=6808) to work on /opt/airflow/dags/etl/etl.py
[2022-12-13T17:04:03.542+0000] {processor.py:743} INFO - Processing file /opt/airflow/dags/etl/etl.py for tasks to queue
[2022-12-13T17:04:03.543+0000] {logging_mixin.py:137} INFO - [2022-12-13T17:04:03.543+0000] {dagbag.py:538} INFO - Filling up the DagBag from /opt/airflow/dags/etl/etl.py
[2022-12-13T17:04:04.019+0000] {processor.py:755} WARNING - No viable dags retrieved from /opt/airflow/dags/etl/etl.py
[2022-12-13T17:04:04.034+0000] {processor.py:175} INFO - Processing /opt/airflow/dags/etl/etl.py took 0.496 seconds
[2022-12-13T17:04:34.326+0000] {processor.py:153} INFO - Started process (PID=6877) to work on /opt/airflow/dags/etl/etl.py
[2022-12-13T17:04:34.328+0000] {processor.py:743} INFO - Processing file /opt/airflow/dags/etl/etl.py for tasks to queue
[2022-12-13T17:04:34.329+0000] {logging_mixin.py:137} INFO - [2022-12-13T17:04:34.328+0000] {dagbag.py:538} INFO - Filling up the DagBag from /opt/airflow/dags/etl/etl.py
[2022-12-13T17:04:34.911+0000] {processor.py:755} WARNING - No viable dags retrieved from /opt/airflow/dags/etl/etl.py
[2022-12-13T17:04:34.932+0000] {processor.py:175} INFO - Processing /opt/airflow/dags/etl/etl.py took 0.610 seconds
[2022-12-13T17:05:05.213+0000] {processor.py:153} INFO - Started process (PID=6946) to work on /opt/airflow/dags/etl/etl.py
[2022-12-13T17:05:05.215+0000] {processor.py:743} INFO - Processing file /opt/airflow/dags/etl/etl.py for tasks to queue
[2022-12-13T17:05:05.216+0000] {logging_mixin.py:137} INFO - [2022-12-13T17:05:05.215+0000] {dagbag.py:538} INFO - Filling up the DagBag from /opt/airflow/dags/etl/etl.py
[2022-12-13T17:05:05.715+0000] {processor.py:755} WARNING - No viable dags retrieved from /opt/airflow/dags/etl/etl.py
[2022-12-13T17:05:05.739+0000] {processor.py:175} INFO - Processing /opt/airflow/dags/etl/etl.py took 0.531 seconds
[2022-12-13T17:05:35.897+0000] {processor.py:153} INFO - Started process (PID=7016) to work on /opt/airflow/dags/etl/etl.py
[2022-12-13T17:05:35.899+0000] {processor.py:743} INFO - Processing file /opt/airflow/dags/etl/etl.py for tasks to queue
[2022-12-13T17:05:35.900+0000] {logging_mixin.py:137} INFO - [2022-12-13T17:05:35.900+0000] {dagbag.py:538} INFO - Filling up the DagBag from /opt/airflow/dags/etl/etl.py
[2022-12-13T17:05:36.524+0000] {processor.py:755} WARNING - No viable dags retrieved from /opt/airflow/dags/etl/etl.py
[2022-12-13T17:05:36.540+0000] {processor.py:175} INFO - Processing /opt/airflow/dags/etl/etl.py took 0.650 seconds
[2022-12-13T17:06:07.373+0000] {processor.py:153} INFO - Started process (PID=7083) to work on /opt/airflow/dags/etl/etl.py
[2022-12-13T17:06:07.375+0000] {processor.py:743} INFO - Processing file /opt/airflow/dags/etl/etl.py for tasks to queue
[2022-12-13T17:06:07.376+0000] {logging_mixin.py:137} INFO - [2022-12-13T17:06:07.376+0000] {dagbag.py:538} INFO - Filling up the DagBag from /opt/airflow/dags/etl/etl.py
[2022-12-13T17:06:07.958+0000] {processor.py:755} WARNING - No viable dags retrieved from /opt/airflow/dags/etl/etl.py
[2022-12-13T17:06:07.974+0000] {processor.py:175} INFO - Processing /opt/airflow/dags/etl/etl.py took 0.604 seconds
[2022-12-13T17:06:38.078+0000] {processor.py:153} INFO - Started process (PID=7152) to work on /opt/airflow/dags/etl/etl.py
[2022-12-13T17:06:38.079+0000] {processor.py:743} INFO - Processing file /opt/airflow/dags/etl/etl.py for tasks to queue
[2022-12-13T17:06:38.079+0000] {logging_mixin.py:137} INFO - [2022-12-13T17:06:38.079+0000] {dagbag.py:538} INFO - Filling up the DagBag from /opt/airflow/dags/etl/etl.py
[2022-12-13T17:06:38.718+0000] {processor.py:755} WARNING - No viable dags retrieved from /opt/airflow/dags/etl/etl.py
[2022-12-13T17:06:38.733+0000] {processor.py:175} INFO - Processing /opt/airflow/dags/etl/etl.py took 0.658 seconds
[2022-12-13T17:07:08.884+0000] {processor.py:153} INFO - Started process (PID=7223) to work on /opt/airflow/dags/etl/etl.py
[2022-12-13T17:07:08.886+0000] {processor.py:743} INFO - Processing file /opt/airflow/dags/etl/etl.py for tasks to queue
[2022-12-13T17:07:08.888+0000] {logging_mixin.py:137} INFO - [2022-12-13T17:07:08.887+0000] {dagbag.py:538} INFO - Filling up the DagBag from /opt/airflow/dags/etl/etl.py
[2022-12-13T17:07:09.435+0000] {processor.py:755} WARNING - No viable dags retrieved from /opt/airflow/dags/etl/etl.py
[2022-12-13T17:07:09.455+0000] {processor.py:175} INFO - Processing /opt/airflow/dags/etl/etl.py took 0.577 seconds
[2022-12-13T17:07:39.765+0000] {processor.py:153} INFO - Started process (PID=7298) to work on /opt/airflow/dags/etl/etl.py
[2022-12-13T17:07:39.767+0000] {processor.py:743} INFO - Processing file /opt/airflow/dags/etl/etl.py for tasks to queue
[2022-12-13T17:07:39.768+0000] {logging_mixin.py:137} INFO - [2022-12-13T17:07:39.768+0000] {dagbag.py:538} INFO - Filling up the DagBag from /opt/airflow/dags/etl/etl.py
[2022-12-13T17:07:40.301+0000] {processor.py:755} WARNING - No viable dags retrieved from /opt/airflow/dags/etl/etl.py
[2022-12-13T17:07:40.326+0000] {processor.py:175} INFO - Processing /opt/airflow/dags/etl/etl.py took 0.565 seconds
[2022-12-13T17:08:10.547+0000] {processor.py:153} INFO - Started process (PID=7366) to work on /opt/airflow/dags/etl/etl.py
[2022-12-13T17:08:10.548+0000] {processor.py:743} INFO - Processing file /opt/airflow/dags/etl/etl.py for tasks to queue
[2022-12-13T17:08:10.549+0000] {logging_mixin.py:137} INFO - [2022-12-13T17:08:10.549+0000] {dagbag.py:538} INFO - Filling up the DagBag from /opt/airflow/dags/etl/etl.py
[2022-12-13T17:08:11.035+0000] {processor.py:755} WARNING - No viable dags retrieved from /opt/airflow/dags/etl/etl.py
[2022-12-13T17:08:11.052+0000] {processor.py:175} INFO - Processing /opt/airflow/dags/etl/etl.py took 0.510 seconds
[2022-12-13T17:08:41.117+0000] {processor.py:153} INFO - Started process (PID=7435) to work on /opt/airflow/dags/etl/etl.py
[2022-12-13T17:08:41.119+0000] {processor.py:743} INFO - Processing file /opt/airflow/dags/etl/etl.py for tasks to queue
[2022-12-13T17:08:41.120+0000] {logging_mixin.py:137} INFO - [2022-12-13T17:08:41.120+0000] {dagbag.py:538} INFO - Filling up the DagBag from /opt/airflow/dags/etl/etl.py
[2022-12-13T17:08:41.668+0000] {processor.py:755} WARNING - No viable dags retrieved from /opt/airflow/dags/etl/etl.py
[2022-12-13T17:08:41.682+0000] {processor.py:175} INFO - Processing /opt/airflow/dags/etl/etl.py took 0.569 seconds
[2022-12-13T17:09:12.104+0000] {processor.py:153} INFO - Started process (PID=7502) to work on /opt/airflow/dags/etl/etl.py
[2022-12-13T17:09:12.105+0000] {processor.py:743} INFO - Processing file /opt/airflow/dags/etl/etl.py for tasks to queue
[2022-12-13T17:09:12.106+0000] {logging_mixin.py:137} INFO - [2022-12-13T17:09:12.106+0000] {dagbag.py:538} INFO - Filling up the DagBag from /opt/airflow/dags/etl/etl.py
[2022-12-13T17:09:12.703+0000] {processor.py:755} WARNING - No viable dags retrieved from /opt/airflow/dags/etl/etl.py
[2022-12-13T17:09:12.718+0000] {processor.py:175} INFO - Processing /opt/airflow/dags/etl/etl.py took 0.617 seconds
[2022-12-13T17:09:42.768+0000] {processor.py:153} INFO - Started process (PID=7569) to work on /opt/airflow/dags/etl/etl.py
[2022-12-13T17:09:42.769+0000] {processor.py:743} INFO - Processing file /opt/airflow/dags/etl/etl.py for tasks to queue
[2022-12-13T17:09:42.770+0000] {logging_mixin.py:137} INFO - [2022-12-13T17:09:42.770+0000] {dagbag.py:538} INFO - Filling up the DagBag from /opt/airflow/dags/etl/etl.py
[2022-12-13T17:09:43.276+0000] {processor.py:755} WARNING - No viable dags retrieved from /opt/airflow/dags/etl/etl.py
[2022-12-13T17:09:43.312+0000] {processor.py:175} INFO - Processing /opt/airflow/dags/etl/etl.py took 0.547 seconds
[2022-12-13T17:10:13.421+0000] {processor.py:153} INFO - Started process (PID=7637) to work on /opt/airflow/dags/etl/etl.py
[2022-12-13T17:10:13.422+0000] {processor.py:743} INFO - Processing file /opt/airflow/dags/etl/etl.py for tasks to queue
[2022-12-13T17:10:13.422+0000] {logging_mixin.py:137} INFO - [2022-12-13T17:10:13.422+0000] {dagbag.py:538} INFO - Filling up the DagBag from /opt/airflow/dags/etl/etl.py
[2022-12-13T17:10:13.905+0000] {processor.py:755} WARNING - No viable dags retrieved from /opt/airflow/dags/etl/etl.py
[2022-12-13T17:10:13.922+0000] {processor.py:175} INFO - Processing /opt/airflow/dags/etl/etl.py took 0.505 seconds
[2022-12-13T17:10:44.078+0000] {processor.py:153} INFO - Started process (PID=7706) to work on /opt/airflow/dags/etl/etl.py
[2022-12-13T17:10:44.083+0000] {processor.py:743} INFO - Processing file /opt/airflow/dags/etl/etl.py for tasks to queue
[2022-12-13T17:10:44.085+0000] {logging_mixin.py:137} INFO - [2022-12-13T17:10:44.085+0000] {dagbag.py:538} INFO - Filling up the DagBag from /opt/airflow/dags/etl/etl.py
[2022-12-13T17:10:45.461+0000] {processor.py:755} WARNING - No viable dags retrieved from /opt/airflow/dags/etl/etl.py
[2022-12-13T17:10:45.488+0000] {processor.py:175} INFO - Processing /opt/airflow/dags/etl/etl.py took 1.420 seconds
[2022-12-13T17:11:15.859+0000] {processor.py:153} INFO - Started process (PID=7772) to work on /opt/airflow/dags/etl/etl.py
[2022-12-13T17:11:15.860+0000] {processor.py:743} INFO - Processing file /opt/airflow/dags/etl/etl.py for tasks to queue
[2022-12-13T17:11:15.861+0000] {logging_mixin.py:137} INFO - [2022-12-13T17:11:15.861+0000] {dagbag.py:538} INFO - Filling up the DagBag from /opt/airflow/dags/etl/etl.py
[2022-12-13T17:11:16.352+0000] {processor.py:755} WARNING - No viable dags retrieved from /opt/airflow/dags/etl/etl.py
[2022-12-13T17:11:16.367+0000] {processor.py:175} INFO - Processing /opt/airflow/dags/etl/etl.py took 0.511 seconds
[2022-12-13T17:11:47.071+0000] {processor.py:153} INFO - Started process (PID=7839) to work on /opt/airflow/dags/etl/etl.py
[2022-12-13T17:11:47.072+0000] {processor.py:743} INFO - Processing file /opt/airflow/dags/etl/etl.py for tasks to queue
[2022-12-13T17:11:47.073+0000] {logging_mixin.py:137} INFO - [2022-12-13T17:11:47.072+0000] {dagbag.py:538} INFO - Filling up the DagBag from /opt/airflow/dags/etl/etl.py
[2022-12-13T17:11:47.602+0000] {processor.py:755} WARNING - No viable dags retrieved from /opt/airflow/dags/etl/etl.py
[2022-12-13T17:11:47.618+0000] {processor.py:175} INFO - Processing /opt/airflow/dags/etl/etl.py took 0.550 seconds
[2022-12-13T17:12:18.232+0000] {processor.py:153} INFO - Started process (PID=7906) to work on /opt/airflow/dags/etl/etl.py
[2022-12-13T17:12:18.232+0000] {processor.py:743} INFO - Processing file /opt/airflow/dags/etl/etl.py for tasks to queue
[2022-12-13T17:12:18.233+0000] {logging_mixin.py:137} INFO - [2022-12-13T17:12:18.233+0000] {dagbag.py:538} INFO - Filling up the DagBag from /opt/airflow/dags/etl/etl.py
[2022-12-13T17:12:18.745+0000] {processor.py:755} WARNING - No viable dags retrieved from /opt/airflow/dags/etl/etl.py
[2022-12-13T17:12:18.781+0000] {processor.py:175} INFO - Processing /opt/airflow/dags/etl/etl.py took 0.553 seconds
[2022-12-13T17:12:48.946+0000] {processor.py:153} INFO - Started process (PID=7974) to work on /opt/airflow/dags/etl/etl.py
[2022-12-13T17:12:48.947+0000] {processor.py:743} INFO - Processing file /opt/airflow/dags/etl/etl.py for tasks to queue
[2022-12-13T17:12:48.948+0000] {logging_mixin.py:137} INFO - [2022-12-13T17:12:48.948+0000] {dagbag.py:538} INFO - Filling up the DagBag from /opt/airflow/dags/etl/etl.py
[2022-12-13T17:12:49.451+0000] {processor.py:755} WARNING - No viable dags retrieved from /opt/airflow/dags/etl/etl.py
[2022-12-13T17:12:49.472+0000] {processor.py:175} INFO - Processing /opt/airflow/dags/etl/etl.py took 0.530 seconds
[2022-12-13T17:13:20.189+0000] {processor.py:153} INFO - Started process (PID=8043) to work on /opt/airflow/dags/etl/etl.py
[2022-12-13T17:13:20.191+0000] {processor.py:743} INFO - Processing file /opt/airflow/dags/etl/etl.py for tasks to queue
[2022-12-13T17:13:20.192+0000] {logging_mixin.py:137} INFO - [2022-12-13T17:13:20.192+0000] {dagbag.py:538} INFO - Filling up the DagBag from /opt/airflow/dags/etl/etl.py
[2022-12-13T17:13:20.704+0000] {processor.py:755} WARNING - No viable dags retrieved from /opt/airflow/dags/etl/etl.py
[2022-12-13T17:13:20.728+0000] {processor.py:175} INFO - Processing /opt/airflow/dags/etl/etl.py took 0.542 seconds
[2022-12-13T17:13:50.820+0000] {processor.py:153} INFO - Started process (PID=8112) to work on /opt/airflow/dags/etl/etl.py
[2022-12-13T17:13:50.821+0000] {processor.py:743} INFO - Processing file /opt/airflow/dags/etl/etl.py for tasks to queue
[2022-12-13T17:13:50.822+0000] {logging_mixin.py:137} INFO - [2022-12-13T17:13:50.822+0000] {dagbag.py:538} INFO - Filling up the DagBag from /opt/airflow/dags/etl/etl.py
[2022-12-13T17:13:51.308+0000] {processor.py:755} WARNING - No viable dags retrieved from /opt/airflow/dags/etl/etl.py
[2022-12-13T17:13:51.324+0000] {processor.py:175} INFO - Processing /opt/airflow/dags/etl/etl.py took 0.508 seconds
[2022-12-13T17:14:21.968+0000] {processor.py:153} INFO - Started process (PID=8179) to work on /opt/airflow/dags/etl/etl.py
[2022-12-13T17:14:21.970+0000] {processor.py:743} INFO - Processing file /opt/airflow/dags/etl/etl.py for tasks to queue
[2022-12-13T17:14:21.971+0000] {logging_mixin.py:137} INFO - [2022-12-13T17:14:21.971+0000] {dagbag.py:538} INFO - Filling up the DagBag from /opt/airflow/dags/etl/etl.py
[2022-12-13T17:14:22.474+0000] {processor.py:755} WARNING - No viable dags retrieved from /opt/airflow/dags/etl/etl.py
[2022-12-13T17:14:22.513+0000] {processor.py:175} INFO - Processing /opt/airflow/dags/etl/etl.py took 0.547 seconds
[2022-12-13T17:14:53.380+0000] {processor.py:153} INFO - Started process (PID=8246) to work on /opt/airflow/dags/etl/etl.py
[2022-12-13T17:14:53.382+0000] {processor.py:743} INFO - Processing file /opt/airflow/dags/etl/etl.py for tasks to queue
[2022-12-13T17:14:53.384+0000] {logging_mixin.py:137} INFO - [2022-12-13T17:14:53.383+0000] {dagbag.py:538} INFO - Filling up the DagBag from /opt/airflow/dags/etl/etl.py
[2022-12-13T17:14:53.907+0000] {processor.py:755} WARNING - No viable dags retrieved from /opt/airflow/dags/etl/etl.py
[2022-12-13T17:14:53.944+0000] {processor.py:175} INFO - Processing /opt/airflow/dags/etl/etl.py took 0.567 seconds
[2022-12-13T17:15:24.540+0000] {processor.py:153} INFO - Started process (PID=8314) to work on /opt/airflow/dags/etl/etl.py
[2022-12-13T17:15:24.542+0000] {processor.py:743} INFO - Processing file /opt/airflow/dags/etl/etl.py for tasks to queue
[2022-12-13T17:15:24.543+0000] {logging_mixin.py:137} INFO - [2022-12-13T17:15:24.543+0000] {dagbag.py:538} INFO - Filling up the DagBag from /opt/airflow/dags/etl/etl.py
[2022-12-13T17:15:25.035+0000] {processor.py:755} WARNING - No viable dags retrieved from /opt/airflow/dags/etl/etl.py
[2022-12-13T17:15:25.059+0000] {processor.py:175} INFO - Processing /opt/airflow/dags/etl/etl.py took 0.522 seconds
[2022-12-13T17:15:55.120+0000] {processor.py:153} INFO - Started process (PID=8381) to work on /opt/airflow/dags/etl/etl.py
[2022-12-13T17:15:55.122+0000] {processor.py:743} INFO - Processing file /opt/airflow/dags/etl/etl.py for tasks to queue
[2022-12-13T17:15:55.123+0000] {logging_mixin.py:137} INFO - [2022-12-13T17:15:55.123+0000] {dagbag.py:538} INFO - Filling up the DagBag from /opt/airflow/dags/etl/etl.py
[2022-12-13T17:15:56.064+0000] {processor.py:755} WARNING - No viable dags retrieved from /opt/airflow/dags/etl/etl.py
[2022-12-13T17:15:56.095+0000] {processor.py:175} INFO - Processing /opt/airflow/dags/etl/etl.py took 0.981 seconds
[2022-12-13T17:16:26.938+0000] {processor.py:153} INFO - Started process (PID=8450) to work on /opt/airflow/dags/etl/etl.py
[2022-12-13T17:16:26.950+0000] {processor.py:743} INFO - Processing file /opt/airflow/dags/etl/etl.py for tasks to queue
[2022-12-13T17:16:26.952+0000] {logging_mixin.py:137} INFO - [2022-12-13T17:16:26.952+0000] {dagbag.py:538} INFO - Filling up the DagBag from /opt/airflow/dags/etl/etl.py
[2022-12-13T17:16:27.427+0000] {processor.py:755} WARNING - No viable dags retrieved from /opt/airflow/dags/etl/etl.py
[2022-12-13T17:16:27.442+0000] {processor.py:175} INFO - Processing /opt/airflow/dags/etl/etl.py took 0.508 seconds
[2022-12-13T17:16:57.542+0000] {processor.py:153} INFO - Started process (PID=8520) to work on /opt/airflow/dags/etl/etl.py
[2022-12-13T17:16:57.544+0000] {processor.py:743} INFO - Processing file /opt/airflow/dags/etl/etl.py for tasks to queue
[2022-12-13T17:16:57.545+0000] {logging_mixin.py:137} INFO - [2022-12-13T17:16:57.544+0000] {dagbag.py:538} INFO - Filling up the DagBag from /opt/airflow/dags/etl/etl.py
[2022-12-13T17:16:58.004+0000] {processor.py:755} WARNING - No viable dags retrieved from /opt/airflow/dags/etl/etl.py
[2022-12-13T17:16:58.024+0000] {processor.py:175} INFO - Processing /opt/airflow/dags/etl/etl.py took 0.484 seconds
[2022-12-13T17:17:28.598+0000] {processor.py:153} INFO - Started process (PID=8594) to work on /opt/airflow/dags/etl/etl.py
[2022-12-13T17:17:28.599+0000] {processor.py:743} INFO - Processing file /opt/airflow/dags/etl/etl.py for tasks to queue
[2022-12-13T17:17:28.600+0000] {logging_mixin.py:137} INFO - [2022-12-13T17:17:28.600+0000] {dagbag.py:538} INFO - Filling up the DagBag from /opt/airflow/dags/etl/etl.py
[2022-12-13T17:17:29.097+0000] {processor.py:755} WARNING - No viable dags retrieved from /opt/airflow/dags/etl/etl.py
[2022-12-13T17:17:29.114+0000] {processor.py:175} INFO - Processing /opt/airflow/dags/etl/etl.py took 0.520 seconds
[2022-12-13T17:17:59.252+0000] {processor.py:153} INFO - Started process (PID=8664) to work on /opt/airflow/dags/etl/etl.py
[2022-12-13T17:17:59.254+0000] {processor.py:743} INFO - Processing file /opt/airflow/dags/etl/etl.py for tasks to queue
[2022-12-13T17:17:59.255+0000] {logging_mixin.py:137} INFO - [2022-12-13T17:17:59.255+0000] {dagbag.py:538} INFO - Filling up the DagBag from /opt/airflow/dags/etl/etl.py
[2022-12-13T17:17:59.869+0000] {processor.py:755} WARNING - No viable dags retrieved from /opt/airflow/dags/etl/etl.py
[2022-12-13T17:17:59.884+0000] {processor.py:175} INFO - Processing /opt/airflow/dags/etl/etl.py took 0.635 seconds
[2022-12-13T17:18:30.267+0000] {processor.py:153} INFO - Started process (PID=8732) to work on /opt/airflow/dags/etl/etl.py
[2022-12-13T17:18:30.268+0000] {processor.py:743} INFO - Processing file /opt/airflow/dags/etl/etl.py for tasks to queue
[2022-12-13T17:18:30.269+0000] {logging_mixin.py:137} INFO - [2022-12-13T17:18:30.269+0000] {dagbag.py:538} INFO - Filling up the DagBag from /opt/airflow/dags/etl/etl.py
[2022-12-13T17:18:30.842+0000] {processor.py:755} WARNING - No viable dags retrieved from /opt/airflow/dags/etl/etl.py
[2022-12-13T17:18:30.862+0000] {processor.py:175} INFO - Processing /opt/airflow/dags/etl/etl.py took 0.598 seconds
[2022-12-13T17:19:01.124+0000] {processor.py:153} INFO - Started process (PID=8800) to work on /opt/airflow/dags/etl/etl.py
[2022-12-13T17:19:01.127+0000] {processor.py:743} INFO - Processing file /opt/airflow/dags/etl/etl.py for tasks to queue
[2022-12-13T17:19:01.128+0000] {logging_mixin.py:137} INFO - [2022-12-13T17:19:01.128+0000] {dagbag.py:538} INFO - Filling up the DagBag from /opt/airflow/dags/etl/etl.py
[2022-12-13T17:19:01.712+0000] {processor.py:755} WARNING - No viable dags retrieved from /opt/airflow/dags/etl/etl.py
[2022-12-13T17:19:01.730+0000] {processor.py:175} INFO - Processing /opt/airflow/dags/etl/etl.py took 0.610 seconds
[2022-12-13T17:19:31.860+0000] {processor.py:153} INFO - Started process (PID=8870) to work on /opt/airflow/dags/etl/etl.py
[2022-12-13T17:19:31.861+0000] {processor.py:743} INFO - Processing file /opt/airflow/dags/etl/etl.py for tasks to queue
[2022-12-13T17:19:31.862+0000] {logging_mixin.py:137} INFO - [2022-12-13T17:19:31.862+0000] {dagbag.py:538} INFO - Filling up the DagBag from /opt/airflow/dags/etl/etl.py
[2022-12-13T17:19:32.379+0000] {processor.py:755} WARNING - No viable dags retrieved from /opt/airflow/dags/etl/etl.py
[2022-12-13T17:19:32.395+0000] {processor.py:175} INFO - Processing /opt/airflow/dags/etl/etl.py took 0.538 seconds
[2022-12-13T17:20:02.493+0000] {processor.py:153} INFO - Started process (PID=8940) to work on /opt/airflow/dags/etl/etl.py
[2022-12-13T17:20:02.495+0000] {processor.py:743} INFO - Processing file /opt/airflow/dags/etl/etl.py for tasks to queue
[2022-12-13T17:20:02.496+0000] {logging_mixin.py:137} INFO - [2022-12-13T17:20:02.496+0000] {dagbag.py:538} INFO - Filling up the DagBag from /opt/airflow/dags/etl/etl.py
[2022-12-13T17:20:02.950+0000] {processor.py:755} WARNING - No viable dags retrieved from /opt/airflow/dags/etl/etl.py
[2022-12-13T17:20:02.964+0000] {processor.py:175} INFO - Processing /opt/airflow/dags/etl/etl.py took 0.475 seconds
[2022-12-13T17:20:33.329+0000] {processor.py:153} INFO - Started process (PID=9008) to work on /opt/airflow/dags/etl/etl.py
[2022-12-13T17:20:33.330+0000] {processor.py:743} INFO - Processing file /opt/airflow/dags/etl/etl.py for tasks to queue
[2022-12-13T17:20:33.332+0000] {logging_mixin.py:137} INFO - [2022-12-13T17:20:33.332+0000] {dagbag.py:538} INFO - Filling up the DagBag from /opt/airflow/dags/etl/etl.py
[2022-12-13T17:20:33.822+0000] {processor.py:755} WARNING - No viable dags retrieved from /opt/airflow/dags/etl/etl.py
[2022-12-13T17:20:33.839+0000] {processor.py:175} INFO - Processing /opt/airflow/dags/etl/etl.py took 0.513 seconds
[2022-12-13T17:21:03.972+0000] {processor.py:153} INFO - Started process (PID=9076) to work on /opt/airflow/dags/etl/etl.py
[2022-12-13T17:21:03.973+0000] {processor.py:743} INFO - Processing file /opt/airflow/dags/etl/etl.py for tasks to queue
[2022-12-13T17:21:03.975+0000] {logging_mixin.py:137} INFO - [2022-12-13T17:21:03.975+0000] {dagbag.py:538} INFO - Filling up the DagBag from /opt/airflow/dags/etl/etl.py
[2022-12-13T17:21:04.440+0000] {processor.py:755} WARNING - No viable dags retrieved from /opt/airflow/dags/etl/etl.py
[2022-12-13T17:21:04.460+0000] {processor.py:175} INFO - Processing /opt/airflow/dags/etl/etl.py took 0.491 seconds
[2022-12-13T17:21:34.860+0000] {processor.py:153} INFO - Started process (PID=9146) to work on /opt/airflow/dags/etl/etl.py
[2022-12-13T17:21:34.862+0000] {processor.py:743} INFO - Processing file /opt/airflow/dags/etl/etl.py for tasks to queue
[2022-12-13T17:21:34.863+0000] {logging_mixin.py:137} INFO - [2022-12-13T17:21:34.863+0000] {dagbag.py:538} INFO - Filling up the DagBag from /opt/airflow/dags/etl/etl.py
[2022-12-13T17:21:35.511+0000] {processor.py:755} WARNING - No viable dags retrieved from /opt/airflow/dags/etl/etl.py
[2022-12-13T17:21:35.528+0000] {processor.py:175} INFO - Processing /opt/airflow/dags/etl/etl.py took 0.671 seconds
[2022-12-13T17:22:06.162+0000] {processor.py:153} INFO - Started process (PID=9215) to work on /opt/airflow/dags/etl/etl.py
[2022-12-13T17:22:06.163+0000] {processor.py:743} INFO - Processing file /opt/airflow/dags/etl/etl.py for tasks to queue
[2022-12-13T17:22:06.164+0000] {logging_mixin.py:137} INFO - [2022-12-13T17:22:06.164+0000] {dagbag.py:538} INFO - Filling up the DagBag from /opt/airflow/dags/etl/etl.py
[2022-12-13T17:22:06.629+0000] {processor.py:755} WARNING - No viable dags retrieved from /opt/airflow/dags/etl/etl.py
[2022-12-13T17:22:06.642+0000] {processor.py:175} INFO - Processing /opt/airflow/dags/etl/etl.py took 0.483 seconds
[2022-12-13T17:22:37.128+0000] {processor.py:153} INFO - Started process (PID=9283) to work on /opt/airflow/dags/etl/etl.py
[2022-12-13T17:22:37.130+0000] {processor.py:743} INFO - Processing file /opt/airflow/dags/etl/etl.py for tasks to queue
[2022-12-13T17:22:37.131+0000] {logging_mixin.py:137} INFO - [2022-12-13T17:22:37.131+0000] {dagbag.py:538} INFO - Filling up the DagBag from /opt/airflow/dags/etl/etl.py
[2022-12-13T17:22:37.688+0000] {processor.py:755} WARNING - No viable dags retrieved from /opt/airflow/dags/etl/etl.py
[2022-12-13T17:22:37.703+0000] {processor.py:175} INFO - Processing /opt/airflow/dags/etl/etl.py took 0.578 seconds
[2022-12-13T17:23:08.173+0000] {processor.py:153} INFO - Started process (PID=9350) to work on /opt/airflow/dags/etl/etl.py
[2022-12-13T17:23:08.173+0000] {processor.py:743} INFO - Processing file /opt/airflow/dags/etl/etl.py for tasks to queue
[2022-12-13T17:23:08.174+0000] {logging_mixin.py:137} INFO - [2022-12-13T17:23:08.174+0000] {dagbag.py:538} INFO - Filling up the DagBag from /opt/airflow/dags/etl/etl.py
[2022-12-13T17:23:08.644+0000] {processor.py:755} WARNING - No viable dags retrieved from /opt/airflow/dags/etl/etl.py
[2022-12-13T17:23:08.658+0000] {processor.py:175} INFO - Processing /opt/airflow/dags/etl/etl.py took 0.489 seconds
[2022-12-13T17:23:38.865+0000] {processor.py:153} INFO - Started process (PID=9418) to work on /opt/airflow/dags/etl/etl.py
[2022-12-13T17:23:38.867+0000] {processor.py:743} INFO - Processing file /opt/airflow/dags/etl/etl.py for tasks to queue
[2022-12-13T17:23:38.868+0000] {logging_mixin.py:137} INFO - [2022-12-13T17:23:38.868+0000] {dagbag.py:538} INFO - Filling up the DagBag from /opt/airflow/dags/etl/etl.py
[2022-12-13T17:23:39.362+0000] {processor.py:755} WARNING - No viable dags retrieved from /opt/airflow/dags/etl/etl.py
[2022-12-13T17:23:39.443+0000] {processor.py:175} INFO - Processing /opt/airflow/dags/etl/etl.py took 0.582 seconds
