[2022-12-14T14:38:14.165+0000] {taskinstance.py:1087} INFO - Dependencies all met for <TaskInstance: bus_pos_etl.load_to_bq manual__2022-12-14T14:37:59.520181+00:00 [queued]>
[2022-12-14T14:38:14.179+0000] {taskinstance.py:1087} INFO - Dependencies all met for <TaskInstance: bus_pos_etl.load_to_bq manual__2022-12-14T14:37:59.520181+00:00 [queued]>
[2022-12-14T14:38:14.179+0000] {taskinstance.py:1283} INFO - 
--------------------------------------------------------------------------------
[2022-12-14T14:38:14.179+0000] {taskinstance.py:1284} INFO - Starting attempt 1 of 1
[2022-12-14T14:38:14.179+0000] {taskinstance.py:1285} INFO - 
--------------------------------------------------------------------------------
[2022-12-14T14:38:14.197+0000] {taskinstance.py:1304} INFO - Executing <Task(GCSToBigQueryOperator): load_to_bq> on 2022-12-14 14:37:59.520181+00:00
[2022-12-14T14:38:14.209+0000] {standard_task_runner.py:55} INFO - Started process 12867 to run task
[2022-12-14T14:38:14.212+0000] {standard_task_runner.py:82} INFO - Running: ['***', 'tasks', 'run', 'bus_pos_etl', 'load_to_bq', 'manual__2022-12-14T14:37:59.520181+00:00', '--job-id', '70', '--raw', '--subdir', 'DAGS_FOLDER/dag_etl_bus_loc.py', '--cfg-path', '/tmp/tmp37628t6z']
[2022-12-14T14:38:14.213+0000] {standard_task_runner.py:83} INFO - Job 70: Subtask load_to_bq
[2022-12-14T14:38:14.282+0000] {task_command.py:389} INFO - Running <TaskInstance: bus_pos_etl.load_to_bq manual__2022-12-14T14:37:59.520181+00:00 [running]> on host 1f859f359fd5
[2022-12-14T14:38:14.364+0000] {taskinstance.py:1513} INFO - Exporting the following env vars:
AIRFLOW_CTX_DAG_OWNER=noe
AIRFLOW_CTX_DAG_ID=bus_pos_etl
AIRFLOW_CTX_TASK_ID=load_to_bq
AIRFLOW_CTX_EXECUTION_DATE=2022-12-14T14:37:59.520181+00:00
AIRFLOW_CTX_TRY_NUMBER=1
AIRFLOW_CTX_DAG_RUN_ID=manual__2022-12-14T14:37:59.520181+00:00
[2022-12-14T14:38:14.376+0000] {base.py:73} INFO - Using connection ID 'google_cloud_default' for task execution.
[2022-12-14T14:38:14.388+0000] {base.py:73} INFO - Using connection ID 'google_cloud_default' for task execution.
[2022-12-14T14:38:14.388+0000] {gcs_to_bigquery.py:367} INFO - Using existing BigQuery table for storing data...
[2022-12-14T14:38:14.400+0000] {base.py:73} INFO - Using connection ID 'google_cloud_default' for task execution.
[2022-12-14T14:38:18.680+0000] {gcs_to_bigquery.py:397} INFO - Executing: {'load': {'autodetect': True, 'createDisposition': 'CREATE_IF_NEEDED', 'destinationTable': {'projectId': 'midyear-cursor-371415', 'datasetId': 'bus_dataset', 'tableId': 'staging__bus_loc'}, 'destinationTableProperties': {'description': None, 'labels': None}, 'sourceFormat': 'CSV', 'skipLeadingRows': 1, 'sourceUris': ['gs://etl-***-bus-bucket/bus_pos.csv'], 'writeDisposition': 'WRITE_APPEND', 'ignoreUnknownValues': False, 'allowQuotedNewlines': False, 'encoding': 'UTF-8'}}
[2022-12-14T14:38:18.681+0000] {bigquery.py:1539} INFO - Inserting job ***_bus_pos_etl_load_to_bq_2022_12_14T14_37_59_520181_00_00_cad9c85e677dd4426d769c63edff9a7d
[2022-12-14T14:38:28.103+0000] {base.py:73} INFO - Using connection ID 'google_cloud_default' for task execution.
[2022-12-14T14:38:28.117+0000] {taskinstance.py:1327} INFO - Marking task as SUCCESS. dag_id=bus_pos_etl, task_id=load_to_bq, execution_date=20221214T143759, start_date=20221214T143814, end_date=20221214T143828
[2022-12-14T14:38:28.585+0000] {local_task_job.py:159} INFO - Task exited with return code 0
[2022-12-14T14:38:28.612+0000] {taskinstance.py:2582} INFO - 0 downstream tasks scheduled from follow-on schedule check
