[2022-12-13T17:05:53.599+0000] {taskinstance.py:1087} INFO - Dependencies all met for <TaskInstance: incident_etl.load_to_bq manual__2022-12-13T17:05:43.124894+00:00 [queued]>
[2022-12-13T17:05:53.612+0000] {taskinstance.py:1087} INFO - Dependencies all met for <TaskInstance: incident_etl.load_to_bq manual__2022-12-13T17:05:43.124894+00:00 [queued]>
[2022-12-13T17:05:53.612+0000] {taskinstance.py:1283} INFO - 
--------------------------------------------------------------------------------
[2022-12-13T17:05:53.612+0000] {taskinstance.py:1284} INFO - Starting attempt 1 of 1
[2022-12-13T17:05:53.613+0000] {taskinstance.py:1285} INFO - 
--------------------------------------------------------------------------------
[2022-12-13T17:05:53.631+0000] {taskinstance.py:1304} INFO - Executing <Task(GCSToBigQueryOperator): load_to_bq> on 2022-12-13 17:05:43.124894+00:00
[2022-12-13T17:05:53.650+0000] {standard_task_runner.py:55} INFO - Started process 2718 to run task
[2022-12-13T17:05:53.694+0000] {standard_task_runner.py:82} INFO - Running: ['***', 'tasks', 'run', 'incident_etl', 'load_to_bq', 'manual__2022-12-13T17:05:43.124894+00:00', '--job-id', '32', '--raw', '--subdir', 'DAGS_FOLDER/dag_etl_incident.py', '--cfg-path', '/tmp/tmpmg05np3y']
[2022-12-13T17:05:53.735+0000] {standard_task_runner.py:83} INFO - Job 32: Subtask load_to_bq
[2022-12-13T17:05:53.933+0000] {task_command.py:389} INFO - Running <TaskInstance: incident_etl.load_to_bq manual__2022-12-13T17:05:43.124894+00:00 [running]> on host ff6f332d28b5
[2022-12-13T17:05:54.087+0000] {taskinstance.py:1513} INFO - Exporting the following env vars:
AIRFLOW_CTX_DAG_OWNER=noe
AIRFLOW_CTX_DAG_ID=incident_etl
AIRFLOW_CTX_TASK_ID=load_to_bq
AIRFLOW_CTX_EXECUTION_DATE=2022-12-13T17:05:43.124894+00:00
AIRFLOW_CTX_TRY_NUMBER=1
AIRFLOW_CTX_DAG_RUN_ID=manual__2022-12-13T17:05:43.124894+00:00
[2022-12-13T17:05:54.100+0000] {base.py:73} INFO - Using connection ID 'google_cloud_default' for task execution.
[2022-12-13T17:05:54.114+0000] {base.py:73} INFO - Using connection ID 'google_cloud_default' for task execution.
[2022-12-13T17:05:54.115+0000] {gcs_to_bigquery.py:367} INFO - Using existing BigQuery table for storing data...
[2022-12-13T17:05:54.131+0000] {base.py:73} INFO - Using connection ID 'google_cloud_default' for task execution.
[2022-12-13T17:05:54.427+0000] {gcs_to_bigquery.py:397} INFO - Executing: {'load': {'autodetect': True, 'createDisposition': 'CREATE_IF_NEEDED', 'destinationTable': {'projectId': 'midyear-cursor-371415', 'datasetId': 'bus_dataset', 'tableId': 'staging__incident'}, 'destinationTableProperties': {'description': None, 'labels': None}, 'sourceFormat': 'CSV', 'skipLeadingRows': 1, 'sourceUris': ['gs://etl-***-bus-bucket/bus_incident.csv'], 'writeDisposition': 'WRITE_EMPTY', 'ignoreUnknownValues': False, 'allowQuotedNewlines': False, 'encoding': 'UTF-8'}}
[2022-12-13T17:05:54.430+0000] {bigquery.py:1539} INFO - Inserting job ***_incident_etl_load_to_bq_2022_12_13T17_05_43_124894_00_00_c4c02c444771d0ae7be2c4db00eec6ef
[2022-12-13T17:06:01.387+0000] {base.py:73} INFO - Using connection ID 'google_cloud_default' for task execution.
[2022-12-13T17:06:01.400+0000] {taskinstance.py:1327} INFO - Marking task as SUCCESS. dag_id=incident_etl, task_id=load_to_bq, execution_date=20221213T170543, start_date=20221213T170553, end_date=20221213T170601
[2022-12-13T17:06:01.431+0000] {local_task_job.py:159} INFO - Task exited with return code 0
[2022-12-13T17:06:01.450+0000] {taskinstance.py:2582} INFO - 0 downstream tasks scheduled from follow-on schedule check
