[2022-12-14T15:02:44.220+0000] {taskinstance.py:1087} INFO - Dependencies all met for <TaskInstance: bus_pos_etl.etl_bus_loc manual__2022-12-14T15:02:38.599054+00:00 [queued]>
[2022-12-14T15:02:44.241+0000] {taskinstance.py:1087} INFO - Dependencies all met for <TaskInstance: bus_pos_etl.etl_bus_loc manual__2022-12-14T15:02:38.599054+00:00 [queued]>
[2022-12-14T15:02:44.242+0000] {taskinstance.py:1283} INFO - 
--------------------------------------------------------------------------------
[2022-12-14T15:02:44.242+0000] {taskinstance.py:1284} INFO - Starting attempt 1 of 1
[2022-12-14T15:02:44.242+0000] {taskinstance.py:1285} INFO - 
--------------------------------------------------------------------------------
[2022-12-14T15:02:44.272+0000] {taskinstance.py:1304} INFO - Executing <Task(BashOperator): etl_bus_loc> on 2022-12-14 15:02:38.599054+00:00
[2022-12-14T15:02:44.291+0000] {standard_task_runner.py:55} INFO - Started process 24072 to run task
[2022-12-14T15:02:44.295+0000] {standard_task_runner.py:82} INFO - Running: ['***', 'tasks', 'run', 'bus_pos_etl', 'etl_bus_loc', 'manual__2022-12-14T15:02:38.599054+00:00', '--job-id', '75', '--raw', '--subdir', 'DAGS_FOLDER/dag_etl_bus_loc.py', '--cfg-path', '/tmp/tmpjsvo3j28']
[2022-12-14T15:02:44.301+0000] {standard_task_runner.py:83} INFO - Job 75: Subtask etl_bus_loc
[2022-12-14T15:02:44.497+0000] {task_command.py:389} INFO - Running <TaskInstance: bus_pos_etl.etl_bus_loc manual__2022-12-14T15:02:38.599054+00:00 [running]> on host 1f859f359fd5
[2022-12-14T15:02:44.650+0000] {taskinstance.py:1513} INFO - Exporting the following env vars:
AIRFLOW_CTX_DAG_OWNER=noe
AIRFLOW_CTX_DAG_ID=bus_pos_etl
AIRFLOW_CTX_TASK_ID=etl_bus_loc
AIRFLOW_CTX_EXECUTION_DATE=2022-12-14T15:02:38.599054+00:00
AIRFLOW_CTX_TRY_NUMBER=1
AIRFLOW_CTX_DAG_RUN_ID=manual__2022-12-14T15:02:38.599054+00:00
[2022-12-14T15:02:44.654+0000] {subprocess.py:63} INFO - Tmp dir root location: 
 /tmp
[2022-12-14T15:02:44.656+0000] {subprocess.py:75} INFO - Running command: ['/bin/bash', '-c', 'python /opt/***/dags/etl/etl.py']
[2022-12-14T15:02:44.712+0000] {subprocess.py:86} INFO - Output:
[2022-12-14T15:02:57.333+0000] {subprocess.py:93} INFO - bus_pos.csv création du blob en cours
[2022-12-14T15:02:57.334+0000] {subprocess.py:93} INFO - blob créé
[2022-12-14T15:02:57.335+0000] {subprocess.py:93} INFO - upload du csv vers le blob en cours
[2022-12-14T15:02:57.522+0000] {subprocess.py:97} INFO - Command exited with return code 0
[2022-12-14T15:02:57.559+0000] {taskinstance.py:1327} INFO - Marking task as SUCCESS. dag_id=bus_pos_etl, task_id=etl_bus_loc, execution_date=20221214T150238, start_date=20221214T150244, end_date=20221214T150257
[2022-12-14T15:02:58.034+0000] {local_task_job.py:159} INFO - Task exited with return code 0
[2022-12-14T15:02:58.095+0000] {taskinstance.py:2582} INFO - 1 downstream tasks scheduled from follow-on schedule check
