[2022-12-13T17:08:49.288+0000] {taskinstance.py:1087} INFO - Dependencies all met for <TaskInstance: incident_etl.load_to_bq manual__2022-12-13T17:08:42.066370+00:00 [queued]>
[2022-12-13T17:08:49.301+0000] {taskinstance.py:1087} INFO - Dependencies all met for <TaskInstance: incident_etl.load_to_bq manual__2022-12-13T17:08:42.066370+00:00 [queued]>
[2022-12-13T17:08:49.302+0000] {taskinstance.py:1283} INFO - 
--------------------------------------------------------------------------------
[2022-12-13T17:08:49.302+0000] {taskinstance.py:1284} INFO - Starting attempt 1 of 1
[2022-12-13T17:08:49.302+0000] {taskinstance.py:1285} INFO - 
--------------------------------------------------------------------------------
[2022-12-13T17:08:49.318+0000] {taskinstance.py:1304} INFO - Executing <Task(GCSToBigQueryOperator): load_to_bq> on 2022-12-13 17:08:42.066370+00:00
[2022-12-13T17:08:49.327+0000] {standard_task_runner.py:55} INFO - Started process 2938 to run task
[2022-12-13T17:08:49.331+0000] {standard_task_runner.py:82} INFO - Running: ['***', 'tasks', 'run', 'incident_etl', 'load_to_bq', 'manual__2022-12-13T17:08:42.066370+00:00', '--job-id', '40', '--raw', '--subdir', 'DAGS_FOLDER/dag_etl_incident.py', '--cfg-path', '/tmp/tmphfhoakai']
[2022-12-13T17:08:49.333+0000] {standard_task_runner.py:83} INFO - Job 40: Subtask load_to_bq
[2022-12-13T17:08:49.417+0000] {task_command.py:389} INFO - Running <TaskInstance: incident_etl.load_to_bq manual__2022-12-13T17:08:42.066370+00:00 [running]> on host ff6f332d28b5
[2022-12-13T17:08:49.523+0000] {taskinstance.py:1513} INFO - Exporting the following env vars:
AIRFLOW_CTX_DAG_OWNER=noe
AIRFLOW_CTX_DAG_ID=incident_etl
AIRFLOW_CTX_TASK_ID=load_to_bq
AIRFLOW_CTX_EXECUTION_DATE=2022-12-13T17:08:42.066370+00:00
AIRFLOW_CTX_TRY_NUMBER=1
AIRFLOW_CTX_DAG_RUN_ID=manual__2022-12-13T17:08:42.066370+00:00
[2022-12-13T17:08:49.537+0000] {base.py:73} INFO - Using connection ID 'google_cloud_default' for task execution.
[2022-12-13T17:08:49.550+0000] {base.py:73} INFO - Using connection ID 'google_cloud_default' for task execution.
[2022-12-13T17:08:49.551+0000] {gcs_to_bigquery.py:367} INFO - Using existing BigQuery table for storing data...
[2022-12-13T17:08:49.563+0000] {base.py:73} INFO - Using connection ID 'google_cloud_default' for task execution.
[2022-12-13T17:08:49.777+0000] {gcs_to_bigquery.py:397} INFO - Executing: {'load': {'autodetect': True, 'createDisposition': 'CREATE_IF_NEEDED', 'destinationTable': {'projectId': 'midyear-cursor-371415', 'datasetId': 'bus_dataset', 'tableId': 'staging__incident'}, 'destinationTableProperties': {'description': None, 'labels': None}, 'sourceFormat': 'CSV', 'skipLeadingRows': 1, 'sourceUris': ['gs://etl-***-bus-bucket/bus_incident.csv'], 'writeDisposition': 'WRITE_APPEND', 'ignoreUnknownValues': False, 'allowQuotedNewlines': False, 'encoding': 'UTF-8'}}
[2022-12-13T17:08:49.778+0000] {bigquery.py:1539} INFO - Inserting job ***_incident_etl_load_to_bq_2022_12_13T17_08_42_066370_00_00_822ba95a1fc94711cb0506a784d9a92c
[2022-12-13T17:08:59.755+0000] {base.py:73} INFO - Using connection ID 'google_cloud_default' for task execution.
[2022-12-13T17:08:59.767+0000] {taskinstance.py:1327} INFO - Marking task as SUCCESS. dag_id=incident_etl, task_id=load_to_bq, execution_date=20221213T170842, start_date=20221213T170849, end_date=20221213T170859
[2022-12-13T17:08:59.801+0000] {local_task_job.py:159} INFO - Task exited with return code 0
[2022-12-13T17:08:59.820+0000] {taskinstance.py:2582} INFO - 0 downstream tasks scheduled from follow-on schedule check
