[2022-12-14T15:50:58.945+0000] {taskinstance.py:1087} INFO - Dependencies all met for <TaskInstance: incident_etl.load_to_bq manual__2022-12-14T15:50:37.220865+00:00 [queued]>
[2022-12-14T15:50:58.969+0000] {taskinstance.py:1087} INFO - Dependencies all met for <TaskInstance: incident_etl.load_to_bq manual__2022-12-14T15:50:37.220865+00:00 [queued]>
[2022-12-14T15:50:58.970+0000] {taskinstance.py:1283} INFO - 
--------------------------------------------------------------------------------
[2022-12-14T15:50:58.970+0000] {taskinstance.py:1284} INFO - Starting attempt 1 of 1
[2022-12-14T15:50:58.970+0000] {taskinstance.py:1285} INFO - 
--------------------------------------------------------------------------------
[2022-12-14T15:50:58.992+0000] {taskinstance.py:1304} INFO - Executing <Task(GCSToBigQueryOperator): load_to_bq> on 2022-12-14 15:50:37.220865+00:00
[2022-12-14T15:50:59.003+0000] {standard_task_runner.py:55} INFO - Started process 12917 to run task
[2022-12-14T15:50:59.010+0000] {standard_task_runner.py:82} INFO - Running: ['***', 'tasks', 'run', 'incident_etl', 'load_to_bq', 'manual__2022-12-14T15:50:37.220865+00:00', '--job-id', '88', '--raw', '--subdir', 'DAGS_FOLDER/dag_etl_incident.py', '--cfg-path', '/tmp/tmp3l780dfk']
[2022-12-14T15:50:59.013+0000] {standard_task_runner.py:83} INFO - Job 88: Subtask load_to_bq
[2022-12-14T15:50:59.216+0000] {task_command.py:389} INFO - Running <TaskInstance: incident_etl.load_to_bq manual__2022-12-14T15:50:37.220865+00:00 [running]> on host 1f859f359fd5
[2022-12-14T15:50:59.341+0000] {taskinstance.py:1513} INFO - Exporting the following env vars:
AIRFLOW_CTX_DAG_OWNER=noe
AIRFLOW_CTX_DAG_ID=incident_etl
AIRFLOW_CTX_TASK_ID=load_to_bq
AIRFLOW_CTX_EXECUTION_DATE=2022-12-14T15:50:37.220865+00:00
AIRFLOW_CTX_TRY_NUMBER=1
AIRFLOW_CTX_DAG_RUN_ID=manual__2022-12-14T15:50:37.220865+00:00
[2022-12-14T15:50:59.358+0000] {base.py:73} INFO - Using connection ID 'google_cloud_default' for task execution.
[2022-12-14T15:50:59.375+0000] {base.py:73} INFO - Using connection ID 'google_cloud_default' for task execution.
[2022-12-14T15:50:59.377+0000] {gcs_to_bigquery.py:367} INFO - Using existing BigQuery table for storing data...
[2022-12-14T15:50:59.393+0000] {base.py:73} INFO - Using connection ID 'google_cloud_default' for task execution.
[2022-12-14T15:51:12.787+0000] {gcs_to_bigquery.py:397} INFO - Executing: {'load': {'autodetect': True, 'createDisposition': 'CREATE_IF_NEEDED', 'destinationTable': {'projectId': 'midyear-cursor-371415', 'datasetId': 'bus_dataset', 'tableId': 'staging__incident'}, 'destinationTableProperties': {'description': None, 'labels': None}, 'sourceFormat': 'CSV', 'skipLeadingRows': 1, 'sourceUris': ['gs://etl-***-incident-bucket/bus_incident.csv'], 'writeDisposition': 'WRITE_TRUNCATE', 'ignoreUnknownValues': False, 'allowQuotedNewlines': False, 'encoding': 'UTF-8'}}
[2022-12-14T15:51:12.789+0000] {bigquery.py:1539} INFO - Inserting job ***_incident_etl_load_to_bq_2022_12_14T15_50_37_220865_00_00_db13692343d65e561bf8b0bd5a478148
[2022-12-14T15:51:19.007+0000] {base.py:73} INFO - Using connection ID 'google_cloud_default' for task execution.
[2022-12-14T15:51:19.028+0000] {taskinstance.py:1327} INFO - Marking task as SUCCESS. dag_id=incident_etl, task_id=load_to_bq, execution_date=20221214T155037, start_date=20221214T155058, end_date=20221214T155119
[2022-12-14T15:51:19.846+0000] {local_task_job.py:159} INFO - Task exited with return code 0
[2022-12-14T15:51:19.885+0000] {taskinstance.py:2582} INFO - 0 downstream tasks scheduled from follow-on schedule check
