[2022-12-14T15:02:40.492+0000] {taskinstance.py:1087} INFO - Dependencies all met for <TaskInstance: incident_etl.load_to_bq manual__2022-12-14T15:02:27.927519+00:00 [queued]>
[2022-12-14T15:02:40.506+0000] {taskinstance.py:1087} INFO - Dependencies all met for <TaskInstance: incident_etl.load_to_bq manual__2022-12-14T15:02:27.927519+00:00 [queued]>
[2022-12-14T15:02:40.506+0000] {taskinstance.py:1283} INFO - 
--------------------------------------------------------------------------------
[2022-12-14T15:02:40.506+0000] {taskinstance.py:1284} INFO - Starting attempt 1 of 1
[2022-12-14T15:02:40.507+0000] {taskinstance.py:1285} INFO - 
--------------------------------------------------------------------------------
[2022-12-14T15:02:40.524+0000] {taskinstance.py:1304} INFO - Executing <Task(GCSToBigQueryOperator): load_to_bq> on 2022-12-14 15:02:27.927519+00:00
[2022-12-14T15:02:40.532+0000] {standard_task_runner.py:55} INFO - Started process 24011 to run task
[2022-12-14T15:02:40.536+0000] {standard_task_runner.py:82} INFO - Running: ['***', 'tasks', 'run', 'incident_etl', 'load_to_bq', 'manual__2022-12-14T15:02:27.927519+00:00', '--job-id', '74', '--raw', '--subdir', 'DAGS_FOLDER/dag_etl_incident.py', '--cfg-path', '/tmp/tmpemfv33_0']
[2022-12-14T15:02:40.537+0000] {standard_task_runner.py:83} INFO - Job 74: Subtask load_to_bq
[2022-12-14T15:02:40.616+0000] {task_command.py:389} INFO - Running <TaskInstance: incident_etl.load_to_bq manual__2022-12-14T15:02:27.927519+00:00 [running]> on host 1f859f359fd5
[2022-12-14T15:02:40.711+0000] {taskinstance.py:1513} INFO - Exporting the following env vars:
AIRFLOW_CTX_DAG_OWNER=noe
AIRFLOW_CTX_DAG_ID=incident_etl
AIRFLOW_CTX_TASK_ID=load_to_bq
AIRFLOW_CTX_EXECUTION_DATE=2022-12-14T15:02:27.927519+00:00
AIRFLOW_CTX_TRY_NUMBER=1
AIRFLOW_CTX_DAG_RUN_ID=manual__2022-12-14T15:02:27.927519+00:00
[2022-12-14T15:02:40.726+0000] {base.py:73} INFO - Using connection ID 'google_cloud_default' for task execution.
[2022-12-14T15:02:40.739+0000] {base.py:73} INFO - Using connection ID 'google_cloud_default' for task execution.
[2022-12-14T15:02:40.740+0000] {gcs_to_bigquery.py:367} INFO - Using existing BigQuery table for storing data...
[2022-12-14T15:02:40.754+0000] {base.py:73} INFO - Using connection ID 'google_cloud_default' for task execution.
[2022-12-14T15:02:43.793+0000] {gcs_to_bigquery.py:397} INFO - Executing: {'load': {'autodetect': True, 'createDisposition': 'CREATE_IF_NEEDED', 'destinationTable': {'projectId': 'midyear-cursor-371415', 'datasetId': 'bus_dataset', 'tableId': 'staging__incident'}, 'destinationTableProperties': {'description': None, 'labels': None}, 'sourceFormat': 'CSV', 'skipLeadingRows': 1, 'sourceUris': ['gs://etl-***-incident-bucket/bus_incident.csv'], 'writeDisposition': 'WRITE_TRUNCATE', 'ignoreUnknownValues': False, 'allowQuotedNewlines': False, 'encoding': 'UTF-8'}}
[2022-12-14T15:02:43.795+0000] {bigquery.py:1539} INFO - Inserting job ***_incident_etl_load_to_bq_2022_12_14T15_02_27_927519_00_00_807bee01b785a11ac993c97bbca25b63
[2022-12-14T15:02:53.601+0000] {base.py:73} INFO - Using connection ID 'google_cloud_default' for task execution.
[2022-12-14T15:02:54.489+0000] {taskinstance.py:1327} INFO - Marking task as SUCCESS. dag_id=incident_etl, task_id=load_to_bq, execution_date=20221214T150227, start_date=20221214T150240, end_date=20221214T150254
[2022-12-14T15:02:55.367+0000] {local_task_job.py:159} INFO - Task exited with return code 0
[2022-12-14T15:02:55.403+0000] {taskinstance.py:2582} INFO - 0 downstream tasks scheduled from follow-on schedule check
